# JRE version: Java(TM) SE Runtime Environment (8.0_131-b11) (build 1.8.0_131-b11)
# Java VM: Java HotSpot(TM) 64-Bit Server VM (25.131-b11 mixed mode windows-amd64 compressed oops)
Heap:
 PSYoungGen      total 159232K, used 28075K [0x00000000e0000000, 0x00000000ec480000, 0x0000000100000000)
  eden space 140288K, 20% used [0x00000000e0000000,0x00000000e1b6aec0,0x00000000e8900000)
  from space 18944K, 0% used [0x00000000e9c80000,0x00000000e9c80000,0x00000000eaf00000)
  to   space 19968K, 0% used [0x00000000e8900000,0x00000000e8900000,0x00000000e9c80000)
 ParOldGen       total 102400K, used 46685K [0x00000000a0000000, 0x00000000a6400000, 0x00000000e0000000)
  object space 102400K, 45% used [0x00000000a0000000,0x00000000a2d977a0,0x00000000a6400000)
 Metaspace       used 61044K, capacity 62608K, committed 62848K, reserved 1103872K
  class space    used 8184K, capacity 8573K, committed 8576K, reserved 1048576K
GC Heap History (10 events):
Event: 16.264 GC heap before
{Heap before GC invocations=13 (full 2):
 PSYoungGen      total 110592K, used 110197K [0x00000000e0000000, 0x00000000e8400000, 0x0000000100000000)
  eden space 100864K, 100% used [0x00000000e0000000,0x00000000e6280000,0x00000000e6280000)
  from space 9728K, 95% used [0x00000000e7a80000,0x00000000e839d5e0,0x00000000e8400000)
  to   space 10752K, 0% used [0x00000000e6f00000,0x00000000e6f00000,0x00000000e7980000)
 ParOldGen       total 102400K, used 17316K [0x00000000a0000000, 0x00000000a6400000, 0x00000000e0000000)
  object space 102400K, 16% used [0x00000000a0000000,0x00000000a10e9098,0x00000000a6400000)
 Metaspace       used 47903K, capacity 49246K, committed 49408K, reserved 1091584K
  class space    used 6543K, capacity 6856K, committed 6912K, reserved 1048576K
Event: 16.295 GC heap after
Heap after GC invocations=13 (full 2):
 PSYoungGen      total 124416K, used 10721K [0x00000000e0000000, 0x00000000e9300000, 0x0000000100000000)
  eden space 113664K, 0% used [0x00000000e0000000,0x00000000e0000000,0x00000000e6f00000)
  from space 10752K, 99% used [0x00000000e6f00000,0x00000000e7978490,0x00000000e7980000)
  to   space 13824K, 0% used [0x00000000e8580000,0x00000000e8580000,0x00000000e9300000)
 ParOldGen       total 102400K, used 22755K [0x00000000a0000000, 0x00000000a6400000, 0x00000000e0000000)
  object space 102400K, 22% used [0x00000000a0000000,0x00000000a1638e38,0x00000000a6400000)
 Metaspace       used 47903K, capacity 49246K, committed 49408K, reserved 1091584K
  class space    used 6543K, capacity 6856K, committed 6912K, reserved 1048576K
}
Event: 22.224 GC heap before
{Heap before GC invocations=14 (full 2):
 PSYoungGen      total 124416K, used 124385K [0x00000000e0000000, 0x00000000e9300000, 0x0000000100000000)
  eden space 113664K, 100% used [0x00000000e0000000,0x00000000e6f00000,0x00000000e6f00000)
  from space 10752K, 99% used [0x00000000e6f00000,0x00000000e7978490,0x00000000e7980000)
  to   space 13824K, 0% used [0x00000000e8580000,0x00000000e8580000,0x00000000e9300000)
 ParOldGen       total 102400K, used 22755K [0x00000000a0000000, 0x00000000a6400000, 0x00000000e0000000)
  object space 102400K, 22% used [0x00000000a0000000,0x00000000a1638e38,0x00000000a6400000)
 Metaspace       used 53987K, capacity 55520K, committed 55680K, reserved 1097728K
  class space    used 7349K, capacity 7733K, committed 7808K, reserved 1048576K
Event: 22.243 GC heap after
Heap after GC invocations=14 (full 2):
 PSYoungGen      total 133120K, used 13810K [0x00000000e0000000, 0x00000000ea680000, 0x0000000100000000)
  eden space 119296K, 0% used [0x00000000e0000000,0x00000000e0000000,0x00000000e7480000)
  from space 13824K, 99% used [0x00000000e8580000,0x00000000e92fc898,0x00000000e9300000)
  to   space 17408K, 0% used [0x00000000e7480000,0x00000000e7480000,0x00000000e8580000)
 ParOldGen       total 102400K, used 27942K [0x00000000a0000000, 0x00000000a6400000, 0x00000000e0000000)
  object space 102400K, 27% used [0x00000000a0000000,0x00000000a1b49a58,0x00000000a6400000)
 Metaspace       used 53987K, capacity 55520K, committed 55680K, reserved 1097728K
  class space    used 7349K, capacity 7733K, committed 7808K, reserved 1048576K
}
Event: 25.342 GC heap before
{Heap before GC invocations=15 (full 2):
 PSYoungGen      total 133120K, used 133106K [0x00000000e0000000, 0x00000000ea680000, 0x0000000100000000)
  eden space 119296K, 100% used [0x00000000e0000000,0x00000000e7480000,0x00000000e7480000)
  from space 13824K, 99% used [0x00000000e8580000,0x00000000e92fc898,0x00000000e9300000)
  to   space 17408K, 0% used [0x00000000e7480000,0x00000000e7480000,0x00000000e8580000)
 ParOldGen       total 102400K, used 27942K [0x00000000a0000000, 0x00000000a6400000, 0x00000000e0000000)
  object space 102400K, 27% used [0x00000000a0000000,0x00000000a1b49a58,0x00000000a6400000)
 Metaspace       used 56789K, capacity 58326K, committed 58368K, reserved 1099776K
  class space    used 7814K, capacity 8190K, committed 8192K, reserved 1048576K
Event: 25.365 GC heap after
Heap after GC invocations=15 (full 2):
 PSYoungGen      total 136704K, used 15592K [0x00000000e0000000, 0x00000000eaf00000, 0x0000000100000000)
  eden space 119296K, 0% used [0x00000000e0000000,0x00000000e0000000,0x00000000e7480000)
  from space 17408K, 89% used [0x00000000e7480000,0x00000000e83ba0e8,0x00000000e8580000)
  to   space 18944K, 0% used [0x00000000e9c80000,0x00000000e9c80000,0x00000000eaf00000)
 ParOldGen       total 102400K, used 37913K [0x00000000a0000000, 0x00000000a6400000, 0x00000000e0000000)
  object space 102400K, 37% used [0x00000000a0000000,0x00000000a2506498,0x00000000a6400000)
 Metaspace       used 56789K, capacity 58326K, committed 58368K, reserved 1099776K
  class space    used 7814K, capacity 8190K, committed 8192K, reserved 1048576K
}
Event: 25.474 GC heap before
{Heap before GC invocations=16 (full 2):
 PSYoungGen      total 136704K, used 20454K [0x00000000e0000000, 0x00000000eaf00000, 0x0000000100000000)
  eden space 119296K, 4% used [0x00000000e0000000,0x00000000e04bf9a8,0x00000000e7480000)
  from space 17408K, 89% used [0x00000000e7480000,0x00000000e83ba0e8,0x00000000e8580000)
  to   space 18944K, 0% used [0x00000000e9c80000,0x00000000e9c80000,0x00000000eaf00000)
 ParOldGen       total 102400K, used 37913K [0x00000000a0000000, 0x00000000a6400000, 0x00000000e0000000)
  object space 102400K, 37% used [0x00000000a0000000,0x00000000a2506498,0x00000000a6400000)
 Metaspace       used 57439K, capacity 58934K, committed 59096K, reserved 1099776K
  class space    used 7846K, capacity 8222K, committed 8320K, reserved 1048576K
Event: 25.485 GC heap after
Heap after GC invocations=16 (full 2):
 PSYoungGen      total 159232K, used 13521K [0x00000000e0000000, 0x00000000ec480000, 0x0000000100000000)
  eden space 140288K, 0% used [0x00000000e0000000,0x00000000e0000000,0x00000000e8900000)
  from space 18944K, 71% used [0x00000000e9c80000,0x00000000ea9b44f8,0x00000000eaf00000)
  to   space 19968K, 0% used [0x00000000e8900000,0x00000000e8900000,0x00000000e9c80000)
 ParOldGen       total 102400K, used 37921K [0x00000000a0000000, 0x00000000a6400000, 0x00000000e0000000)
  object space 102400K, 37% used [0x00000000a0000000,0x00000000a2508498,0x00000000a6400000)
 Metaspace       used 57439K, capacity 58934K, committed 59096K, reserved 1099776K
  class space    used 7846K, capacity 8222K, committed 8320K, reserved 1048576K
}
Event: 25.485 GC heap before
{Heap before GC invocations=17 (full 3):
 PSYoungGen      total 159232K, used 13521K [0x00000000e0000000, 0x00000000ec480000, 0x0000000100000000)
  eden space 140288K, 0% used [0x00000000e0000000,0x00000000e0000000,0x00000000e8900000)
  from space 18944K, 71% used [0x00000000e9c80000,0x00000000ea9b44f8,0x00000000eaf00000)
  to   space 19968K, 0% used [0x00000000e8900000,0x00000000e8900000,0x00000000e9c80000)
 ParOldGen       total 102400K, used 37921K [0x00000000a0000000, 0x00000000a6400000, 0x00000000e0000000)
  object space 102400K, 37% used [0x00000000a0000000,0x00000000a2508498,0x00000000a6400000)
 Metaspace       used 57439K, capacity 58934K, committed 59096K, reserved 1099776K
  class space    used 7846K, capacity 8222K, committed 8320K, reserved 1048576K
Event: 25.854 GC heap after
Heap after GC invocations=17 (full 3):
 PSYoungGen      total 159232K, used 0K [0x00000000e0000000, 0x00000000ec480000, 0x0000000100000000)
  eden space 140288K, 0% used [0x00000000e0000000,0x00000000e0000000,0x00000000e8900000)
  from space 18944K, 0% used [0x00000000e9c80000,0x00000000e9c80000,0x00000000eaf00000)
  to   space 19968K, 0% used [0x00000000e8900000,0x00000000e8900000,0x00000000e9c80000)
 ParOldGen       total 102400K, used 46685K [0x00000000a0000000, 0x00000000a6400000, 0x00000000e0000000)
  object space 102400K, 45% used [0x00000000a0000000,0x00000000a2d977a0,0x00000000a6400000)
 Metaspace       used 57437K, capacity 58928K, committed 59096K, reserved 1099776K
  class space    used 7845K, capacity 8221K, committed 8320K, reserved 1048576K
}

