# JRE version: Java(TM) SE Runtime Environment (8.0_131-b11) (build 1.8.0_131-b11)
# Java VM: Java HotSpot(TM) 64-Bit Server VM (25.131-b11 mixed mode windows-amd64 compressed oops)
Heap:
 PSYoungGen      total 366080K, used 248018K [0x00000000e0000000, 0x0000000100000000, 0x0000000100000000)
  eden space 323584K, 76% used [0x00000000e0000000,0x00000000ef234a10,0x00000000f3c00000)
  from space 42496K, 0% used [0x00000000fd680000,0x00000000fd680000,0x0000000100000000)
  to   space 100352K, 0% used [0x00000000f3c00000,0x00000000f3c00000,0x00000000f9e00000)
 ParOldGen       total 202240K, used 202200K [0x00000000a0000000, 0x00000000ac580000, 0x00000000e0000000)
  object space 202240K, 99% used [0x00000000a0000000,0x00000000ac576328,0x00000000ac580000)
 Metaspace       used 68016K, capacity 69766K, committed 70144K, reserved 1110016K
  class space    used 8981K, capacity 9348K, committed 9472K, reserved 1048576K
GC Heap History (10 events):
Event: 954.444 GC heap before
{Heap before GC invocations=26 (full 6):
 PSYoungGen      total 366080K, used 42496K [0x00000000e0000000, 0x0000000100000000, 0x0000000100000000)
  eden space 323584K, 0% used [0x00000000e0000000,0x00000000e0000000,0x00000000f3c00000)
  from space 42496K, 100% used [0x00000000fd680000,0x0000000100000000,0x0000000100000000)
  to   space 100352K, 0% used [0x00000000f3c00000,0x00000000f3c00000,0x00000000f9e00000)
 ParOldGen       total 202240K, used 201232K [0x00000000a0000000, 0x00000000ac580000, 0x00000000e0000000)
  object space 202240K, 99% used [0x00000000a0000000,0x00000000ac484198,0x00000000ac580000)
 Metaspace       used 66267K, capacity 68006K, committed 68224K, reserved 1107968K
  class space    used 8882K, capacity 9252K, committed 9344K, reserved 1048576K
Event: 956.198 GC heap after
Heap after GC invocations=26 (full 6):
 PSYoungGen      total 366080K, used 30672K [0x00000000e0000000, 0x0000000100000000, 0x0000000100000000)
  eden space 323584K, 0% used [0x00000000e0000000,0x00000000e0000000,0x00000000f3c00000)
  from space 42496K, 72% used [0x00000000fd680000,0x00000000ff474390,0x0000000100000000)
  to   space 100352K, 0% used [0x00000000f3c00000,0x00000000f3c00000,0x00000000f9e00000)
 ParOldGen       total 202240K, used 202107K [0x00000000a0000000, 0x00000000ac580000, 0x00000000e0000000)
  object space 202240K, 99% used [0x00000000a0000000,0x00000000ac55efe8,0x00000000ac580000)
 Metaspace       used 66267K, capacity 68006K, committed 68224K, reserved 1107968K
  class space    used 8882K, capacity 9252K, committed 9344K, reserved 1048576K
}
Event: 957.107 GC heap before
{Heap before GC invocations=27 (full 7):
 PSYoungGen      total 366080K, used 354256K [0x00000000e0000000, 0x0000000100000000, 0x0000000100000000)
  eden space 323584K, 100% used [0x00000000e0000000,0x00000000f3c00000,0x00000000f3c00000)
  from space 42496K, 72% used [0x00000000fd680000,0x00000000ff474390,0x0000000100000000)
  to   space 100352K, 0% used [0x00000000f3c00000,0x00000000f3c00000,0x00000000f9e00000)
 ParOldGen       total 202240K, used 202107K [0x00000000a0000000, 0x00000000ac580000, 0x00000000e0000000)
  object space 202240K, 99% used [0x00000000a0000000,0x00000000ac55efe8,0x00000000ac580000)
 Metaspace       used 66330K, capacity 68070K, committed 68480K, reserved 1107968K
  class space    used 8882K, capacity 9252K, committed 9344K, reserved 1048576K
Event: 958.001 GC heap after
Heap after GC invocations=27 (full 7):
 PSYoungGen      total 366080K, used 34199K [0x00000000e0000000, 0x0000000100000000, 0x0000000100000000)
  eden space 323584K, 10% used [0x00000000e0000000,0x00000000e2165ed0,0x00000000f3c00000)
  from space 42496K, 0% used [0x00000000fd680000,0x00000000fd680000,0x0000000100000000)
  to   space 100352K, 0% used [0x00000000f3c00000,0x00000000f3c00000,0x00000000f9e00000)
 ParOldGen       total 202240K, used 202210K [0x00000000a0000000, 0x00000000ac580000, 0x00000000e0000000)
  object space 202240K, 99% used [0x00000000a0000000,0x00000000ac578a50,0x00000000ac580000)
 Metaspace       used 66330K, capacity 68070K, committed 68480K, reserved 1107968K
  class space    used 8882K, capacity 9252K, committed 9344K, reserved 1048576K
}
Event: 958.619 GC heap before
{Heap before GC invocations=28 (full 8):
 PSYoungGen      total 366080K, used 323584K [0x00000000e0000000, 0x0000000100000000, 0x0000000100000000)
  eden space 323584K, 100% used [0x00000000e0000000,0x00000000f3c00000,0x00000000f3c00000)
  from space 42496K, 0% used [0x00000000fd680000,0x00000000fd680000,0x0000000100000000)
  to   space 100352K, 0% used [0x00000000f3c00000,0x00000000f3c00000,0x00000000f9e00000)
 ParOldGen       total 202240K, used 202210K [0x00000000a0000000, 0x00000000ac580000, 0x00000000e0000000)
  object space 202240K, 99% used [0x00000000a0000000,0x00000000ac578a50,0x00000000ac580000)
 Metaspace       used 66353K, capacity 68134K, committed 68480K, reserved 1107968K
  class space    used 8884K, capacity 9252K, committed 9344K, reserved 1048576K
Event: 959.695 GC heap after
Heap after GC invocations=28 (full 8):
 PSYoungGen      total 366080K, used 39083K [0x00000000e0000000, 0x0000000100000000, 0x0000000100000000)
  eden space 323584K, 12% used [0x00000000e0000000,0x00000000e262ade8,0x00000000f3c00000)
  from space 42496K, 0% used [0x00000000fd680000,0x00000000fd680000,0x0000000100000000)
  to   space 100352K, 0% used [0x00000000f3c00000,0x00000000f3c00000,0x00000000f9e00000)
 ParOldGen       total 202240K, used 201964K [0x00000000a0000000, 0x00000000ac580000, 0x00000000e0000000)
  object space 202240K, 99% used [0x00000000a0000000,0x00000000ac53b190,0x00000000ac580000)
 Metaspace       used 66353K, capacity 68134K, committed 68480K, reserved 1107968K
  class space    used 8884K, capacity 9252K, committed 9344K, reserved 1048576K
}
Event: 961.341 GC heap before
{Heap before GC invocations=29 (full 9):
 PSYoungGen      total 366080K, used 323584K [0x00000000e0000000, 0x0000000100000000, 0x0000000100000000)
  eden space 323584K, 100% used [0x00000000e0000000,0x00000000f3c00000,0x00000000f3c00000)
  from space 42496K, 0% used [0x00000000fd680000,0x00000000fd680000,0x0000000100000000)
  to   space 100352K, 0% used [0x00000000f3c00000,0x00000000f3c00000,0x00000000f9e00000)
 ParOldGen       total 202240K, used 201964K [0x00000000a0000000, 0x00000000ac580000, 0x00000000e0000000)
  object space 202240K, 99% used [0x00000000a0000000,0x00000000ac53b190,0x00000000ac580000)
 Metaspace       used 67260K, capacity 69030K, committed 69248K, reserved 1110016K
  class space    used 8948K, capacity 9316K, committed 9344K, reserved 1048576K
Event: 962.391 GC heap after
Heap after GC invocations=29 (full 9):
 PSYoungGen      total 366080K, used 42843K [0x00000000e0000000, 0x0000000100000000, 0x0000000100000000)
  eden space 323584K, 13% used [0x00000000e0000000,0x00000000e29d6e90,0x00000000f3c00000)
  from space 42496K, 0% used [0x00000000fd680000,0x00000000fd680000,0x0000000100000000)
  to   space 100352K, 0% used [0x00000000f3c00000,0x00000000f3c00000,0x00000000f9e00000)
 ParOldGen       total 202240K, used 202221K [0x00000000a0000000, 0x00000000ac580000, 0x00000000e0000000)
  object space 202240K, 99% used [0x00000000a0000000,0x00000000ac57b7e0,0x00000000ac580000)
 Metaspace       used 67260K, capacity 69030K, committed 69248K, reserved 1110016K
  class space    used 8948K, capacity 9316K, committed 9344K, reserved 1048576K
}
Event: 963.080 GC heap before
{Heap before GC invocations=30 (full 10):
 PSYoungGen      total 366080K, used 323584K [0x00000000e0000000, 0x0000000100000000, 0x0000000100000000)
  eden space 323584K, 100% used [0x00000000e0000000,0x00000000f3c00000,0x00000000f3c00000)
  from space 42496K, 0% used [0x00000000fd680000,0x00000000fd680000,0x0000000100000000)
  to   space 100352K, 0% used [0x00000000f3c00000,0x00000000f3c00000,0x00000000f9e00000)
 ParOldGen       total 202240K, used 202221K [0x00000000a0000000, 0x00000000ac580000, 0x00000000e0000000)
  object space 202240K, 99% used [0x00000000a0000000,0x00000000ac57b7e0,0x00000000ac580000)
 Metaspace       used 67286K, capacity 69030K, committed 69248K, reserved 1110016K
  class space    used 8948K, capacity 9316K, committed 9344K, reserved 1048576K
Event: 963.985 GC heap after
Heap after GC invocations=30 (full 10):
 PSYoungGen      total 366080K, used 25376K [0x00000000e0000000, 0x0000000100000000, 0x0000000100000000)
  eden space 323584K, 7% used [0x00000000e0000000,0x00000000e18c81a8,0x00000000f3c00000)
  from space 42496K, 0% used [0x00000000fd680000,0x00000000fd680000,0x0000000100000000)
  to   space 100352K, 0% used [0x00000000f3c00000,0x00000000f3c00000,0x00000000f9e00000)
 ParOldGen       total 202240K, used 202200K [0x00000000a0000000, 0x00000000ac580000, 0x00000000e0000000)
  object space 202240K, 99% used [0x00000000a0000000,0x00000000ac576328,0x00000000ac580000)
 Metaspace       used 67286K, capacity 69030K, committed 69248K, reserved 1110016K
  class space    used 8948K, capacity 9316K, committed 9344K, reserved 1048576K
}

