# JRE version: Java(TM) SE Runtime Environment (8.0_131-b11) (build 1.8.0_131-b11)
# Java VM: Java HotSpot(TM) 64-Bit Server VM (25.131-b11 mixed mode windows-amd64 compressed oops)
Heap:
 PSYoungGen      total 284160K, used 169419K [0x00000000e0000000, 0x00000000f9d00000, 0x0000000100000000)
  eden space 205312K, 44% used [0x00000000e0000000,0x00000000e587aec8,0x00000000ec880000)
  from space 78848K, 99% used [0x00000000f5000000,0x00000000f9cf8030,0x00000000f9d00000)
  to   space 70656K, 0% used [0x00000000ec880000,0x00000000ec880000,0x00000000f0d80000)
 ParOldGen       total 203776K, used 142054K [0x00000000a0000000, 0x00000000ac700000, 0x00000000e0000000)
  object space 203776K, 69% used [0x00000000a0000000,0x00000000a8ab98b8,0x00000000ac700000)
 Metaspace       used 70832K, capacity 72564K, committed 76288K, reserved 1116160K
  class space    used 9366K, capacity 9723K, committed 10496K, reserved 1048576K
GC Heap History (10 events):
Event: 1801.749 GC heap before
{Heap before GC invocations=28 (full 3):
 PSYoungGen      total 214528K, used 202021K [0x00000000e0000000, 0x00000000f1980000, 0x0000000100000000)
  eden space 159232K, 100% used [0x00000000e0000000,0x00000000e9b80000,0x00000000e9b80000)
  from space 55296K, 77% used [0x00000000ed600000,0x00000000effc94d0,0x00000000f0c00000)
  to   space 59904K, 0% used [0x00000000e9b80000,0x00000000e9b80000,0x00000000ed600000)
 ParOldGen       total 103424K, used 71385K [0x00000000a0000000, 0x00000000a6500000, 0x00000000e0000000)
  object space 103424K, 69% used [0x00000000a0000000,0x00000000a45b6748,0x00000000a6500000)
 Metaspace       used 73050K, capacity 75682K, committed 76032K, reserved 1114112K
  class space    used 9783K, capacity 10400K, committed 10496K, reserved 1048576K
Event: 1801.853 GC heap after
Heap after GC invocations=28 (full 3):
 PSYoungGen      total 219136K, used 43938K [0x00000000e0000000, 0x00000000f5400000, 0x0000000100000000)
  eden space 159232K, 0% used [0x00000000e0000000,0x00000000e0000000,0x00000000e9b80000)
  from space 59904K, 73% used [0x00000000e9b80000,0x00000000ec668ab8,0x00000000ed600000)
  to   space 63488K, 0% used [0x00000000f1600000,0x00000000f1600000,0x00000000f5400000)
 ParOldGen       total 103424K, used 83042K [0x00000000a0000000, 0x00000000a6500000, 0x00000000e0000000)
  object space 103424K, 80% used [0x00000000a0000000,0x00000000a51189d8,0x00000000a6500000)
 Metaspace       used 73050K, capacity 75682K, committed 76032K, reserved 1114112K
  class space    used 9783K, capacity 10400K, committed 10496K, reserved 1048576K
}
Event: 1804.881 GC heap before
{Heap before GC invocations=29 (full 3):
 PSYoungGen      total 219136K, used 203170K [0x00000000e0000000, 0x00000000f5400000, 0x0000000100000000)
  eden space 159232K, 100% used [0x00000000e0000000,0x00000000e9b80000,0x00000000e9b80000)
  from space 59904K, 73% used [0x00000000e9b80000,0x00000000ec668ab8,0x00000000ed600000)
  to   space 63488K, 0% used [0x00000000f1600000,0x00000000f1600000,0x00000000f5400000)
 ParOldGen       total 103424K, used 83044K [0x00000000a0000000, 0x00000000a6500000, 0x00000000e0000000)
  object space 103424K, 80% used [0x00000000a0000000,0x00000000a51192a8,0x00000000a6500000)
 Metaspace       used 73372K, capacity 75938K, committed 76288K, reserved 1116160K
  class space    used 9797K, capacity 10400K, committed 10496K, reserved 1048576K
Event: 1804.978 GC heap after
Heap after GC invocations=29 (full 3):
 PSYoungGen      total 267264K, used 54450K [0x00000000e0000000, 0x00000000f5280000, 0x0000000100000000)
  eden space 205312K, 0% used [0x00000000e0000000,0x00000000e0000000,0x00000000ec880000)
  from space 61952K, 87% used [0x00000000f1600000,0x00000000f4b2ca00,0x00000000f5280000)
  to   space 70656K, 0% used [0x00000000ec880000,0x00000000ec880000,0x00000000f0d80000)
 ParOldGen       total 103424K, used 91335K [0x00000000a0000000, 0x00000000a6500000, 0x00000000e0000000)
  object space 103424K, 88% used [0x00000000a0000000,0x00000000a5931e88,0x00000000a6500000)
 Metaspace       used 73372K, capacity 75938K, committed 76288K, reserved 1116160K
  class space    used 9797K, capacity 10400K, committed 10496K, reserved 1048576K
}
Event: 1804.978 GC heap before
{Heap before GC invocations=30 (full 4):
 PSYoungGen      total 267264K, used 54450K [0x00000000e0000000, 0x00000000f5280000, 0x0000000100000000)
  eden space 205312K, 0% used [0x00000000e0000000,0x00000000e0000000,0x00000000ec880000)
  from space 61952K, 87% used [0x00000000f1600000,0x00000000f4b2ca00,0x00000000f5280000)
  to   space 70656K, 0% used [0x00000000ec880000,0x00000000ec880000,0x00000000f0d80000)
 ParOldGen       total 103424K, used 91335K [0x00000000a0000000, 0x00000000a6500000, 0x00000000e0000000)
  object space 103424K, 88% used [0x00000000a0000000,0x00000000a5931e88,0x00000000a6500000)
 Metaspace       used 73372K, capacity 75938K, committed 76288K, reserved 1116160K
  class space    used 9797K, capacity 10400K, committed 10496K, reserved 1048576K
Event: 1805.887 GC heap after
Heap after GC invocations=30 (full 4):
 PSYoungGen      total 267264K, used 5367K [0x00000000e0000000, 0x00000000f5280000, 0x0000000100000000)
  eden space 205312K, 0% used [0x00000000e0000000,0x00000000e0000000,0x00000000ec880000)
  from space 61952K, 8% used [0x00000000f1600000,0x00000000f1b3ddd0,0x00000000f5280000)
  to   space 70656K, 0% used [0x00000000ec880000,0x00000000ec880000,0x00000000f0d80000)
 ParOldGen       total 203776K, used 102977K [0x00000000a0000000, 0x00000000ac700000, 0x00000000e0000000)
  object space 203776K, 50% used [0x00000000a0000000,0x00000000a64906f0,0x00000000ac700000)
 Metaspace       used 70606K, capacity 72312K, committed 76288K, reserved 1116160K
  class space    used 9352K, capacity 9713K, committed 10496K, reserved 1048576K
}
Event: 1807.964 GC heap before
{Heap before GC invocations=31 (full 4):
 PSYoungGen      total 267264K, used 210679K [0x00000000e0000000, 0x00000000f5280000, 0x0000000100000000)
  eden space 205312K, 100% used [0x00000000e0000000,0x00000000ec880000,0x00000000ec880000)
  from space 61952K, 8% used [0x00000000f1600000,0x00000000f1b3ddd0,0x00000000f5280000)
  to   space 70656K, 0% used [0x00000000ec880000,0x00000000ec880000,0x00000000f0d80000)
 ParOldGen       total 203776K, used 102977K [0x00000000a0000000, 0x00000000ac700000, 0x00000000e0000000)
  object space 203776K, 50% used [0x00000000a0000000,0x00000000a64906f0,0x00000000ac700000)
 Metaspace       used 70723K, capacity 72436K, committed 76288K, reserved 1116160K
  class space    used 9358K, capacity 9723K, committed 10496K, reserved 1048576K
Event: 1808.269 GC heap after
Heap after GC invocations=31 (full 4):
 PSYoungGen      total 275968K, used 62617K [0x00000000e0000000, 0x00000000f9d00000, 0x0000000100000000)
  eden space 205312K, 0% used [0x00000000e0000000,0x00000000e0000000,0x00000000ec880000)
  from space 70656K, 88% used [0x00000000ec880000,0x00000000f05a65e0,0x00000000f0d80000)
  to   space 78848K, 0% used [0x00000000f5000000,0x00000000f5000000,0x00000000f9d00000)
 ParOldGen       total 203776K, used 103777K [0x00000000a0000000, 0x00000000ac700000, 0x00000000e0000000)
  object space 203776K, 50% used [0x00000000a0000000,0x00000000a6558730,0x00000000ac700000)
 Metaspace       used 70723K, capacity 72436K, committed 76288K, reserved 1116160K
  class space    used 9358K, capacity 9723K, committed 10496K, reserved 1048576K
}
Event: 1809.279 GC heap before
{Heap before GC invocations=32 (full 4):
 PSYoungGen      total 275968K, used 267929K [0x00000000e0000000, 0x00000000f9d00000, 0x0000000100000000)
  eden space 205312K, 100% used [0x00000000e0000000,0x00000000ec880000,0x00000000ec880000)
  from space 70656K, 88% used [0x00000000ec880000,0x00000000f05a65e0,0x00000000f0d80000)
  to   space 78848K, 0% used [0x00000000f5000000,0x00000000f5000000,0x00000000f9d00000)
 ParOldGen       total 203776K, used 103777K [0x00000000a0000000, 0x00000000ac700000, 0x00000000e0000000)
  object space 203776K, 50% used [0x00000000a0000000,0x00000000a6558730,0x00000000ac700000)
 Metaspace       used 70777K, capacity 72500K, committed 76288K, reserved 1116160K
  class space    used 9358K, capacity 9723K, committed 10496K, reserved 1048576K
Event: 1809.594 GC heap after
Heap after GC invocations=32 (full 4):
 PSYoungGen      total 284160K, used 78816K [0x00000000e0000000, 0x00000000f9d00000, 0x0000000100000000)
  eden space 205312K, 0% used [0x00000000e0000000,0x00000000e0000000,0x00000000ec880000)
  from space 78848K, 99% used [0x00000000f5000000,0x00000000f9cf8030,0x00000000f9d00000)
  to   space 70656K, 0% used [0x00000000ec880000,0x00000000ec880000,0x00000000f0d80000)
 ParOldGen       total 203776K, used 142054K [0x00000000a0000000, 0x00000000ac700000, 0x00000000e0000000)
  object space 203776K, 69% used [0x00000000a0000000,0x00000000a8ab98b8,0x00000000ac700000)
 Metaspace       used 70777K, capacity 72500K, committed 76288K, reserved 1116160K
  class space    used 9358K, capacity 9723K, committed 10496K, reserved 1048576K
}

