# JRE version: Java(TM) SE Runtime Environment (8.0_131-b11) (build 1.8.0_131-b11)
# Java VM: Java HotSpot(TM) 64-Bit Server VM (25.131-b11 mixed mode windows-amd64 compressed oops)
Heap:
 PSYoungGen      total 272896K, used 272893K [0x00000000e0000000, 0x00000000f7d80000, 0x0000000100000000)
  eden space 212992K, 100% used [0x00000000e0000000,0x00000000ed000000,0x00000000ed000000)
  from space 59904K, 99% used [0x00000000f4300000,0x00000000f7d7f638,0x00000000f7d80000)
  to   space 49152K, 99% used [0x00000000ed000000,0x00000000efff84a8,0x00000000f0000000)
 ParOldGen       total 110080K, used 110078K [0x00000000a0000000, 0x00000000a6b80000, 0x00000000e0000000)
  object space 110080K, 99% used [0x00000000a0000000,0x00000000a6b7fbb0,0x00000000a6b80000)
 Metaspace       used 75264K, capacity 78338K, committed 78552K, reserved 1118208K
  class space    used 10057K, capacity 10725K, committed 10752K, reserved 1048576K
GC Heap History (10 events):
Event: 855.507 GC heap after
Heap after GC invocations=25 (full 5):
 PSYoungGen      total 218624K, used 12312K [0x00000000e0000000, 0x00000000efe00000, 0x0000000100000000)
  eden space 203776K, 0% used [0x00000000e0000000,0x00000000e0000000,0x00000000ec700000)
  from space 14848K, 82% used [0x00000000eef80000,0x00000000efb86270,0x00000000efe00000)
  to   space 28160K, 0% used [0x00000000ec700000,0x00000000ec700000,0x00000000ee280000)
 ParOldGen       total 105984K, used 44608K [0x00000000a0000000, 0x00000000a6780000, 0x00000000e0000000)
  object space 105984K, 42% used [0x00000000a0000000,0x00000000a2b90370,0x00000000a6780000)
 Metaspace       used 63228K, capacity 66232K, committed 66520K, reserved 1105920K
  class space    used 8711K, capacity 9354K, committed 9472K, reserved 1048576K
}
Event: 859.610 GC heap before
{Heap before GC invocations=26 (full 5):
 PSYoungGen      total 218624K, used 216088K [0x00000000e0000000, 0x00000000efe00000, 0x0000000100000000)
  eden space 203776K, 100% used [0x00000000e0000000,0x00000000ec700000,0x00000000ec700000)
  from space 14848K, 82% used [0x00000000eef80000,0x00000000efb86270,0x00000000efe00000)
  to   space 28160K, 0% used [0x00000000ec700000,0x00000000ec700000,0x00000000ee280000)
 ParOldGen       total 105984K, used 44608K [0x00000000a0000000, 0x00000000a6780000, 0x00000000e0000000)
  object space 105984K, 42% used [0x00000000a0000000,0x00000000a2b90370,0x00000000a6780000)
 Metaspace       used 72227K, capacity 75354K, committed 75608K, reserved 1114112K
  class space    used 9636K, capacity 10297K, committed 10368K, reserved 1048576K
Event: 859.652 GC heap after
Heap after GC invocations=26 (full 5):
 PSYoungGen      total 231936K, used 28136K [0x00000000e0000000, 0x00000000f2380000, 0x0000000100000000)
  eden space 203776K, 0% used [0x00000000e0000000,0x00000000e0000000,0x00000000ec700000)
  from space 28160K, 99% used [0x00000000ec700000,0x00000000ee27a398,0x00000000ee280000)
  to   space 36352K, 0% used [0x00000000f0000000,0x00000000f0000000,0x00000000f2380000)
 ParOldGen       total 105984K, used 55587K [0x00000000a0000000, 0x00000000a6780000, 0x00000000e0000000)
  object space 105984K, 52% used [0x00000000a0000000,0x00000000a3648dc8,0x00000000a6780000)
 Metaspace       used 72227K, capacity 75354K, committed 75608K, reserved 1114112K
  class space    used 9636K, capacity 10297K, committed 10368K, reserved 1048576K
}
Event: 861.562 GC heap before
{Heap before GC invocations=27 (full 5):
 PSYoungGen      total 231936K, used 231912K [0x00000000e0000000, 0x00000000f2380000, 0x0000000100000000)
  eden space 203776K, 100% used [0x00000000e0000000,0x00000000ec700000,0x00000000ec700000)
  from space 28160K, 99% used [0x00000000ec700000,0x00000000ee27a398,0x00000000ee280000)
  to   space 36352K, 0% used [0x00000000f0000000,0x00000000f0000000,0x00000000f2380000)
 ParOldGen       total 105984K, used 55587K [0x00000000a0000000, 0x00000000a6780000, 0x00000000e0000000)
  object space 105984K, 52% used [0x00000000a0000000,0x00000000a3648dc8,0x00000000a6780000)
 Metaspace       used 74852K, capacity 77954K, committed 78296K, reserved 1116160K
  class space    used 10044K, capacity 10725K, committed 10752K, reserved 1048576K
Event: 861.630 GC heap after
Heap after GC invocations=27 (full 5):
 PSYoungGen      total 249344K, used 36333K [0x00000000e0000000, 0x00000000f4b00000, 0x0000000100000000)
  eden space 212992K, 0% used [0x00000000e0000000,0x00000000e0000000,0x00000000ed000000)
  from space 36352K, 99% used [0x00000000f0000000,0x00000000f237b658,0x00000000f2380000)
  to   space 49152K, 0% used [0x00000000ed000000,0x00000000ed000000,0x00000000f0000000)
 ParOldGen       total 105984K, used 73200K [0x00000000a0000000, 0x00000000a6780000, 0x00000000e0000000)
  object space 105984K, 69% used [0x00000000a0000000,0x00000000a477c2e0,0x00000000a6780000)
 Metaspace       used 74852K, capacity 77954K, committed 78296K, reserved 1116160K
  class space    used 10044K, capacity 10725K, committed 10752K, reserved 1048576K
}
Event: 862.169 GC heap before
{Heap before GC invocations=28 (full 5):
 PSYoungGen      total 249344K, used 249325K [0x00000000e0000000, 0x00000000f4b00000, 0x0000000100000000)
  eden space 212992K, 100% used [0x00000000e0000000,0x00000000ed000000,0x00000000ed000000)
  from space 36352K, 99% used [0x00000000f0000000,0x00000000f237b658,0x00000000f2380000)
  to   space 49152K, 0% used [0x00000000ed000000,0x00000000ed000000,0x00000000f0000000)
 ParOldGen       total 105984K, used 73204K [0x00000000a0000000, 0x00000000a6780000, 0x00000000e0000000)
  object space 105984K, 69% used [0x00000000a0000000,0x00000000a477d178,0x00000000a6780000)
 Metaspace       used 74887K, capacity 78018K, committed 78296K, reserved 1116160K
  class space    used 10044K, capacity 10725K, committed 10752K, reserved 1048576K
Event: 862.225 GC heap after
Heap after GC invocations=28 (full 5):
 PSYoungGen      total 262144K, used 49149K [0x00000000e0000000, 0x00000000f7d80000, 0x0000000100000000)
  eden space 212992K, 0% used [0x00000000e0000000,0x00000000e0000000,0x00000000ed000000)
  from space 49152K, 99% used [0x00000000ed000000,0x00000000effff678,0x00000000f0000000)
  to   space 59904K, 0% used [0x00000000f4300000,0x00000000f4300000,0x00000000f7d80000)
 ParOldGen       total 105984K, used 79086K [0x00000000a0000000, 0x00000000a6780000, 0x00000000e0000000)
  object space 105984K, 74% used [0x00000000a0000000,0x00000000a4d3b868,0x00000000a6780000)
 Metaspace       used 74887K, capacity 78018K, committed 78296K, reserved 1116160K
  class space    used 10044K, capacity 10725K, committed 10752K, reserved 1048576K
}
Event: 862.584 GC heap before
{Heap before GC invocations=29 (full 5):
 PSYoungGen      total 262144K, used 262141K [0x00000000e0000000, 0x00000000f7d80000, 0x0000000100000000)
  eden space 212992K, 100% used [0x00000000e0000000,0x00000000ed000000,0x00000000ed000000)
  from space 49152K, 99% used [0x00000000ed000000,0x00000000effff678,0x00000000f0000000)
  to   space 59904K, 0% used [0x00000000f4300000,0x00000000f4300000,0x00000000f7d80000)
 ParOldGen       total 105984K, used 79088K [0x00000000a0000000, 0x00000000a6780000, 0x00000000e0000000)
  object space 105984K, 74% used [0x00000000a0000000,0x00000000a4d3c000,0x00000000a6780000)
 Metaspace       used 75052K, capacity 78146K, committed 78552K, reserved 1118208K
  class space    used 10055K, capacity 10725K, committed 10752K, reserved 1048576K
Event: 862.665 GC heap after
Heap after GC invocations=29 (full 5):
 PSYoungGen      total 272896K, used 59901K [0x00000000e0000000, 0x00000000f7d80000, 0x0000000100000000)
  eden space 212992K, 0% used [0x00000000e0000000,0x00000000e0000000,0x00000000ed000000)
  from space 59904K, 99% used [0x00000000f4300000,0x00000000f7d7f638,0x00000000f7d80000)
  to   space 49152K, 0% used [0x00000000ed000000,0x00000000ed000000,0x00000000f0000000)
 ParOldGen       total 105984K, used 89131K [0x00000000a0000000, 0x00000000a6780000, 0x00000000e0000000)
  object space 105984K, 84% used [0x00000000a0000000,0x00000000a570ad20,0x00000000a6780000)
 Metaspace       used 75052K, capacity 78146K, committed 78552K, reserved 1118208K
  class space    used 10055K, capacity 10725K, committed 10752K, reserved 1048576K
}
Event: 865.189 GC heap before
{Heap before GC invocations=30 (full 5):
 PSYoungGen      total 272896K, used 272893K [0x00000000e0000000, 0x00000000f7d80000, 0x0000000100000000)
  eden space 212992K, 100% used [0x00000000e0000000,0x00000000ed000000,0x00000000ed000000)
  from space 59904K, 99% used [0x00000000f4300000,0x00000000f7d7f638,0x00000000f7d80000)
  to   space 49152K, 0% used [0x00000000ed000000,0x00000000ed000000,0x00000000f0000000)
 ParOldGen       total 105984K, used 89131K [0x00000000a0000000, 0x00000000a6780000, 0x00000000e0000000)
  object space 105984K, 84% used [0x00000000a0000000,0x00000000a570ad20,0x00000000a6780000)
 Metaspace       used 75264K, capacity 78338K, committed 78552K, reserved 1118208K
  class space    used 10057K, capacity 10725K, committed 10752K, reserved 1048576K

