# JRE version: Java(TM) SE Runtime Environment (8.0_131-b11) (build 1.8.0_131-b11)
# Java VM: Java HotSpot(TM) 64-Bit Server VM (25.131-b11 mixed mode windows-amd64 compressed oops)
Heap:
 PSYoungGen      total 126464K, used 105750K [0x00000000e0000000, 0x00000000ea180000, 0x0000000100000000)
  eden space 115712K, 82% used [0x00000000e0000000,0x00000000e5ccc970,0x00000000e7100000)
  from space 10752K, 99% used [0x00000000e7100000,0x00000000e7b79130,0x00000000e7b80000)
  to   space 14336K, 0% used [0x00000000e9380000,0x00000000e9380000,0x00000000ea180000)
 ParOldGen       total 93184K, used 23572K [0x00000000a0000000, 0x00000000a5b00000, 0x00000000e0000000)
  object space 93184K, 25% used [0x00000000a0000000,0x00000000a17050c8,0x00000000a5b00000)
 Metaspace       used 52855K, capacity 54384K, committed 54528K, reserved 1095680K
  class space    used 7271K, capacity 7657K, committed 7680K, reserved 1048576K
GC Heap History (10 events):
Event: 15.048 GC heap before
{Heap before GC invocations=9 (full 1):
 PSYoungGen      total 62464K, used 57176K [0x00000000e0000000, 0x00000000e6900000, 0x0000000100000000)
  eden space 52224K, 100% used [0x00000000e0000000,0x00000000e3300000,0x00000000e3300000)
  from space 10240K, 48% used [0x00000000e3300000,0x00000000e37d6280,0x00000000e3d00000)
  to   space 10240K, 0% used [0x00000000e5f00000,0x00000000e5f00000,0x00000000e6900000)
 ParOldGen       total 60928K, used 8630K [0x00000000a0000000, 0x00000000a3b80000, 0x00000000e0000000)
  object space 60928K, 14% used [0x00000000a0000000,0x00000000a086d838,0x00000000a3b80000)
 Metaspace       used 29746K, capacity 30392K, committed 30720K, reserved 1075200K
  class space    used 4112K, capacity 4252K, committed 4352K, reserved 1048576K
Event: 15.057 GC heap after
Heap after GC invocations=9 (full 1):
 PSYoungGen      total 92160K, used 6241K [0x00000000e0000000, 0x00000000e6600000, 0x0000000100000000)
  eden space 84992K, 0% used [0x00000000e0000000,0x00000000e0000000,0x00000000e5300000)
  from space 7168K, 87% used [0x00000000e5f00000,0x00000000e65187a0,0x00000000e6600000)
  to   space 9728K, 0% used [0x00000000e5300000,0x00000000e5300000,0x00000000e5c80000)
 ParOldGen       total 60928K, used 8710K [0x00000000a0000000, 0x00000000a3b80000, 0x00000000e0000000)
  object space 60928K, 14% used [0x00000000a0000000,0x00000000a0881860,0x00000000a3b80000)
 Metaspace       used 29746K, capacity 30392K, committed 30720K, reserved 1075200K
  class space    used 4112K, capacity 4252K, committed 4352K, reserved 1048576K
}
Event: 16.282 GC heap before
{Heap before GC invocations=10 (full 1):
 PSYoungGen      total 92160K, used 72600K [0x00000000e0000000, 0x00000000e6600000, 0x0000000100000000)
  eden space 84992K, 78% used [0x00000000e0000000,0x00000000e40cdab8,0x00000000e5300000)
  from space 7168K, 87% used [0x00000000e5f00000,0x00000000e65187a0,0x00000000e6600000)
  to   space 9728K, 0% used [0x00000000e5300000,0x00000000e5300000,0x00000000e5c80000)
 ParOldGen       total 60928K, used 8710K [0x00000000a0000000, 0x00000000a3b80000, 0x00000000e0000000)
  object space 60928K, 14% used [0x00000000a0000000,0x00000000a0881860,0x00000000a3b80000)
 Metaspace       used 34406K, capacity 35054K, committed 35456K, reserved 1079296K
  class space    used 4711K, capacity 4889K, committed 4992K, reserved 1048576K
Event: 16.302 GC heap after
Heap after GC invocations=10 (full 1):
 PSYoungGen      total 94720K, used 7500K [0x00000000e0000000, 0x00000000e8600000, 0x0000000100000000)
  eden space 84992K, 0% used [0x00000000e0000000,0x00000000e0000000,0x00000000e5300000)
  from space 9728K, 77% used [0x00000000e5300000,0x00000000e5a53200,0x00000000e5c80000)
  to   space 9728K, 0% used [0x00000000e7c80000,0x00000000e7c80000,0x00000000e8600000)
 ParOldGen       total 60928K, used 11282K [0x00000000a0000000, 0x00000000a3b80000, 0x00000000e0000000)
  object space 60928K, 18% used [0x00000000a0000000,0x00000000a0b04880,0x00000000a3b80000)
 Metaspace       used 34406K, capacity 35054K, committed 35456K, reserved 1079296K
  class space    used 4711K, capacity 4889K, committed 4992K, reserved 1048576K
}
Event: 16.302 GC heap before
{Heap before GC invocations=11 (full 2):
 PSYoungGen      total 94720K, used 7500K [0x00000000e0000000, 0x00000000e8600000, 0x0000000100000000)
  eden space 84992K, 0% used [0x00000000e0000000,0x00000000e0000000,0x00000000e5300000)
  from space 9728K, 77% used [0x00000000e5300000,0x00000000e5a53200,0x00000000e5c80000)
  to   space 9728K, 0% used [0x00000000e7c80000,0x00000000e7c80000,0x00000000e8600000)
 ParOldGen       total 60928K, used 11282K [0x00000000a0000000, 0x00000000a3b80000, 0x00000000e0000000)
  object space 60928K, 18% used [0x00000000a0000000,0x00000000a0b04880,0x00000000a3b80000)
 Metaspace       used 34406K, capacity 35054K, committed 35456K, reserved 1079296K
  class space    used 4711K, capacity 4889K, committed 4992K, reserved 1048576K
Event: 16.424 GC heap after
Heap after GC invocations=11 (full 2):
 PSYoungGen      total 94720K, used 0K [0x00000000e0000000, 0x00000000e8600000, 0x0000000100000000)
  eden space 84992K, 0% used [0x00000000e0000000,0x00000000e0000000,0x00000000e5300000)
  from space 9728K, 0% used [0x00000000e5300000,0x00000000e5300000,0x00000000e5c80000)
  to   space 9728K, 0% used [0x00000000e7c80000,0x00000000e7c80000,0x00000000e8600000)
 ParOldGen       total 93184K, used 17104K [0x00000000a0000000, 0x00000000a5b00000, 0x00000000e0000000)
  object space 93184K, 18% used [0x00000000a0000000,0x00000000a10b4320,0x00000000a5b00000)
 Metaspace       used 34406K, capacity 35054K, committed 35456K, reserved 1079296K
  class space    used 4711K, capacity 4889K, committed 4992K, reserved 1048576K
}
Event: 18.280 GC heap before
{Heap before GC invocations=12 (full 2):
 PSYoungGen      total 94720K, used 84992K [0x00000000e0000000, 0x00000000e8600000, 0x0000000100000000)
  eden space 84992K, 100% used [0x00000000e0000000,0x00000000e5300000,0x00000000e5300000)
  from space 9728K, 0% used [0x00000000e5300000,0x00000000e5300000,0x00000000e5c80000)
  to   space 9728K, 0% used [0x00000000e7c80000,0x00000000e7c80000,0x00000000e8600000)
 ParOldGen       total 93184K, used 17104K [0x00000000a0000000, 0x00000000a5b00000, 0x00000000e0000000)
  object space 93184K, 18% used [0x00000000a0000000,0x00000000a10b4320,0x00000000a5b00000)
 Metaspace       used 42608K, capacity 43502K, committed 44032K, reserved 1087488K
  class space    used 5802K, capacity 6074K, committed 6144K, reserved 1048576K
Event: 18.300 GC heap after
Heap after GC invocations=12 (full 2):
 PSYoungGen      total 118784K, used 9420K [0x00000000e0000000, 0x00000000e8600000, 0x0000000100000000)
  eden space 109056K, 0% used [0x00000000e0000000,0x00000000e0000000,0x00000000e6a80000)
  from space 9728K, 96% used [0x00000000e7c80000,0x00000000e85b3338,0x00000000e8600000)
  to   space 10752K, 0% used [0x00000000e7100000,0x00000000e7100000,0x00000000e7b80000)
 ParOldGen       total 93184K, used 17176K [0x00000000a0000000, 0x00000000a5b00000, 0x00000000e0000000)
  object space 93184K, 18% used [0x00000000a0000000,0x00000000a10c6330,0x00000000a5b00000)
 Metaspace       used 42608K, capacity 43502K, committed 44032K, reserved 1087488K
  class space    used 5802K, capacity 6074K, committed 6144K, reserved 1048576K
}
Event: 24.624 GC heap before
{Heap before GC invocations=13 (full 2):
 PSYoungGen      total 118784K, used 118476K [0x00000000e0000000, 0x00000000e8600000, 0x0000000100000000)
  eden space 109056K, 100% used [0x00000000e0000000,0x00000000e6a80000,0x00000000e6a80000)
  from space 9728K, 96% used [0x00000000e7c80000,0x00000000e85b3338,0x00000000e8600000)
  to   space 10752K, 0% used [0x00000000e7100000,0x00000000e7100000,0x00000000e7b80000)
 ParOldGen       total 93184K, used 17176K [0x00000000a0000000, 0x00000000a5b00000, 0x00000000e0000000)
  object space 93184K, 18% used [0x00000000a0000000,0x00000000a10c6330,0x00000000a5b00000)
 Metaspace       used 49088K, capacity 50372K, committed 50560K, reserved 1093632K
  class space    used 6703K, capacity 6991K, committed 7040K, reserved 1048576K
Event: 24.643 GC heap after
Heap after GC invocations=13 (full 2):
 PSYoungGen      total 126464K, used 10724K [0x00000000e0000000, 0x00000000ea180000, 0x0000000100000000)
  eden space 115712K, 0% used [0x00000000e0000000,0x00000000e0000000,0x00000000e7100000)
  from space 10752K, 99% used [0x00000000e7100000,0x00000000e7b79130,0x00000000e7b80000)
  to   space 14336K, 0% used [0x00000000e9380000,0x00000000e9380000,0x00000000ea180000)
 ParOldGen       total 93184K, used 23572K [0x00000000a0000000, 0x00000000a5b00000, 0x00000000e0000000)
  object space 93184K, 25% used [0x00000000a0000000,0x00000000a17050c8,0x00000000a5b00000)
 Metaspace       used 49088K, capacity 50372K, committed 50560K, reserved 1093632K
  class space    used 6703K, capacity 6991K, committed 7040K, reserved 1048576K
}

