# JRE version: Java(TM) SE Runtime Environment (8.0_131-b11) (build 1.8.0_131-b11)
# Java VM: Java HotSpot(TM) 64-Bit Server VM (25.131-b11 mixed mode windows-amd64 compressed oops)
Heap:
 PSYoungGen      total 230912K, used 188135K [0x00000000e0000000, 0x00000000efa00000, 0x0000000100000000)
  eden space 210944K, 80% used [0x00000000e0000000,0x00000000ea54b3f8,0x00000000ece00000)
  from space 19968K, 94% used [0x00000000ee600000,0x00000000ef86eb48,0x00000000ef980000)
  to   space 22528K, 0% used [0x00000000ece00000,0x00000000ece00000,0x00000000ee400000)
 ParOldGen       total 75264K, used 52707K [0x00000000a0000000, 0x00000000a4980000, 0x00000000e0000000)
  object space 75264K, 70% used [0x00000000a0000000,0x00000000a3378c68,0x00000000a4980000)
 Metaspace       used 69406K, capacity 71946K, committed 72104K, reserved 1112064K
  class space    used 9268K, capacity 9862K, committed 9896K, reserved 1048576K
GC Heap History (10 events):
Event: 17.861 GC heap before
{Heap before GC invocations=15 (full 2):
 PSYoungGen      total 160768K, used 109963K [0x00000000e0000000, 0x00000000eb180000, 0x0000000100000000)
  eden space 148480K, 65% used [0x00000000e0000000,0x00000000e5f65a70,0x00000000e9100000)
  from space 12288K, 99% used [0x00000000ea080000,0x00000000eac7d318,0x00000000eac80000)
  to   space 15872K, 0% used [0x00000000e9100000,0x00000000e9100000,0x00000000ea080000)
 ParOldGen       total 75264K, used 20337K [0x00000000a0000000, 0x00000000a4980000, 0x00000000e0000000)
  object space 75264K, 27% used [0x00000000a0000000,0x00000000a13dc4a0,0x00000000a4980000)
 Metaspace       used 51776K, capacity 53838K, committed 54056K, reserved 1095680K
  class space    used 7232K, capacity 7718K, committed 7720K, reserved 1048576K
Event: 17.888 GC heap after
Heap after GC invocations=15 (full 2):
 PSYoungGen      total 164352K, used 15856K [0x00000000e0000000, 0x00000000ebb80000, 0x0000000100000000)
  eden space 148480K, 0% used [0x00000000e0000000,0x00000000e0000000,0x00000000e9100000)
  from space 15872K, 99% used [0x00000000e9100000,0x00000000ea07c218,0x00000000ea080000)
  to   space 20992K, 0% used [0x00000000ea700000,0x00000000ea700000,0x00000000ebb80000)
 ParOldGen       total 75264K, used 29401K [0x00000000a0000000, 0x00000000a4980000, 0x00000000e0000000)
  object space 75264K, 39% used [0x00000000a0000000,0x00000000a1cb66a0,0x00000000a4980000)
 Metaspace       used 51776K, capacity 53838K, committed 54056K, reserved 1095680K
  class space    used 7232K, capacity 7718K, committed 7720K, reserved 1048576K
}
Event: 17.888 GC heap before
{Heap before GC invocations=16 (full 3):
 PSYoungGen      total 164352K, used 15856K [0x00000000e0000000, 0x00000000ebb80000, 0x0000000100000000)
  eden space 148480K, 0% used [0x00000000e0000000,0x00000000e0000000,0x00000000e9100000)
  from space 15872K, 99% used [0x00000000e9100000,0x00000000ea07c218,0x00000000ea080000)
  to   space 20992K, 0% used [0x00000000ea700000,0x00000000ea700000,0x00000000ebb80000)
 ParOldGen       total 75264K, used 29401K [0x00000000a0000000, 0x00000000a4980000, 0x00000000e0000000)
  object space 75264K, 39% used [0x00000000a0000000,0x00000000a1cb66a0,0x00000000a4980000)
 Metaspace       used 51776K, capacity 53838K, committed 54056K, reserved 1095680K
  class space    used 7232K, capacity 7718K, committed 7720K, reserved 1048576K
Event: 18.241 GC heap after
Heap after GC invocations=16 (full 3):
 PSYoungGen      total 164352K, used 0K [0x00000000e0000000, 0x00000000ebb80000, 0x0000000100000000)
  eden space 148480K, 0% used [0x00000000e0000000,0x00000000e0000000,0x00000000e9100000)
  from space 15872K, 0% used [0x00000000e9100000,0x00000000e9100000,0x00000000ea080000)
  to   space 20992K, 0% used [0x00000000ea700000,0x00000000ea700000,0x00000000ebb80000)
 ParOldGen       total 75264K, used 43977K [0x00000000a0000000, 0x00000000a4980000, 0x00000000e0000000)
  object space 75264K, 58% used [0x00000000a0000000,0x00000000a2af27c0,0x00000000a4980000)
 Metaspace       used 51776K, capacity 53838K, committed 54056K, reserved 1095680K
  class space    used 7232K, capacity 7718K, committed 7720K, reserved 1048576K
}
Event: 31.628 GC heap before
{Heap before GC invocations=17 (full 3):
 PSYoungGen      total 164352K, used 148480K [0x00000000e0000000, 0x00000000ebb80000, 0x0000000100000000)
  eden space 148480K, 100% used [0x00000000e0000000,0x00000000e9100000,0x00000000e9100000)
  from space 15872K, 0% used [0x00000000e9100000,0x00000000e9100000,0x00000000ea080000)
  to   space 20992K, 0% used [0x00000000ea700000,0x00000000ea700000,0x00000000ebb80000)
 ParOldGen       total 75264K, used 43977K [0x00000000a0000000, 0x00000000a4980000, 0x00000000e0000000)
  object space 75264K, 58% used [0x00000000a0000000,0x00000000a2af27c0,0x00000000a4980000)
 Metaspace       used 54781K, capacity 56988K, committed 57256K, reserved 1097728K
  class space    used 7560K, capacity 8049K, committed 8104K, reserved 1048576K
Event: 31.638 GC heap after
Heap after GC invocations=17 (full 3):
 PSYoungGen      total 171520K, used 7725K [0x00000000e0000000, 0x00000000efc00000, 0x0000000100000000)
  eden space 150528K, 0% used [0x00000000e0000000,0x00000000e0000000,0x00000000e9300000)
  from space 20992K, 36% used [0x00000000ea700000,0x00000000eae8b630,0x00000000ebb80000)
  to   space 20480K, 0% used [0x00000000e9300000,0x00000000e9300000,0x00000000ea700000)
 ParOldGen       total 75264K, used 43985K [0x00000000a0000000, 0x00000000a4980000, 0x00000000e0000000)
  object space 75264K, 58% used [0x00000000a0000000,0x00000000a2af47c0,0x00000000a4980000)
 Metaspace       used 54781K, capacity 56988K, committed 57256K, reserved 1097728K
  class space    used 7560K, capacity 8049K, committed 8104K, reserved 1048576K
}
Event: 314.262 GC heap before
{Heap before GC invocations=18 (full 3):
 PSYoungGen      total 171520K, used 158253K [0x00000000e0000000, 0x00000000efc00000, 0x0000000100000000)
  eden space 150528K, 100% used [0x00000000e0000000,0x00000000e9300000,0x00000000e9300000)
  from space 20992K, 36% used [0x00000000ea700000,0x00000000eae8b630,0x00000000ebb80000)
  to   space 20480K, 0% used [0x00000000e9300000,0x00000000e9300000,0x00000000ea700000)
 ParOldGen       total 75264K, used 43985K [0x00000000a0000000, 0x00000000a4980000, 0x00000000e0000000)
  object space 75264K, 58% used [0x00000000a0000000,0x00000000a2af47c0,0x00000000a4980000)
 Metaspace       used 56158K, capacity 58522K, committed 58792K, reserved 1099776K
  class space    used 7725K, capacity 8258K, committed 8360K, reserved 1048576K
Event: 314.273 GC heap after
Heap after GC invocations=18 (full 3):
 PSYoungGen      total 171008K, used 6199K [0x00000000e0000000, 0x00000000ef980000, 0x0000000100000000)
  eden space 150528K, 0% used [0x00000000e0000000,0x00000000e0000000,0x00000000e9300000)
  from space 20480K, 30% used [0x00000000e9300000,0x00000000e990df88,0x00000000ea700000)
  to   space 19968K, 0% used [0x00000000ee600000,0x00000000ee600000,0x00000000ef980000)
 ParOldGen       total 75264K, used 48650K [0x00000000a0000000, 0x00000000a4980000, 0x00000000e0000000)
  object space 75264K, 64% used [0x00000000a0000000,0x00000000a2f829c0,0x00000000a4980000)
 Metaspace       used 56158K, capacity 58522K, committed 58792K, reserved 1099776K
  class space    used 7725K, capacity 8258K, committed 8360K, reserved 1048576K
}
Event: 317.345 GC heap before
{Heap before GC invocations=19 (full 3):
 PSYoungGen      total 171008K, used 156727K [0x00000000e0000000, 0x00000000ef980000, 0x0000000100000000)
  eden space 150528K, 100% used [0x00000000e0000000,0x00000000e9300000,0x00000000e9300000)
  from space 20480K, 30% used [0x00000000e9300000,0x00000000e990df88,0x00000000ea700000)
  to   space 19968K, 0% used [0x00000000ee600000,0x00000000ee600000,0x00000000ef980000)
 ParOldGen       total 75264K, used 48650K [0x00000000a0000000, 0x00000000a4980000, 0x00000000e0000000)
  object space 75264K, 64% used [0x00000000a0000000,0x00000000a2f829c0,0x00000000a4980000)
 Metaspace       used 61154K, capacity 63692K, committed 63912K, reserved 1103872K
  class space    used 8537K, capacity 9117K, committed 9128K, reserved 1048576K
Event: 317.366 GC heap after
Heap after GC invocations=19 (full 3):
 PSYoungGen      total 230912K, used 18874K [0x00000000e0000000, 0x00000000efa00000, 0x0000000100000000)
  eden space 210944K, 0% used [0x00000000e0000000,0x00000000e0000000,0x00000000ece00000)
  from space 19968K, 94% used [0x00000000ee600000,0x00000000ef86eb48,0x00000000ef980000)
  to   space 22528K, 0% used [0x00000000ece00000,0x00000000ece00000,0x00000000ee400000)
 ParOldGen       total 75264K, used 52707K [0x00000000a0000000, 0x00000000a4980000, 0x00000000e0000000)
  object space 75264K, 70% used [0x00000000a0000000,0x00000000a3378c68,0x00000000a4980000)
 Metaspace       used 61154K, capacity 63692K, committed 63912K, reserved 1103872K
  class space    used 8537K, capacity 9117K, committed 9128K, reserved 1048576K
}

