# JRE version: Java(TM) SE Runtime Environment (8.0_131-b11) (build 1.8.0_131-b11)
# Java VM: Java HotSpot(TM) 64-Bit Server VM (25.131-b11 mixed mode windows-amd64 compressed oops)
Heap:
 PSYoungGen      total 376320K, used 260442K [0x00000000e0000000, 0x00000000ff400000, 0x0000000100000000)
  eden space 254976K, 93% used [0x00000000e0000000,0x00000000ee9ae0a8,0x00000000ef900000)
  from space 121344K, 17% used [0x00000000f7d80000,0x00000000f9228b30,0x00000000ff400000)
  to   space 128512K, 0% used [0x00000000ef900000,0x00000000ef900000,0x00000000f7680000)
 ParOldGen       total 303104K, used 45241K [0x00000000a0000000, 0x00000000b2800000, 0x00000000e0000000)
  object space 303104K, 14% used [0x00000000a0000000,0x00000000a2c2e678,0x00000000b2800000)
 Metaspace       used 73696K, capacity 75484K, committed 75736K, reserved 1116160K
  class space    used 9510K, capacity 9943K, committed 9984K, reserved 1048576K
GC Heap History (10 events):
Event: 64.048 GC heap before
{Heap before GC invocations=36 (full 14):
 PSYoungGen      total 309760K, used 252928K [0x00000000e0000000, 0x0000000100000000, 0x0000000100000000)
  eden space 252928K, 100% used [0x00000000e0000000,0x00000000ef700000,0x00000000ef700000)
  from space 56832K, 0% used [0x00000000f9880000,0x00000000f9880000,0x00000000fd000000)
  to   space 135680K, 0% used [0x00000000ef700000,0x00000000ef700000,0x00000000f7b80000)
 ParOldGen       total 303104K, used 303000K [0x00000000a0000000, 0x00000000b2800000, 0x00000000e0000000)
  object space 303104K, 99% used [0x00000000a0000000,0x00000000b27e6100,0x00000000b2800000)
 Metaspace       used 68419K, capacity 70004K, committed 70360K, reserved 1110016K
  class space    used 8990K, capacity 9379K, committed 9472K, reserved 1048576K
Event: 65.258 GC heap after
Heap after GC invocations=36 (full 14):
 PSYoungGen      total 309760K, used 63342K [0x00000000e0000000, 0x0000000100000000, 0x0000000100000000)
  eden space 252928K, 25% used [0x00000000e0000000,0x00000000e3ddba90,0x00000000ef700000)
  from space 56832K, 0% used [0x00000000f9880000,0x00000000f9880000,0x00000000fd000000)
  to   space 135680K, 0% used [0x00000000ef700000,0x00000000ef700000,0x00000000f7b80000)
 ParOldGen       total 303104K, used 302967K [0x00000000a0000000, 0x00000000b2800000, 0x00000000e0000000)
  object space 303104K, 99% used [0x00000000a0000000,0x00000000b27ddd70,0x00000000b2800000)
 Metaspace       used 68419K, capacity 70004K, committed 70360K, reserved 1110016K
  class space    used 8990K, capacity 9379K, committed 9472K, reserved 1048576K
}
Event: 105.225 GC heap before
{Heap before GC invocations=37 (full 15):
 PSYoungGen      total 309760K, used 252039K [0x00000000e0000000, 0x0000000100000000, 0x0000000100000000)
  eden space 252928K, 99% used [0x00000000e0000000,0x00000000ef621cb8,0x00000000ef700000)
  from space 56832K, 0% used [0x00000000f9880000,0x00000000f9880000,0x00000000fd000000)
  to   space 135680K, 0% used [0x00000000ef700000,0x00000000ef700000,0x00000000f7b80000)
 ParOldGen       total 303104K, used 302967K [0x00000000a0000000, 0x00000000b2800000, 0x00000000e0000000)
  object space 303104K, 99% used [0x00000000a0000000,0x00000000b27ddd70,0x00000000b2800000)
 Metaspace       used 69335K, capacity 70958K, committed 71512K, reserved 1112064K
  class space    used 9113K, capacity 9496K, committed 9600K, reserved 1048576K
Event: 105.374 GC heap after
Heap after GC invocations=37 (full 15):
 PSYoungGen      total 309760K, used 0K [0x00000000e0000000, 0x0000000100000000, 0x0000000100000000)
  eden space 252928K, 0% used [0x00000000e0000000,0x00000000e0000000,0x00000000ef700000)
  from space 56832K, 0% used [0x00000000f9880000,0x00000000f9880000,0x00000000fd000000)
  to   space 135680K, 0% used [0x00000000ef700000,0x00000000ef700000,0x00000000f7b80000)
 ParOldGen       total 303104K, used 53635K [0x00000000a0000000, 0x00000000b2800000, 0x00000000e0000000)
  object space 303104K, 17% used [0x00000000a0000000,0x00000000a3460fe8,0x00000000b2800000)
 Metaspace       used 69335K, capacity 70958K, committed 71512K, reserved 1112064K
  class space    used 9113K, capacity 9496K, committed 9600K, reserved 1048576K
}
Event: 107.019 GC heap before
{Heap before GC invocations=38 (full 15):
 PSYoungGen      total 309760K, used 164233K [0x00000000e0000000, 0x0000000100000000, 0x0000000100000000)
  eden space 252928K, 64% used [0x00000000e0000000,0x00000000ea0626c8,0x00000000ef700000)
  from space 56832K, 0% used [0x00000000f9880000,0x00000000f9880000,0x00000000fd000000)
  to   space 135680K, 0% used [0x00000000ef700000,0x00000000ef700000,0x00000000f7b80000)
 ParOldGen       total 303104K, used 53635K [0x00000000a0000000, 0x00000000b2800000, 0x00000000e0000000)
  object space 303104K, 17% used [0x00000000a0000000,0x00000000a3460fe8,0x00000000b2800000)
 Metaspace       used 71808K, capacity 73430K, committed 73816K, reserved 1114112K
  class space    used 9435K, capacity 9840K, committed 9856K, reserved 1048576K
Event: 107.025 GC heap after
Heap after GC invocations=38 (full 15):
 PSYoungGen      total 388608K, used 8464K [0x00000000e0000000, 0x0000000100000000, 0x0000000100000000)
  eden space 252928K, 0% used [0x00000000e0000000,0x00000000e0000000,0x00000000ef700000)
  from space 135680K, 6% used [0x00000000ef700000,0x00000000eff44130,0x00000000f7b80000)
  to   space 133632K, 0% used [0x00000000f7d80000,0x00000000f7d80000,0x0000000100000000)
 ParOldGen       total 303104K, used 53643K [0x00000000a0000000, 0x00000000b2800000, 0x00000000e0000000)
  object space 303104K, 17% used [0x00000000a0000000,0x00000000a3462fe8,0x00000000b2800000)
 Metaspace       used 71808K, capacity 73430K, committed 73816K, reserved 1114112K
  class space    used 9435K, capacity 9840K, committed 9856K, reserved 1048576K
}
Event: 107.025 GC heap before
{Heap before GC invocations=39 (full 16):
 PSYoungGen      total 388608K, used 8464K [0x00000000e0000000, 0x0000000100000000, 0x0000000100000000)
  eden space 252928K, 0% used [0x00000000e0000000,0x00000000e0000000,0x00000000ef700000)
  from space 135680K, 6% used [0x00000000ef700000,0x00000000eff44130,0x00000000f7b80000)
  to   space 133632K, 0% used [0x00000000f7d80000,0x00000000f7d80000,0x0000000100000000)
 ParOldGen       total 303104K, used 53643K [0x00000000a0000000, 0x00000000b2800000, 0x00000000e0000000)
  object space 303104K, 17% used [0x00000000a0000000,0x00000000a3462fe8,0x00000000b2800000)
 Metaspace       used 71808K, capacity 73430K, committed 73816K, reserved 1114112K
  class space    used 9435K, capacity 9840K, committed 9856K, reserved 1048576K
Event: 107.326 GC heap after
Heap after GC invocations=39 (full 16):
 PSYoungGen      total 388608K, used 0K [0x00000000e0000000, 0x0000000100000000, 0x0000000100000000)
  eden space 252928K, 0% used [0x00000000e0000000,0x00000000e0000000,0x00000000ef700000)
  from space 135680K, 0% used [0x00000000ef700000,0x00000000ef700000,0x00000000f7b80000)
  to   space 133632K, 0% used [0x00000000f7d80000,0x00000000f7d80000,0x0000000100000000)
 ParOldGen       total 303104K, used 45233K [0x00000000a0000000, 0x00000000b2800000, 0x00000000e0000000)
  object space 303104K, 14% used [0x00000000a0000000,0x00000000a2c2c678,0x00000000b2800000)
 Metaspace       used 71808K, capacity 73430K, committed 73816K, reserved 1114112K
  class space    used 9435K, capacity 9840K, committed 9856K, reserved 1048576K
}
Event: 442.296 GC heap before
{Heap before GC invocations=40 (full 16):
 PSYoungGen      total 388608K, used 252928K [0x00000000e0000000, 0x0000000100000000, 0x0000000100000000)
  eden space 252928K, 100% used [0x00000000e0000000,0x00000000ef700000,0x00000000ef700000)
  from space 135680K, 0% used [0x00000000ef700000,0x00000000ef700000,0x00000000f7b80000)
  to   space 133632K, 0% used [0x00000000f7d80000,0x00000000f7d80000,0x0000000100000000)
 ParOldGen       total 303104K, used 45233K [0x00000000a0000000, 0x00000000b2800000, 0x00000000e0000000)
  object space 303104K, 14% used [0x00000000a0000000,0x00000000a2c2c678,0x00000000b2800000)
 Metaspace       used 72566K, capacity 74372K, committed 74712K, reserved 1114112K
  class space    used 9459K, capacity 9871K, committed 9984K, reserved 1048576K
Event: 442.321 GC heap after
Heap after GC invocations=40 (full 16):
 PSYoungGen      total 376320K, used 21154K [0x00000000e0000000, 0x00000000ff400000, 0x0000000100000000)
  eden space 254976K, 0% used [0x00000000e0000000,0x00000000e0000000,0x00000000ef900000)
  from space 121344K, 17% used [0x00000000f7d80000,0x00000000f9228b30,0x00000000ff400000)
  to   space 128512K, 0% used [0x00000000ef900000,0x00000000ef900000,0x00000000f7680000)
 ParOldGen       total 303104K, used 45241K [0x00000000a0000000, 0x00000000b2800000, 0x00000000e0000000)
  object space 303104K, 14% used [0x00000000a0000000,0x00000000a2c2e678,0x00000000b2800000)
 Metaspace       used 72566K, capacity 74372K, committed 74712K, reserved 1114112K
  class space    used 9459K, capacity 9871K, committed 9984K, reserved 1048576K
}

