# JRE version: Java(TM) SE Runtime Environment (8.0_131-b11) (build 1.8.0_131-b11)
# Java VM: Java HotSpot(TM) 64-Bit Server VM (25.131-b11 mixed mode windows-amd64 compressed oops)
Heap:
 PSYoungGen      total 116224K, used 39320K [0x00000000e0000000, 0x00000000ebb00000, 0x0000000100000000)
  eden space 105984K, 37% used [0x00000000e0000000,0x00000000e26661f8,0x00000000e6780000)
  from space 10240K, 0% used [0x00000000e6780000,0x00000000e6780000,0x00000000e7180000)
  to   space 12288K, 0% used [0x00000000eaf00000,0x00000000eaf00000,0x00000000ebb00000)
 ParOldGen       total 97280K, used 18475K [0x00000000a0000000, 0x00000000a5f00000, 0x00000000e0000000)
  object space 97280K, 18% used [0x00000000a0000000,0x00000000a120af80,0x00000000a5f00000)
 Metaspace       used 36402K, capacity 37180K, committed 37504K, reserved 1081344K
  class space    used 4990K, capacity 5229K, committed 5248K, reserved 1048576K
GC Heap History (10 events):
Event: 7.566 GC heap before
{Heap before GC invocations=5 (full 1):
 PSYoungGen      total 71680K, used 5112K [0x00000000e0000000, 0x00000000e4b00000, 0x0000000100000000)
  eden space 66560K, 0% used [0x00000000e0000000,0x00000000e0000000,0x00000000e4100000)
  from space 5120K, 99% used [0x00000000e4600000,0x00000000e4afe050,0x00000000e4b00000)
  to   space 5120K, 0% used [0x00000000e4100000,0x00000000e4100000,0x00000000e4600000)
 ParOldGen       total 87552K, used 8163K [0x00000000a0000000, 0x00000000a5580000, 0x00000000e0000000)
  object space 87552K, 9% used [0x00000000a0000000,0x00000000a07f8e50,0x00000000a5580000)
 Metaspace       used 20788K, capacity 21158K, committed 21296K, reserved 1067008K
  class space    used 2770K, capacity 2926K, committed 2944K, reserved 1048576K
Event: 7.636 GC heap after
Heap after GC invocations=5 (full 1):
 PSYoungGen      total 71680K, used 0K [0x00000000e0000000, 0x00000000e4b00000, 0x0000000100000000)
  eden space 66560K, 0% used [0x00000000e0000000,0x00000000e0000000,0x00000000e4100000)
  from space 5120K, 0% used [0x00000000e4600000,0x00000000e4600000,0x00000000e4b00000)
  to   space 5120K, 0% used [0x00000000e4100000,0x00000000e4100000,0x00000000e4600000)
 ParOldGen       total 59904K, used 8637K [0x00000000a0000000, 0x00000000a3a80000, 0x00000000e0000000)
  object space 59904K, 14% used [0x00000000a0000000,0x00000000a086f6e8,0x00000000a3a80000)
 Metaspace       used 20788K, capacity 21158K, committed 21296K, reserved 1067008K
  class space    used 2770K, capacity 2926K, committed 2944K, reserved 1048576K
}
Event: 9.289 GC heap before
{Heap before GC invocations=6 (full 1):
 PSYoungGen      total 71680K, used 66560K [0x00000000e0000000, 0x00000000e4b00000, 0x0000000100000000)
  eden space 66560K, 100% used [0x00000000e0000000,0x00000000e4100000,0x00000000e4100000)
  from space 5120K, 0% used [0x00000000e4600000,0x00000000e4600000,0x00000000e4b00000)
  to   space 5120K, 0% used [0x00000000e4100000,0x00000000e4100000,0x00000000e4600000)
 ParOldGen       total 59904K, used 8637K [0x00000000a0000000, 0x00000000a3a80000, 0x00000000e0000000)
  object space 59904K, 14% used [0x00000000a0000000,0x00000000a086f6e8,0x00000000a3a80000)
 Metaspace       used 26071K, capacity 26556K, committed 26880K, reserved 1073152K
  class space    used 3657K, capacity 3780K, committed 3840K, reserved 1048576K
Event: 9.307 GC heap after
Heap after GC invocations=6 (full 1):
 PSYoungGen      total 71680K, used 5095K [0x00000000e0000000, 0x00000000e7c80000, 0x0000000100000000)
  eden space 66560K, 0% used [0x00000000e0000000,0x00000000e0000000,0x00000000e4100000)
  from space 5120K, 99% used [0x00000000e4100000,0x00000000e45f9fe8,0x00000000e4600000)
  to   space 10240K, 0% used [0x00000000e7280000,0x00000000e7280000,0x00000000e7c80000)
 ParOldGen       total 59904K, used 11106K [0x00000000a0000000, 0x00000000a3a80000, 0x00000000e0000000)
  object space 59904K, 18% used [0x00000000a0000000,0x00000000a0ad8bc8,0x00000000a3a80000)
 Metaspace       used 26071K, capacity 26556K, committed 26880K, reserved 1073152K
  class space    used 3657K, capacity 3780K, committed 3840K, reserved 1048576K
}
Event: 10.556 GC heap before
{Heap before GC invocations=7 (full 1):
 PSYoungGen      total 71680K, used 71655K [0x00000000e0000000, 0x00000000e7c80000, 0x0000000100000000)
  eden space 66560K, 100% used [0x00000000e0000000,0x00000000e4100000,0x00000000e4100000)
  from space 5120K, 99% used [0x00000000e4100000,0x00000000e45f9fe8,0x00000000e4600000)
  to   space 10240K, 0% used [0x00000000e7280000,0x00000000e7280000,0x00000000e7c80000)
 ParOldGen       total 59904K, used 11106K [0x00000000a0000000, 0x00000000a3a80000, 0x00000000e0000000)
  object space 59904K, 18% used [0x00000000a0000000,0x00000000a0ad8bc8,0x00000000a3a80000)
 Metaspace       used 28177K, capacity 28628K, committed 28928K, reserved 1075200K
  class space    used 3906K, capacity 4040K, committed 4096K, reserved 1048576K
Event: 10.570 GC heap after
Heap after GC invocations=7 (full 1):
 PSYoungGen      total 115200K, used 5304K [0x00000000e0000000, 0x00000000e7b80000, 0x0000000100000000)
  eden space 105984K, 0% used [0x00000000e0000000,0x00000000e0000000,0x00000000e6780000)
  from space 9216K, 57% used [0x00000000e7280000,0x00000000e77ae2e8,0x00000000e7b80000)
  to   space 10240K, 0% used [0x00000000e6780000,0x00000000e6780000,0x00000000e7180000)
 ParOldGen       total 59904K, used 11114K [0x00000000a0000000, 0x00000000a3a80000, 0x00000000e0000000)
  object space 59904K, 18% used [0x00000000a0000000,0x00000000a0adabc8,0x00000000a3a80000)
 Metaspace       used 28177K, capacity 28628K, committed 28928K, reserved 1075200K
  class space    used 3906K, capacity 4040K, committed 4096K, reserved 1048576K
}
Event: 12.794 GC heap before
{Heap before GC invocations=8 (full 1):
 PSYoungGen      total 115200K, used 110684K [0x00000000e0000000, 0x00000000e7b80000, 0x0000000100000000)
  eden space 105984K, 99% used [0x00000000e0000000,0x00000000e66e9000,0x00000000e6780000)
  from space 9216K, 57% used [0x00000000e7280000,0x00000000e77ae2e8,0x00000000e7b80000)
  to   space 10240K, 0% used [0x00000000e6780000,0x00000000e6780000,0x00000000e7180000)
 ParOldGen       total 59904K, used 11114K [0x00000000a0000000, 0x00000000a3a80000, 0x00000000e0000000)
  object space 59904K, 18% used [0x00000000a0000000,0x00000000a0adabc8,0x00000000a3a80000)
 Metaspace       used 34427K, capacity 35070K, committed 35456K, reserved 1079296K
  class space    used 4713K, capacity 4891K, committed 4992K, reserved 1048576K
Event: 12.817 GC heap after
Heap after GC invocations=8 (full 1):
 PSYoungGen      total 116224K, used 10217K [0x00000000e0000000, 0x00000000ebb00000, 0x0000000100000000)
  eden space 105984K, 0% used [0x00000000e0000000,0x00000000e0000000,0x00000000e6780000)
  from space 10240K, 99% used [0x00000000e6780000,0x00000000e717a538,0x00000000e7180000)
  to   space 12288K, 0% used [0x00000000eaf00000,0x00000000eaf00000,0x00000000ebb00000)
 ParOldGen       total 59904K, used 12403K [0x00000000a0000000, 0x00000000a3a80000, 0x00000000e0000000)
  object space 59904K, 20% used [0x00000000a0000000,0x00000000a0c1cc78,0x00000000a3a80000)
 Metaspace       used 34427K, capacity 35070K, committed 35456K, reserved 1079296K
  class space    used 4713K, capacity 4891K, committed 4992K, reserved 1048576K
}
Event: 12.817 GC heap before
{Heap before GC invocations=9 (full 2):
 PSYoungGen      total 116224K, used 10217K [0x00000000e0000000, 0x00000000ebb00000, 0x0000000100000000)
  eden space 105984K, 0% used [0x00000000e0000000,0x00000000e0000000,0x00000000e6780000)
  from space 10240K, 99% used [0x00000000e6780000,0x00000000e717a538,0x00000000e7180000)
  to   space 12288K, 0% used [0x00000000eaf00000,0x00000000eaf00000,0x00000000ebb00000)
 ParOldGen       total 59904K, used 12403K [0x00000000a0000000, 0x00000000a3a80000, 0x00000000e0000000)
  object space 59904K, 20% used [0x00000000a0000000,0x00000000a0c1cc78,0x00000000a3a80000)
 Metaspace       used 34427K, capacity 35070K, committed 35456K, reserved 1079296K
  class space    used 4713K, capacity 4891K, committed 4992K, reserved 1048576K
Event: 12.971 GC heap after
Heap after GC invocations=9 (full 2):
 PSYoungGen      total 116224K, used 0K [0x00000000e0000000, 0x00000000ebb00000, 0x0000000100000000)
  eden space 105984K, 0% used [0x00000000e0000000,0x00000000e0000000,0x00000000e6780000)
  from space 10240K, 0% used [0x00000000e6780000,0x00000000e6780000,0x00000000e7180000)
  to   space 12288K, 0% used [0x00000000eaf00000,0x00000000eaf00000,0x00000000ebb00000)
 ParOldGen       total 97280K, used 18475K [0x00000000a0000000, 0x00000000a5f00000, 0x00000000e0000000)
  object space 97280K, 18% used [0x00000000a0000000,0x00000000a120af80,0x00000000a5f00000)
 Metaspace       used 34427K, capacity 35070K, committed 35456K, reserved 1079296K
  class space    used 4713K, capacity 4891K, committed 4992K, reserved 1048576K
}

