# JRE version: Java(TM) SE Runtime Environment (8.0_131-b11) (build 1.8.0_131-b11)
# Java VM: Java HotSpot(TM) 64-Bit Server VM (25.131-b11 mixed mode windows-amd64 compressed oops)
Heap:
 PSYoungGen      total 361472K, used 294603K [0x00000000e0000000, 0x00000000fbd80000, 0x0000000100000000)
  eden space 306176K, 96% used [0x00000000e0000000,0x00000000f1fb2fc8,0x00000000f2b00000)
  from space 55296K, 0% used [0x00000000f2b00000,0x00000000f2b00000,0x00000000f6100000)
  to   space 34816K, 0% used [0x00000000f6100000,0x00000000f6100000,0x00000000f8300000)
 ParOldGen       total 167936K, used 150035K [0x00000000a0000000, 0x00000000aa400000, 0x00000000e0000000)
  object space 167936K, 89% used [0x00000000a0000000,0x00000000a9284e10,0x00000000aa400000)
 Metaspace       used 58873K, capacity 60402K, committed 60760K, reserved 1101824K
  class space    used 8122K, capacity 8472K, committed 8536K, reserved 1048576K
GC Heap History (10 events):
Event: 23.269 GC heap before
{Heap before GC invocations=25 (full 3):
 PSYoungGen      total 288256K, used 14151K [0x00000000e0000000, 0x00000000f4300000, 0x0000000100000000)
  eden space 265216K, 0% used [0x00000000e0000000,0x00000000e0000000,0x00000000f0300000)
  from space 23040K, 61% used [0x00000000f1a00000,0x00000000f27d1c20,0x00000000f3080000)
  to   space 23552K, 0% used [0x00000000f0300000,0x00000000f0300000,0x00000000f1a00000)
 ParOldGen       total 100864K, used 50588K [0x00000000a0000000, 0x00000000a6280000, 0x00000000e0000000)
  object space 100864K, 50% used [0x00000000a0000000,0x00000000a3167340,0x00000000a6280000)
 Metaspace       used 57413K, capacity 58896K, committed 59096K, reserved 1099776K
  class space    used 7996K, capacity 8365K, committed 8408K, reserved 1048576K
Event: 23.512 GC heap after
Heap after GC invocations=25 (full 3):
 PSYoungGen      total 288256K, used 0K [0x00000000e0000000, 0x00000000f4300000, 0x0000000100000000)
  eden space 265216K, 0% used [0x00000000e0000000,0x00000000e0000000,0x00000000f0300000)
  from space 23040K, 0% used [0x00000000f1a00000,0x00000000f1a00000,0x00000000f3080000)
  to   space 23552K, 0% used [0x00000000f0300000,0x00000000f0300000,0x00000000f1a00000)
 ParOldGen       total 153088K, used 44246K [0x00000000a0000000, 0x00000000a9580000, 0x00000000e0000000)
  object space 153088K, 28% used [0x00000000a0000000,0x00000000a2b35b70,0x00000000a9580000)
 Metaspace       used 57413K, capacity 58896K, committed 59096K, reserved 1099776K
  class space    used 7996K, capacity 8365K, committed 8408K, reserved 1048576K
}
Event: 24.562 GC heap before
{Heap before GC invocations=26 (full 3):
 PSYoungGen      total 288256K, used 265216K [0x00000000e0000000, 0x00000000f4300000, 0x0000000100000000)
  eden space 265216K, 100% used [0x00000000e0000000,0x00000000f0300000,0x00000000f0300000)
  from space 23040K, 0% used [0x00000000f1a00000,0x00000000f1a00000,0x00000000f3080000)
  to   space 23552K, 0% used [0x00000000f0300000,0x00000000f0300000,0x00000000f1a00000)
 ParOldGen       total 153088K, used 44246K [0x00000000a0000000, 0x00000000a9580000, 0x00000000e0000000)
  object space 153088K, 28% used [0x00000000a0000000,0x00000000a2b35b70,0x00000000a9580000)
 Metaspace       used 58425K, capacity 60018K, committed 60504K, reserved 1101824K
  class space    used 8106K, capacity 8472K, committed 8536K, reserved 1048576K
Event: 24.616 GC heap after
Heap after GC invocations=26 (full 3):
 PSYoungGen      total 288768K, used 23520K [0x00000000e0000000, 0x00000000f8300000, 0x0000000100000000)
  eden space 265216K, 0% used [0x00000000e0000000,0x00000000e0000000,0x00000000f0300000)
  from space 23552K, 99% used [0x00000000f0300000,0x00000000f19f8050,0x00000000f1a00000)
  to   space 34816K, 0% used [0x00000000f6100000,0x00000000f6100000,0x00000000f8300000)
 ParOldGen       total 153088K, used 63977K [0x00000000a0000000, 0x00000000a9580000, 0x00000000e0000000)
  object space 153088K, 41% used [0x00000000a0000000,0x00000000a3e7a450,0x00000000a9580000)
 Metaspace       used 58425K, capacity 60018K, committed 60504K, reserved 1101824K
  class space    used 8106K, capacity 8472K, committed 8536K, reserved 1048576K
}
Event: 25.159 GC heap before
{Heap before GC invocations=27 (full 3):
 PSYoungGen      total 288768K, used 288736K [0x00000000e0000000, 0x00000000f8300000, 0x0000000100000000)
  eden space 265216K, 100% used [0x00000000e0000000,0x00000000f0300000,0x00000000f0300000)
  from space 23552K, 99% used [0x00000000f0300000,0x00000000f19f8050,0x00000000f1a00000)
  to   space 34816K, 0% used [0x00000000f6100000,0x00000000f6100000,0x00000000f8300000)
 ParOldGen       total 153088K, used 63977K [0x00000000a0000000, 0x00000000a9580000, 0x00000000e0000000)
  object space 153088K, 41% used [0x00000000a0000000,0x00000000a3e7a450,0x00000000a9580000)
 Metaspace       used 58579K, capacity 60146K, committed 60504K, reserved 1101824K
  class space    used 8120K, capacity 8472K, committed 8536K, reserved 1048576K
Event: 25.270 GC heap after
Heap after GC invocations=27 (full 3):
 PSYoungGen      total 340992K, used 34816K [0x00000000e0000000, 0x00000000fbd80000, 0x0000000100000000)
  eden space 306176K, 0% used [0x00000000e0000000,0x00000000e0000000,0x00000000f2b00000)
  from space 34816K, 100% used [0x00000000f6100000,0x00000000f8300000,0x00000000f8300000)
  to   space 55296K, 0% used [0x00000000f2b00000,0x00000000f2b00000,0x00000000f6100000)
 ParOldGen       total 153088K, used 102469K [0x00000000a0000000, 0x00000000a9580000, 0x00000000e0000000)
  object space 153088K, 66% used [0x00000000a0000000,0x00000000a6411638,0x00000000a9580000)
 Metaspace       used 58579K, capacity 60146K, committed 60504K, reserved 1101824K
  class space    used 8120K, capacity 8472K, committed 8536K, reserved 1048576K
}
Event: 27.978 GC heap before
{Heap before GC invocations=28 (full 3):
 PSYoungGen      total 340992K, used 340992K [0x00000000e0000000, 0x00000000fbd80000, 0x0000000100000000)
  eden space 306176K, 100% used [0x00000000e0000000,0x00000000f2b00000,0x00000000f2b00000)
  from space 34816K, 100% used [0x00000000f6100000,0x00000000f8300000,0x00000000f8300000)
  to   space 55296K, 0% used [0x00000000f2b00000,0x00000000f2b00000,0x00000000f6100000)
 ParOldGen       total 153088K, used 102469K [0x00000000a0000000, 0x00000000a9580000, 0x00000000e0000000)
  object space 153088K, 66% used [0x00000000a0000000,0x00000000a6411638,0x00000000a9580000)
 Metaspace       used 58846K, capacity 60402K, committed 60760K, reserved 1101824K
  class space    used 8120K, capacity 8472K, committed 8536K, reserved 1048576K
Event: 28.301 GC heap after
Heap after GC invocations=28 (full 3):
 PSYoungGen      total 361472K, used 55296K [0x00000000e0000000, 0x00000000fbd80000, 0x0000000100000000)
  eden space 306176K, 0% used [0x00000000e0000000,0x00000000e0000000,0x00000000f2b00000)
  from space 55296K, 100% used [0x00000000f2b00000,0x00000000f6100000,0x00000000f6100000)
  to   space 34816K, 0% used [0x00000000f6100000,0x00000000f6100000,0x00000000f8300000)
 ParOldGen       total 167936K, used 167665K [0x00000000a0000000, 0x00000000aa400000, 0x00000000e0000000)
  object space 167936K, 99% used [0x00000000a0000000,0x00000000aa3bc4b0,0x00000000aa400000)
 Metaspace       used 58846K, capacity 60402K, committed 60760K, reserved 1101824K
  class space    used 8120K, capacity 8472K, committed 8536K, reserved 1048576K
}
Event: 28.301 GC heap before
{Heap before GC invocations=29 (full 4):
 PSYoungGen      total 361472K, used 55296K [0x00000000e0000000, 0x00000000fbd80000, 0x0000000100000000)
  eden space 306176K, 0% used [0x00000000e0000000,0x00000000e0000000,0x00000000f2b00000)
  from space 55296K, 100% used [0x00000000f2b00000,0x00000000f6100000,0x00000000f6100000)
  to   space 34816K, 0% used [0x00000000f6100000,0x00000000f6100000,0x00000000f8300000)
 ParOldGen       total 167936K, used 167665K [0x00000000a0000000, 0x00000000aa400000, 0x00000000e0000000)
  object space 167936K, 99% used [0x00000000a0000000,0x00000000aa3bc4b0,0x00000000aa400000)
 Metaspace       used 58846K, capacity 60402K, committed 60760K, reserved 1101824K
  class space    used 8120K, capacity 8472K, committed 8536K, reserved 1048576K
Event: 29.314 GC heap after
Heap after GC invocations=29 (full 4):
 PSYoungGen      total 361472K, used 0K [0x00000000e0000000, 0x00000000fbd80000, 0x0000000100000000)
  eden space 306176K, 0% used [0x00000000e0000000,0x00000000e0000000,0x00000000f2b00000)
  from space 55296K, 0% used [0x00000000f2b00000,0x00000000f2b00000,0x00000000f6100000)
  to   space 34816K, 0% used [0x00000000f6100000,0x00000000f6100000,0x00000000f8300000)
 ParOldGen       total 167936K, used 150035K [0x00000000a0000000, 0x00000000aa400000, 0x00000000e0000000)
  object space 167936K, 89% used [0x00000000a0000000,0x00000000a9284e10,0x00000000aa400000)
 Metaspace       used 58846K, capacity 60402K, committed 60760K, reserved 1101824K
  class space    used 8120K, capacity 8472K, committed 8536K, reserved 1048576K
}

