# JRE version: Java(TM) SE Runtime Environment (8.0_131-b11) (build 1.8.0_131-b11)
# Java VM: Java HotSpot(TM) 64-Bit Server VM (25.131-b11 mixed mode windows-amd64 compressed oops)
Heap:
 PSYoungGen      total 291840K, used 116767K [0x00000000e0000000, 0x00000000f4180000, 0x0000000100000000)
  eden space 255488K, 39% used [0x00000000e0000000,0x00000000e6186728,0x00000000ef980000)
  from space 36352K, 46% used [0x00000000f1b00000,0x00000000f2b81898,0x00000000f3e80000)
  to   space 34304K, 0% used [0x00000000ef980000,0x00000000ef980000,0x00000000f1b00000)
 ParOldGen       total 155136K, used 98717K [0x00000000a0000000, 0x00000000a9780000, 0x00000000e0000000)
  object space 155136K, 63% used [0x00000000a0000000,0x00000000a6067428,0x00000000a9780000)
 Metaspace       used 67061K, capacity 68652K, committed 68736K, reserved 1107968K
  class space    used 8901K, capacity 9295K, committed 9344K, reserved 1048576K
GC Heap History (10 events):
Event: 40.156 GC heap before
{Heap before GC invocations=13 (full 3):
 PSYoungGen      total 193536K, used 17380K [0x00000000e0000000, 0x00000000f0900000, 0x0000000100000000)
  eden space 176128K, 0% used [0x00000000e0000000,0x00000000e0000000,0x00000000eac00000)
  from space 17408K, 99% used [0x00000000ec580000,0x00000000ed679178,0x00000000ed680000)
  to   space 26112K, 0% used [0x00000000eac00000,0x00000000eac00000,0x00000000ec580000)
 ParOldGen       total 90624K, used 41220K [0x00000000a0000000, 0x00000000a5880000, 0x00000000e0000000)
  object space 90624K, 45% used [0x00000000a0000000,0x00000000a28410d8,0x00000000a5880000)
 Metaspace       used 57367K, capacity 58962K, committed 59096K, reserved 1099776K
  class space    used 7847K, capacity 8252K, committed 8320K, reserved 1048576K
Event: 40.396 GC heap after
Heap after GC invocations=13 (full 3):
 PSYoungGen      total 193536K, used 0K [0x00000000e0000000, 0x00000000f0900000, 0x0000000100000000)
  eden space 176128K, 0% used [0x00000000e0000000,0x00000000e0000000,0x00000000eac00000)
  from space 17408K, 0% used [0x00000000ec580000,0x00000000ec580000,0x00000000ed680000)
  to   space 26112K, 0% used [0x00000000eac00000,0x00000000eac00000,0x00000000ec580000)
 ParOldGen       total 155136K, used 49215K [0x00000000a0000000, 0x00000000a9780000, 0x00000000e0000000)
  object space 155136K, 31% used [0x00000000a0000000,0x00000000a300fca8,0x00000000a9780000)
 Metaspace       used 57364K, capacity 58950K, committed 59096K, reserved 1099776K
  class space    used 7846K, capacity 8250K, committed 8320K, reserved 1048576K
}
Event: 43.358 GC heap before
{Heap before GC invocations=14 (full 3):
 PSYoungGen      total 193536K, used 176128K [0x00000000e0000000, 0x00000000f0900000, 0x0000000100000000)
  eden space 176128K, 100% used [0x00000000e0000000,0x00000000eac00000,0x00000000eac00000)
  from space 17408K, 0% used [0x00000000ec580000,0x00000000ec580000,0x00000000ed680000)
  to   space 26112K, 0% used [0x00000000eac00000,0x00000000eac00000,0x00000000ec580000)
 ParOldGen       total 155136K, used 49215K [0x00000000a0000000, 0x00000000a9780000, 0x00000000e0000000)
  object space 155136K, 31% used [0x00000000a0000000,0x00000000a300fca8,0x00000000a9780000)
 Metaspace       used 64745K, capacity 66372K, committed 66560K, reserved 1107968K
  class space    used 8535K, capacity 8931K, committed 8960K, reserved 1048576K
Event: 43.437 GC heap after
Heap after GC invocations=14 (full 3):
 PSYoungGen      total 202240K, used 26110K [0x00000000e0000000, 0x00000000f1500000, 0x0000000100000000)
  eden space 176128K, 0% used [0x00000000e0000000,0x00000000e0000000,0x00000000eac00000)
  from space 26112K, 99% used [0x00000000eac00000,0x00000000ec57f820,0x00000000ec580000)
  to   space 31232K, 0% used [0x00000000ef680000,0x00000000ef680000,0x00000000f1500000)
 ParOldGen       total 155136K, used 52747K [0x00000000a0000000, 0x00000000a9780000, 0x00000000e0000000)
  object space 155136K, 34% used [0x00000000a0000000,0x00000000a3382fc0,0x00000000a9780000)
 Metaspace       used 64745K, capacity 66372K, committed 66560K, reserved 1107968K
  class space    used 8535K, capacity 8931K, committed 8960K, reserved 1048576K
}
Event: 45.592 GC heap before
{Heap before GC invocations=15 (full 3):
 PSYoungGen      total 202240K, used 202238K [0x00000000e0000000, 0x00000000f1500000, 0x0000000100000000)
  eden space 176128K, 100% used [0x00000000e0000000,0x00000000eac00000,0x00000000eac00000)
  from space 26112K, 99% used [0x00000000eac00000,0x00000000ec57f820,0x00000000ec580000)
  to   space 31232K, 0% used [0x00000000ef680000,0x00000000ef680000,0x00000000f1500000)
 ParOldGen       total 155136K, used 52747K [0x00000000a0000000, 0x00000000a9780000, 0x00000000e0000000)
  object space 155136K, 34% used [0x00000000a0000000,0x00000000a3382fc0,0x00000000a9780000)
 Metaspace       used 66731K, capacity 68332K, committed 68480K, reserved 1107968K
  class space    used 8888K, capacity 9295K, committed 9344K, reserved 1048576K
Event: 45.644 GC heap after
Heap after GC invocations=15 (full 3):
 PSYoungGen      total 207360K, used 31221K [0x00000000e0000000, 0x00000000f1500000, 0x0000000100000000)
  eden space 176128K, 0% used [0x00000000e0000000,0x00000000e0000000,0x00000000eac00000)
  from space 31232K, 99% used [0x00000000ef680000,0x00000000f14fd768,0x00000000f1500000)
  to   space 26112K, 0% used [0x00000000eac00000,0x00000000eac00000,0x00000000ec580000)
 ParOldGen       total 155136K, used 58571K [0x00000000a0000000, 0x00000000a9780000, 0x00000000e0000000)
  object space 155136K, 37% used [0x00000000a0000000,0x00000000a3932ee8,0x00000000a9780000)
 Metaspace       used 66731K, capacity 68332K, committed 68480K, reserved 1107968K
  class space    used 8888K, capacity 9295K, committed 9344K, reserved 1048576K
}
Event: 45.960 GC heap before
{Heap before GC invocations=16 (full 3):
 PSYoungGen      total 207360K, used 207349K [0x00000000e0000000, 0x00000000f1500000, 0x0000000100000000)
  eden space 176128K, 100% used [0x00000000e0000000,0x00000000eac00000,0x00000000eac00000)
  from space 31232K, 99% used [0x00000000ef680000,0x00000000f14fd768,0x00000000f1500000)
  to   space 26112K, 0% used [0x00000000eac00000,0x00000000eac00000,0x00000000ec580000)
 ParOldGen       total 155136K, used 58571K [0x00000000a0000000, 0x00000000a9780000, 0x00000000e0000000)
  object space 155136K, 37% used [0x00000000a0000000,0x00000000a3932ee8,0x00000000a9780000)
 Metaspace       used 66762K, capacity 68396K, committed 68480K, reserved 1107968K
  class space    used 8888K, capacity 9295K, committed 9344K, reserved 1048576K
Event: 46.004 GC heap after
Heap after GC invocations=16 (full 3):
 PSYoungGen      total 202240K, used 16393K [0x00000000e0000000, 0x00000000f3e80000, 0x0000000100000000)
  eden space 176128K, 0% used [0x00000000e0000000,0x00000000e0000000,0x00000000eac00000)
  from space 26112K, 62% used [0x00000000eac00000,0x00000000ebc026e8,0x00000000ec580000)
  to   space 36352K, 0% used [0x00000000f1b00000,0x00000000f1b00000,0x00000000f3e80000)
 ParOldGen       total 155136K, used 85888K [0x00000000a0000000, 0x00000000a9780000, 0x00000000e0000000)
  object space 155136K, 55% used [0x00000000a0000000,0x00000000a53e03e8,0x00000000a9780000)
 Metaspace       used 66762K, capacity 68396K, committed 68480K, reserved 1107968K
  class space    used 8888K, capacity 9295K, committed 9344K, reserved 1048576K
}
Event: 46.316 GC heap before
{Heap before GC invocations=17 (full 3):
 PSYoungGen      total 202240K, used 192521K [0x00000000e0000000, 0x00000000f3e80000, 0x0000000100000000)
  eden space 176128K, 100% used [0x00000000e0000000,0x00000000eac00000,0x00000000eac00000)
  from space 26112K, 62% used [0x00000000eac00000,0x00000000ebc026e8,0x00000000ec580000)
  to   space 36352K, 0% used [0x00000000f1b00000,0x00000000f1b00000,0x00000000f3e80000)
 ParOldGen       total 155136K, used 85888K [0x00000000a0000000, 0x00000000a9780000, 0x00000000e0000000)
  object space 155136K, 55% used [0x00000000a0000000,0x00000000a53e03e8,0x00000000a9780000)
 Metaspace       used 66776K, capacity 68396K, committed 68480K, reserved 1107968K
  class space    used 8888K, capacity 9295K, committed 9344K, reserved 1048576K
Event: 46.359 GC heap after
Heap after GC invocations=17 (full 3):
 PSYoungGen      total 291840K, used 16902K [0x00000000e0000000, 0x00000000f4180000, 0x0000000100000000)
  eden space 255488K, 0% used [0x00000000e0000000,0x00000000e0000000,0x00000000ef980000)
  from space 36352K, 46% used [0x00000000f1b00000,0x00000000f2b81898,0x00000000f3e80000)
  to   space 34304K, 0% used [0x00000000ef980000,0x00000000ef980000,0x00000000f1b00000)
 ParOldGen       total 155136K, used 98717K [0x00000000a0000000, 0x00000000a9780000, 0x00000000e0000000)
  object space 155136K, 63% used [0x00000000a0000000,0x00000000a6067428,0x00000000a9780000)
 Metaspace       used 66776K, capacity 68396K, committed 68480K, reserved 1107968K
  class space    used 8888K, capacity 9295K, committed 9344K, reserved 1048576K
}

