# JRE version: Java(TM) SE Runtime Environment (8.0_131-b11) (build 1.8.0_131-b11)
# Java VM: Java HotSpot(TM) 64-Bit Server VM (25.131-b11 mixed mode windows-amd64 compressed oops)
Heap:
 PSYoungGen      total 423424K, used 290420K [0x00000000e0000000, 0x0000000100000000, 0x0000000100000000)
  eden space 344576K, 84% used [0x00000000e0000000,0x00000000f1b9d248,0x00000000f5080000)
  from space 78848K, 0% used [0x00000000f5080000,0x00000000f5080000,0x00000000f9d80000)
  to   space 100864K, 0% used [0x00000000f9d80000,0x00000000f9d80000,0x0000000100000000)
 ParOldGen       total 180736K, used 180707K [0x00000000a0000000, 0x00000000ab080000, 0x00000000e0000000)
  object space 180736K, 99% used [0x00000000a0000000,0x00000000ab078e40,0x00000000ab080000)
 Metaspace       used 62831K, capacity 64426K, committed 64768K, reserved 1105920K
  class space    used 8536K, capacity 8894K, committed 8960K, reserved 1048576K
GC Heap History (10 events):
Event: 27.610 GC heap before
{Heap before GC invocations=30 (full 5):
 PSYoungGen      total 423424K, used 78848K [0x00000000e0000000, 0x0000000100000000, 0x0000000100000000)
  eden space 344576K, 0% used [0x00000000e0000000,0x00000000e0000000,0x00000000f5080000)
  from space 78848K, 100% used [0x00000000f5080000,0x00000000f9d80000,0x00000000f9d80000)
  to   space 100864K, 0% used [0x00000000f9d80000,0x00000000f9d80000,0x0000000100000000)
 ParOldGen       total 180736K, used 180415K [0x00000000a0000000, 0x00000000ab080000, 0x00000000e0000000)
  object space 180736K, 99% used [0x00000000a0000000,0x00000000ab02fc10,0x00000000ab080000)
 Metaspace       used 60295K, capacity 61884K, committed 62080K, reserved 1101824K
  class space    used 8335K, capacity 8705K, committed 8832K, reserved 1048576K
Event: 28.866 GC heap after
Heap after GC invocations=30 (full 5):
 PSYoungGen      total 423424K, used 43766K [0x00000000e0000000, 0x0000000100000000, 0x0000000100000000)
  eden space 344576K, 0% used [0x00000000e0000000,0x00000000e0000000,0x00000000f5080000)
  from space 78848K, 55% used [0x00000000f5080000,0x00000000f7b3d840,0x00000000f9d80000)
  to   space 100864K, 0% used [0x00000000f9d80000,0x00000000f9d80000,0x0000000100000000)
 ParOldGen       total 180736K, used 180600K [0x00000000a0000000, 0x00000000ab080000, 0x00000000e0000000)
  object space 180736K, 99% used [0x00000000a0000000,0x00000000ab05e110,0x00000000ab080000)
 Metaspace       used 60284K, capacity 61866K, committed 62080K, reserved 1101824K
  class space    used 8334K, capacity 8702K, committed 8832K, reserved 1048576K
}
Event: 30.101 GC heap before
{Heap before GC invocations=31 (full 6):
 PSYoungGen      total 423424K, used 388342K [0x00000000e0000000, 0x0000000100000000, 0x0000000100000000)
  eden space 344576K, 100% used [0x00000000e0000000,0x00000000f5080000,0x00000000f5080000)
  from space 78848K, 55% used [0x00000000f5080000,0x00000000f7b3d840,0x00000000f9d80000)
  to   space 100864K, 0% used [0x00000000f9d80000,0x00000000f9d80000,0x0000000100000000)
 ParOldGen       total 180736K, used 180600K [0x00000000a0000000, 0x00000000ab080000, 0x00000000e0000000)
  object space 180736K, 99% used [0x00000000a0000000,0x00000000ab05e110,0x00000000ab080000)
 Metaspace       used 61153K, capacity 62666K, committed 62848K, reserved 1103872K
  class space    used 8439K, capacity 8798K, committed 8832K, reserved 1048576K
Event: 31.143 GC heap after
Heap after GC invocations=31 (full 6):
 PSYoungGen      total 423424K, used 55257K [0x00000000e0000000, 0x0000000100000000, 0x0000000100000000)
  eden space 344576K, 16% used [0x00000000e0000000,0x00000000e35f6608,0x00000000f5080000)
  from space 78848K, 0% used [0x00000000f5080000,0x00000000f5080000,0x00000000f9d80000)
  to   space 100864K, 0% used [0x00000000f9d80000,0x00000000f9d80000,0x0000000100000000)
 ParOldGen       total 180736K, used 180685K [0x00000000a0000000, 0x00000000ab080000, 0x00000000e0000000)
  object space 180736K, 99% used [0x00000000a0000000,0x00000000ab0737e0,0x00000000ab080000)
 Metaspace       used 61153K, capacity 62666K, committed 62848K, reserved 1103872K
  class space    used 8439K, capacity 8798K, committed 8832K, reserved 1048576K
}
Event: 31.809 GC heap before
{Heap before GC invocations=32 (full 7):
 PSYoungGen      total 423424K, used 344576K [0x00000000e0000000, 0x0000000100000000, 0x0000000100000000)
  eden space 344576K, 100% used [0x00000000e0000000,0x00000000f5080000,0x00000000f5080000)
  from space 78848K, 0% used [0x00000000f5080000,0x00000000f5080000,0x00000000f9d80000)
  to   space 100864K, 0% used [0x00000000f9d80000,0x00000000f9d80000,0x0000000100000000)
 ParOldGen       total 180736K, used 180685K [0x00000000a0000000, 0x00000000ab080000, 0x00000000e0000000)
  object space 180736K, 99% used [0x00000000a0000000,0x00000000ab0737e0,0x00000000ab080000)
 Metaspace       used 61158K, capacity 62666K, committed 62848K, reserved 1103872K
  class space    used 8439K, capacity 8798K, committed 8832K, reserved 1048576K
Event: 32.710 GC heap after
Heap after GC invocations=32 (full 7):
 PSYoungGen      total 423424K, used 57098K [0x00000000e0000000, 0x0000000100000000, 0x0000000100000000)
  eden space 344576K, 16% used [0x00000000e0000000,0x00000000e37c28b8,0x00000000f5080000)
  from space 78848K, 0% used [0x00000000f5080000,0x00000000f5080000,0x00000000f9d80000)
  to   space 100864K, 0% used [0x00000000f9d80000,0x00000000f9d80000,0x0000000100000000)
 ParOldGen       total 180736K, used 180474K [0x00000000a0000000, 0x00000000ab080000, 0x00000000e0000000)
  object space 180736K, 99% used [0x00000000a0000000,0x00000000ab03e870,0x00000000ab080000)
 Metaspace       used 61158K, capacity 62666K, committed 62848K, reserved 1103872K
  class space    used 8439K, capacity 8798K, committed 8832K, reserved 1048576K
}
Event: 33.557 GC heap before
{Heap before GC invocations=33 (full 8):
 PSYoungGen      total 423424K, used 344576K [0x00000000e0000000, 0x0000000100000000, 0x0000000100000000)
  eden space 344576K, 100% used [0x00000000e0000000,0x00000000f5080000,0x00000000f5080000)
  from space 78848K, 0% used [0x00000000f5080000,0x00000000f5080000,0x00000000f9d80000)
  to   space 100864K, 0% used [0x00000000f9d80000,0x00000000f9d80000,0x0000000100000000)
 ParOldGen       total 180736K, used 180474K [0x00000000a0000000, 0x00000000ab080000, 0x00000000e0000000)
  object space 180736K, 99% used [0x00000000a0000000,0x00000000ab03e870,0x00000000ab080000)
 Metaspace       used 62054K, capacity 63562K, committed 63744K, reserved 1103872K
  class space    used 8502K, capacity 8862K, committed 8960K, reserved 1048576K
Event: 34.680 GC heap after
Heap after GC invocations=33 (full 8):
 PSYoungGen      total 423424K, used 60124K [0x00000000e0000000, 0x0000000100000000, 0x0000000100000000)
  eden space 344576K, 17% used [0x00000000e0000000,0x00000000e3ab72c8,0x00000000f5080000)
  from space 78848K, 0% used [0x00000000f5080000,0x00000000f5080000,0x00000000f9d80000)
  to   space 100864K, 0% used [0x00000000f9d80000,0x00000000f9d80000,0x0000000100000000)
 ParOldGen       total 180736K, used 180644K [0x00000000a0000000, 0x00000000ab080000, 0x00000000e0000000)
  object space 180736K, 99% used [0x00000000a0000000,0x00000000ab0692e8,0x00000000ab080000)
 Metaspace       used 62054K, capacity 63562K, committed 63744K, reserved 1103872K
  class space    used 8502K, capacity 8862K, committed 8960K, reserved 1048576K
}
Event: 35.475 GC heap before
{Heap before GC invocations=34 (full 9):
 PSYoungGen      total 423424K, used 344576K [0x00000000e0000000, 0x0000000100000000, 0x0000000100000000)
  eden space 344576K, 100% used [0x00000000e0000000,0x00000000f5080000,0x00000000f5080000)
  from space 78848K, 0% used [0x00000000f5080000,0x00000000f5080000,0x00000000f9d80000)
  to   space 100864K, 0% used [0x00000000f9d80000,0x00000000f9d80000,0x0000000100000000)
 ParOldGen       total 180736K, used 180644K [0x00000000a0000000, 0x00000000ab080000, 0x00000000e0000000)
  object space 180736K, 99% used [0x00000000a0000000,0x00000000ab0692e8,0x00000000ab080000)
 Metaspace       used 62096K, capacity 63626K, committed 64000K, reserved 1103872K
  class space    used 8503K, capacity 8862K, committed 8960K, reserved 1048576K
Event: 36.392 GC heap after
Heap after GC invocations=34 (full 9):
 PSYoungGen      total 423424K, used 44887K [0x00000000e0000000, 0x0000000100000000, 0x0000000100000000)
  eden space 344576K, 13% used [0x00000000e0000000,0x00000000e2bd5f08,0x00000000f5080000)
  from space 78848K, 0% used [0x00000000f5080000,0x00000000f5080000,0x00000000f9d80000)
  to   space 100864K, 0% used [0x00000000f9d80000,0x00000000f9d80000,0x0000000100000000)
 ParOldGen       total 180736K, used 180707K [0x00000000a0000000, 0x00000000ab080000, 0x00000000e0000000)
  object space 180736K, 99% used [0x00000000a0000000,0x00000000ab078e40,0x00000000ab080000)
 Metaspace       used 62096K, capacity 63626K, committed 64000K, reserved 1103872K
  class space    used 8503K, capacity 8862K, committed 8960K, reserved 1048576K
}

