# JRE version: Java(TM) SE Runtime Environment (8.0_131-b11) (build 1.8.0_131-b11)
# Java VM: Java HotSpot(TM) 64-Bit Server VM (25.131-b11 mixed mode windows-amd64 compressed oops)
Heap:
 PSYoungGen      total 377856K, used 164451K [0x00000000e0000000, 0x00000000ffa80000, 0x0000000100000000)
  eden space 233984K, 67% used [0x00000000e0000000,0x00000000e9958460,0x00000000ee480000)
  from space 143872K, 5% used [0x00000000f6e00000,0x00000000f7540a00,0x00000000ffa80000)
  to   space 140800K, 0% used [0x00000000ee480000,0x00000000ee480000,0x00000000f6e00000)
 ParOldGen       total 163840K, used 47020K [0x00000000a0000000, 0x00000000aa000000, 0x00000000e0000000)
  object space 163840K, 28% used [0x00000000a0000000,0x00000000a2deb2c8,0x00000000aa000000)
 Metaspace       used 66204K, capacity 68156K, committed 68312K, reserved 1107968K
  class space    used 8861K, capacity 9325K, committed 9432K, reserved 1048576K
GC Heap History (10 events):
Event: 100.208 GC heap before
{Heap before GC invocations=70 (full 17):
 PSYoungGen      total 376320K, used 12319K [0x00000000e0000000, 0x00000000ffe80000, 0x0000000100000000)
  eden space 230912K, 5% used [0x00000000e0000000,0x00000000e0c07d60,0x00000000ee180000)
  from space 145408K, 0% used [0x00000000f7080000,0x00000000f7080000,0x00000000ffe80000)
  to   space 145920K, 0% used [0x00000000ee180000,0x00000000ee180000,0x00000000f7000000)
 ParOldGen       total 163840K, used 50758K [0x00000000a0000000, 0x00000000aa000000, 0x00000000e0000000)
  object space 163840K, 30% used [0x00000000a0000000,0x00000000a3191b98,0x00000000aa000000)
 Metaspace       used 65383K, capacity 67166K, committed 67416K, reserved 1107968K
  class space    used 8814K, capacity 9248K, committed 9304K, reserved 1048576K
Event: 100.211 GC heap after
Heap after GC invocations=70 (full 17):
 PSYoungGen      total 376832K, used 1225K [0x00000000e0000000, 0x0000000100000000, 0x0000000100000000)
  eden space 230912K, 0% used [0x00000000e0000000,0x00000000e0000000,0x00000000ee180000)
  from space 145920K, 0% used [0x00000000ee180000,0x00000000ee2b2608,0x00000000f7000000)
  to   space 147456K, 0% used [0x00000000f7000000,0x00000000f7000000,0x0000000100000000)
 ParOldGen       total 163840K, used 50758K [0x00000000a0000000, 0x00000000aa000000, 0x00000000e0000000)
  object space 163840K, 30% used [0x00000000a0000000,0x00000000a3191b98,0x00000000aa000000)
 Metaspace       used 65383K, capacity 67166K, committed 67416K, reserved 1107968K
  class space    used 8814K, capacity 9248K, committed 9304K, reserved 1048576K
}
Event: 100.211 GC heap before
{Heap before GC invocations=71 (full 18):
 PSYoungGen      total 376832K, used 1225K [0x00000000e0000000, 0x0000000100000000, 0x0000000100000000)
  eden space 230912K, 0% used [0x00000000e0000000,0x00000000e0000000,0x00000000ee180000)
  from space 145920K, 0% used [0x00000000ee180000,0x00000000ee2b2608,0x00000000f7000000)
  to   space 147456K, 0% used [0x00000000f7000000,0x00000000f7000000,0x0000000100000000)
 ParOldGen       total 163840K, used 50758K [0x00000000a0000000, 0x00000000aa000000, 0x00000000e0000000)
  object space 163840K, 30% used [0x00000000a0000000,0x00000000a3191b98,0x00000000aa000000)
 Metaspace       used 65383K, capacity 67166K, committed 67416K, reserved 1107968K
  class space    used 8814K, capacity 9248K, committed 9304K, reserved 1048576K
Event: 100.652 GC heap after
Heap after GC invocations=71 (full 18):
 PSYoungGen      total 376832K, used 0K [0x00000000e0000000, 0x0000000100000000, 0x0000000100000000)
  eden space 230912K, 0% used [0x00000000e0000000,0x00000000e0000000,0x00000000ee180000)
  from space 145920K, 0% used [0x00000000ee180000,0x00000000ee180000,0x00000000f7000000)
  to   space 147456K, 0% used [0x00000000f7000000,0x00000000f7000000,0x0000000100000000)
 ParOldGen       total 163840K, used 47004K [0x00000000a0000000, 0x00000000aa000000, 0x00000000e0000000)
  object space 163840K, 28% used [0x00000000a0000000,0x00000000a2de72c8,0x00000000aa000000)
 Metaspace       used 65383K, capacity 67166K, committed 67416K, reserved 1107968K
  class space    used 8814K, capacity 9248K, committed 9304K, reserved 1048576K
}
Event: 126.023 GC heap before
{Heap before GC invocations=72 (full 18):
 PSYoungGen      total 376832K, used 230912K [0x00000000e0000000, 0x0000000100000000, 0x0000000100000000)
  eden space 230912K, 100% used [0x00000000e0000000,0x00000000ee180000,0x00000000ee180000)
  from space 145920K, 0% used [0x00000000ee180000,0x00000000ee180000,0x00000000f7000000)
  to   space 147456K, 0% used [0x00000000f7000000,0x00000000f7000000,0x0000000100000000)
 ParOldGen       total 163840K, used 47004K [0x00000000a0000000, 0x00000000aa000000, 0x00000000e0000000)
  object space 163840K, 28% used [0x00000000a0000000,0x00000000a2de72c8,0x00000000aa000000)
 Metaspace       used 66204K, capacity 68156K, committed 68312K, reserved 1107968K
  class space    used 8861K, capacity 9325K, committed 9432K, reserved 1048576K
Event: 126.031 GC heap after
Heap after GC invocations=72 (full 18):
 PSYoungGen      total 377344K, used 5700K [0x00000000e0000000, 0x00000000fff80000, 0x0000000100000000)
  eden space 230400K, 0% used [0x00000000e0000000,0x00000000e0000000,0x00000000ee100000)
  from space 146944K, 3% used [0x00000000f7000000,0x00000000f7591298,0x00000000fff80000)
  to   space 146432K, 0% used [0x00000000ee100000,0x00000000ee100000,0x00000000f7000000)
 ParOldGen       total 163840K, used 47012K [0x00000000a0000000, 0x00000000aa000000, 0x00000000e0000000)
  object space 163840K, 28% used [0x00000000a0000000,0x00000000a2de92c8,0x00000000aa000000)
 Metaspace       used 66204K, capacity 68156K, committed 68312K, reserved 1107968K
  class space    used 8861K, capacity 9325K, committed 9432K, reserved 1048576K
}
Event: 126.621 GC heap before
{Heap before GC invocations=73 (full 18):
 PSYoungGen      total 377344K, used 236100K [0x00000000e0000000, 0x00000000fff80000, 0x0000000100000000)
  eden space 230400K, 100% used [0x00000000e0000000,0x00000000ee100000,0x00000000ee100000)
  from space 146944K, 3% used [0x00000000f7000000,0x00000000f7591298,0x00000000fff80000)
  to   space 146432K, 0% used [0x00000000ee100000,0x00000000ee100000,0x00000000f7000000)
 ParOldGen       total 163840K, used 47012K [0x00000000a0000000, 0x00000000aa000000, 0x00000000e0000000)
  object space 163840K, 28% used [0x00000000a0000000,0x00000000a2de92c8,0x00000000aa000000)
 Metaspace       used 66204K, capacity 68156K, committed 68312K, reserved 1107968K
  class space    used 8861K, capacity 9325K, committed 9432K, reserved 1048576K
Event: 126.629 GC heap after
Heap after GC invocations=73 (full 18):
 PSYoungGen      total 237056K, used 6478K [0x00000000e0000000, 0x00000000ffa80000, 0x0000000100000000)
  eden space 230400K, 0% used [0x00000000e0000000,0x00000000e0000000,0x00000000ee100000)
  from space 6656K, 97% used [0x00000000ee100000,0x00000000ee753960,0x00000000ee780000)
  to   space 143872K, 0% used [0x00000000f6e00000,0x00000000f6e00000,0x00000000ffa80000)
 ParOldGen       total 163840K, used 47020K [0x00000000a0000000, 0x00000000aa000000, 0x00000000e0000000)
  object space 163840K, 28% used [0x00000000a0000000,0x00000000a2deb2c8,0x00000000aa000000)
 Metaspace       used 66204K, capacity 68156K, committed 68312K, reserved 1107968K
  class space    used 8861K, capacity 9325K, committed 9432K, reserved 1048576K
}
Event: 127.272 GC heap before
{Heap before GC invocations=74 (full 18):
 PSYoungGen      total 237056K, used 236878K [0x00000000e0000000, 0x00000000ffa80000, 0x0000000100000000)
  eden space 230400K, 100% used [0x00000000e0000000,0x00000000ee100000,0x00000000ee100000)
  from space 6656K, 97% used [0x00000000ee100000,0x00000000ee753960,0x00000000ee780000)
  to   space 143872K, 0% used [0x00000000f6e00000,0x00000000f6e00000,0x00000000ffa80000)
 ParOldGen       total 163840K, used 47020K [0x00000000a0000000, 0x00000000aa000000, 0x00000000e0000000)
  object space 163840K, 28% used [0x00000000a0000000,0x00000000a2deb2c8,0x00000000aa000000)
 Metaspace       used 66204K, capacity 68156K, committed 68312K, reserved 1107968K
  class space    used 8861K, capacity 9325K, committed 9432K, reserved 1048576K
Event: 127.284 GC heap after
Heap after GC invocations=74 (full 18):
 PSYoungGen      total 377856K, used 7426K [0x00000000e0000000, 0x00000000ffa80000, 0x0000000100000000)
  eden space 233984K, 0% used [0x00000000e0000000,0x00000000e0000000,0x00000000ee480000)
  from space 143872K, 5% used [0x00000000f6e00000,0x00000000f7540a00,0x00000000ffa80000)
  to   space 140800K, 0% used [0x00000000ee480000,0x00000000ee480000,0x00000000f6e00000)
 ParOldGen       total 163840K, used 47020K [0x00000000a0000000, 0x00000000aa000000, 0x00000000e0000000)
  object space 163840K, 28% used [0x00000000a0000000,0x00000000a2deb2c8,0x00000000aa000000)
 Metaspace       used 66204K, capacity 68156K, committed 68312K, reserved 1107968K
  class space    used 8861K, capacity 9325K, committed 9432K, reserved 1048576K
}

