# JRE version: Java(TM) SE Runtime Environment (8.0_131-b11) (build 1.8.0_131-b11)
# Java VM: Java HotSpot(TM) 64-Bit Server VM (25.131-b11 mixed mode windows-amd64 compressed oops)
Heap:
 PSYoungGen      total 333824K, used 308277K [0x00000000e0000000, 0x0000000100000000, 0x0000000100000000)
  eden space 175104K, 100% used [0x00000000e0000000,0x00000000eab00000,0x00000000eab00000)
  from space 158720K, 83% used [0x00000000f6500000,0x00000000fe70d460,0x0000000100000000)
  to   space 174592K, 4% used [0x00000000eab00000,0x00000000eb200010,0x00000000f5580000)
 ParOldGen       total 617472K, used 347346K [0x00000000a0000000, 0x00000000c5b00000, 0x00000000e0000000)
  object space 617472K, 56% used [0x00000000a0000000,0x00000000b53348d8,0x00000000c5b00000)
 Metaspace       used 75483K, capacity 78266K, committed 78464K, reserved 1118208K
  class space    used 10016K, capacity 10588K, committed 10624K, reserved 1048576K
GC Heap History (10 events):
Event: 324.357 GC heap before
{Heap before GC invocations=34 (full 7):
 PSYoungGen      total 331264K, used 331247K [0x00000000e0000000, 0x0000000100000000, 0x0000000100000000)
  eden space 188416K, 100% used [0x00000000e0000000,0x00000000eb800000,0x00000000eb800000)
  from space 142848K, 99% used [0x00000000f7480000,0x00000000ffffbc20,0x0000000100000000)
  to   space 167936K, 0% used [0x00000000eb800000,0x00000000eb800000,0x00000000f5c00000)
 ParOldGen       total 474112K, used 270006K [0x00000000a0000000, 0x00000000bcf00000, 0x00000000e0000000)
  object space 474112K, 56% used [0x00000000a0000000,0x00000000b07ad9a0,0x00000000bcf00000)
 Metaspace       used 72615K, capacity 75380K, committed 76416K, reserved 1116160K
  class space    used 9684K, capacity 10267K, committed 10368K, reserved 1048576K
Event: 324.547 GC heap after
Heap after GC invocations=34 (full 7):
 PSYoungGen      total 356352K, used 60772K [0x00000000e0000000, 0x0000000100000000, 0x0000000100000000)
  eden space 188416K, 0% used [0x00000000e0000000,0x00000000e0000000,0x00000000eb800000)
  from space 167936K, 36% used [0x00000000eb800000,0x00000000ef3590d0,0x00000000f5c00000)
  to   space 157696K, 0% used [0x00000000f6600000,0x00000000f6600000,0x0000000100000000)
 ParOldGen       total 474112K, used 408866K [0x00000000a0000000, 0x00000000bcf00000, 0x00000000e0000000)
  object space 474112K, 86% used [0x00000000a0000000,0x00000000b8f48b90,0x00000000bcf00000)
 Metaspace       used 72615K, capacity 75380K, committed 76416K, reserved 1116160K
  class space    used 9684K, capacity 10267K, committed 10368K, reserved 1048576K
}
Event: 324.547 GC heap before
{Heap before GC invocations=35 (full 8):
 PSYoungGen      total 356352K, used 60772K [0x00000000e0000000, 0x0000000100000000, 0x0000000100000000)
  eden space 188416K, 0% used [0x00000000e0000000,0x00000000e0000000,0x00000000eb800000)
  from space 167936K, 36% used [0x00000000eb800000,0x00000000ef3590d0,0x00000000f5c00000)
  to   space 157696K, 0% used [0x00000000f6600000,0x00000000f6600000,0x0000000100000000)
 ParOldGen       total 474112K, used 408866K [0x00000000a0000000, 0x00000000bcf00000, 0x00000000e0000000)
  object space 474112K, 86% used [0x00000000a0000000,0x00000000b8f48b90,0x00000000bcf00000)
 Metaspace       used 72615K, capacity 75380K, committed 76416K, reserved 1116160K
  class space    used 9684K, capacity 10267K, committed 10368K, reserved 1048576K
Event: 325.661 GC heap after
Heap after GC invocations=35 (full 8):
 PSYoungGen      total 356352K, used 0K [0x00000000e0000000, 0x0000000100000000, 0x0000000100000000)
  eden space 188416K, 0% used [0x00000000e0000000,0x00000000e0000000,0x00000000eb800000)
  from space 167936K, 0% used [0x00000000eb800000,0x00000000eb800000,0x00000000f5c00000)
  to   space 157696K, 0% used [0x00000000f6600000,0x00000000f6600000,0x0000000100000000)
 ParOldGen       total 617472K, used 347335K [0x00000000a0000000, 0x00000000c5b00000, 0x00000000e0000000)
  object space 617472K, 56% used [0x00000000a0000000,0x00000000b5331db0,0x00000000c5b00000)
 Metaspace       used 72615K, capacity 75380K, committed 76416K, reserved 1116160K
  class space    used 9684K, capacity 10267K, committed 10368K, reserved 1048576K
}
Event: 326.127 GC heap before
{Heap before GC invocations=36 (full 8):
 PSYoungGen      total 356352K, used 188416K [0x00000000e0000000, 0x0000000100000000, 0x0000000100000000)
  eden space 188416K, 100% used [0x00000000e0000000,0x00000000eb800000,0x00000000eb800000)
  from space 167936K, 0% used [0x00000000eb800000,0x00000000eb800000,0x00000000f5c00000)
  to   space 157696K, 0% used [0x00000000f6600000,0x00000000f6600000,0x0000000100000000)
 ParOldGen       total 617472K, used 347335K [0x00000000a0000000, 0x00000000c5b00000, 0x00000000e0000000)
  object space 617472K, 56% used [0x00000000a0000000,0x00000000b5331e90,0x00000000c5b00000)
 Metaspace       used 72616K, capacity 75380K, committed 76416K, reserved 1116160K
  class space    used 9684K, capacity 10267K, committed 10368K, reserved 1048576K
Event: 326.181 GC heap after
Heap after GC invocations=36 (full 8):
 PSYoungGen      total 327680K, used 57006K [0x00000000e0000000, 0x00000000fe400000, 0x0000000100000000)
  eden space 198656K, 0% used [0x00000000e0000000,0x00000000e0000000,0x00000000ec200000)
  from space 129024K, 44% used [0x00000000f6600000,0x00000000f9daba80,0x00000000fe400000)
  to   space 148480K, 0% used [0x00000000ec200000,0x00000000ec200000,0x00000000f5300000)
 ParOldGen       total 617472K, used 347335K [0x00000000a0000000, 0x00000000c5b00000, 0x00000000e0000000)
  object space 617472K, 56% used [0x00000000a0000000,0x00000000b5331e90,0x00000000c5b00000)
 Metaspace       used 72616K, capacity 75380K, committed 76416K, reserved 1116160K
  class space    used 9684K, capacity 10267K, committed 10368K, reserved 1048576K
}
Event: 327.278 GC heap before
{Heap before GC invocations=37 (full 8):
 PSYoungGen      total 327680K, used 255662K [0x00000000e0000000, 0x00000000fe400000, 0x0000000100000000)
  eden space 198656K, 100% used [0x00000000e0000000,0x00000000ec200000,0x00000000ec200000)
  from space 129024K, 44% used [0x00000000f6600000,0x00000000f9daba80,0x00000000fe400000)
  to   space 148480K, 0% used [0x00000000ec200000,0x00000000ec200000,0x00000000f5300000)
 ParOldGen       total 617472K, used 347338K [0x00000000a0000000, 0x00000000c5b00000, 0x00000000e0000000)
  object space 617472K, 56% used [0x00000000a0000000,0x00000000b53328d8,0x00000000c5b00000)
 Metaspace       used 72617K, capacity 75380K, committed 76416K, reserved 1116160K
  class space    used 9684K, capacity 10267K, committed 10368K, reserved 1048576K
Event: 327.379 GC heap after
Heap after GC invocations=37 (full 8):
 PSYoungGen      total 347136K, used 112060K [0x00000000e0000000, 0x0000000100000000, 0x0000000100000000)
  eden space 198656K, 0% used [0x00000000e0000000,0x00000000e0000000,0x00000000ec200000)
  from space 148480K, 75% used [0x00000000ec200000,0x00000000f2f6f1e0,0x00000000f5300000)
  to   space 158720K, 0% used [0x00000000f6500000,0x00000000f6500000,0x0000000100000000)
 ParOldGen       total 617472K, used 347338K [0x00000000a0000000, 0x00000000c5b00000, 0x00000000e0000000)
  object space 617472K, 56% used [0x00000000a0000000,0x00000000b53328d8,0x00000000c5b00000)
 Metaspace       used 72617K, capacity 75380K, committed 76416K, reserved 1116160K
  class space    used 9684K, capacity 10267K, committed 10368K, reserved 1048576K
}
Event: 334.432 GC heap before
{Heap before GC invocations=38 (full 8):
 PSYoungGen      total 347136K, used 310716K [0x00000000e0000000, 0x0000000100000000, 0x0000000100000000)
  eden space 198656K, 100% used [0x00000000e0000000,0x00000000ec200000,0x00000000ec200000)
  from space 148480K, 75% used [0x00000000ec200000,0x00000000f2f6f1e0,0x00000000f5300000)
  to   space 158720K, 0% used [0x00000000f6500000,0x00000000f6500000,0x0000000100000000)
 ParOldGen       total 617472K, used 347338K [0x00000000a0000000, 0x00000000c5b00000, 0x00000000e0000000)
  object space 617472K, 56% used [0x00000000a0000000,0x00000000b53328d8,0x00000000c5b00000)
 Metaspace       used 75104K, capacity 77914K, committed 78208K, reserved 1116160K
  class space    used 9975K, capacity 10556K, committed 10624K, reserved 1048576K
Event: 334.564 GC heap after
Heap after GC invocations=38 (full 8):
 PSYoungGen      total 333824K, used 133173K [0x00000000e0000000, 0x0000000100000000, 0x0000000100000000)
  eden space 175104K, 0% used [0x00000000e0000000,0x00000000e0000000,0x00000000eab00000)
  from space 158720K, 83% used [0x00000000f6500000,0x00000000fe70d460,0x0000000100000000)
  to   space 174592K, 0% used [0x00000000eab00000,0x00000000eab00000,0x00000000f5580000)
 ParOldGen       total 617472K, used 347346K [0x00000000a0000000, 0x00000000c5b00000, 0x00000000e0000000)
  object space 617472K, 56% used [0x00000000a0000000,0x00000000b53348d8,0x00000000c5b00000)
 Metaspace       used 75104K, capacity 77914K, committed 78208K, reserved 1116160K
  class space    used 9975K, capacity 10556K, committed 10624K, reserved 1048576K
}

