# JRE version: Java(TM) SE Runtime Environment (8.0_131-b11) (build 1.8.0_131-b11)
# Java VM: Java HotSpot(TM) 64-Bit Server VM (25.131-b11 mixed mode windows-amd64 compressed oops)
Heap:
 PSYoungGen      total 166400K, used 56425K [0x00000000e0000000, 0x00000000eef80000, 0x0000000100000000)
  eden space 142336K, 24% used [0x00000000e0000000,0x00000000e218aaf8,0x00000000e8b00000)
  from space 24064K, 91% used [0x00000000e8b00000,0x00000000ea08f978,0x00000000ea280000)
  to   space 26624K, 0% used [0x00000000ed580000,0x00000000ed580000,0x00000000eef80000)
 ParOldGen       total 158720K, used 48501K [0x00000000a0000000, 0x00000000a9b00000, 0x00000000e0000000)
  object space 158720K, 30% used [0x00000000a0000000,0x00000000a2f5d498,0x00000000a9b00000)
 Metaspace       used 64273K, capacity 65822K, committed 65920K, reserved 1105920K
  class space    used 8449K, capacity 8832K, committed 8832K, reserved 1048576K
GC Heap History (10 events):
Event: 32.790 GC heap before
{Heap before GC invocations=14 (full 2):
 PSYoungGen      total 114688K, used 114676K [0x00000000e0000000, 0x00000000e8f00000, 0x0000000100000000)
  eden space 103424K, 100% used [0x00000000e0000000,0x00000000e6500000,0x00000000e6500000)
  from space 11264K, 99% used [0x00000000e6500000,0x00000000e6ffd120,0x00000000e7000000)
  to   space 14336K, 0% used [0x00000000e8100000,0x00000000e8100000,0x00000000e8f00000)
 ParOldGen       total 102912K, used 22382K [0x00000000a0000000, 0x00000000a6480000, 0x00000000e0000000)
  object space 102912K, 21% used [0x00000000a0000000,0x00000000a15dbaf0,0x00000000a6480000)
 Metaspace       used 52062K, capacity 53610K, committed 53888K, reserved 1095680K
  class space    used 7071K, capacity 7438K, committed 7552K, reserved 1048576K
Event: 32.816 GC heap after
Heap after GC invocations=14 (full 2):
 PSYoungGen      total 129024K, used 14324K [0x00000000e0000000, 0x00000000e9b80000, 0x0000000100000000)
  eden space 114688K, 0% used [0x00000000e0000000,0x00000000e0000000,0x00000000e7000000)
  from space 14336K, 99% used [0x00000000e8100000,0x00000000e8efd120,0x00000000e8f00000)
  to   space 17408K, 0% used [0x00000000e7000000,0x00000000e7000000,0x00000000e8100000)
 ParOldGen       total 102912K, used 25803K [0x00000000a0000000, 0x00000000a6480000, 0x00000000e0000000)
  object space 102912K, 25% used [0x00000000a0000000,0x00000000a1932d70,0x00000000a6480000)
 Metaspace       used 52062K, capacity 53610K, committed 53888K, reserved 1095680K
  class space    used 7071K, capacity 7438K, committed 7552K, reserved 1048576K
}
Event: 35.000 GC heap before
{Heap before GC invocations=15 (full 2):
 PSYoungGen      total 129024K, used 129012K [0x00000000e0000000, 0x00000000e9b80000, 0x0000000100000000)
  eden space 114688K, 100% used [0x00000000e0000000,0x00000000e7000000,0x00000000e7000000)
  from space 14336K, 99% used [0x00000000e8100000,0x00000000e8efd120,0x00000000e8f00000)
  to   space 17408K, 0% used [0x00000000e7000000,0x00000000e7000000,0x00000000e8100000)
 ParOldGen       total 102912K, used 25803K [0x00000000a0000000, 0x00000000a6480000, 0x00000000e0000000)
  object space 102912K, 25% used [0x00000000a0000000,0x00000000a1932d70,0x00000000a6480000)
 Metaspace       used 55782K, capacity 57338K, committed 57472K, reserved 1099776K
  class space    used 7700K, capacity 8054K, committed 8064K, reserved 1048576K
Event: 35.042 GC heap after
Heap after GC invocations=15 (full 2):
 PSYoungGen      total 132096K, used 17393K [0x00000000e0000000, 0x00000000eb900000, 0x0000000100000000)
  eden space 114688K, 0% used [0x00000000e0000000,0x00000000e0000000,0x00000000e7000000)
  from space 17408K, 99% used [0x00000000e7000000,0x00000000e80fc4c0,0x00000000e8100000)
  to   space 23040K, 0% used [0x00000000ea280000,0x00000000ea280000,0x00000000eb900000)
 ParOldGen       total 102912K, used 35552K [0x00000000a0000000, 0x00000000a6480000, 0x00000000e0000000)
  object space 102912K, 34% used [0x00000000a0000000,0x00000000a22b8320,0x00000000a6480000)
 Metaspace       used 55782K, capacity 57338K, committed 57472K, reserved 1099776K
  class space    used 7700K, capacity 8054K, committed 8064K, reserved 1048576K
}
Event: 35.462 GC heap before
{Heap before GC invocations=16 (full 2):
 PSYoungGen      total 132096K, used 46338K [0x00000000e0000000, 0x00000000eb900000, 0x0000000100000000)
  eden space 114688K, 25% used [0x00000000e0000000,0x00000000e1c44410,0x00000000e7000000)
  from space 17408K, 99% used [0x00000000e7000000,0x00000000e80fc4c0,0x00000000e8100000)
  to   space 23040K, 0% used [0x00000000ea280000,0x00000000ea280000,0x00000000eb900000)
 ParOldGen       total 102912K, used 35552K [0x00000000a0000000, 0x00000000a6480000, 0x00000000e0000000)
  object space 102912K, 34% used [0x00000000a0000000,0x00000000a22b8320,0x00000000a6480000)
 Metaspace       used 57484K, capacity 58976K, committed 59136K, reserved 1099776K
  class space    used 7805K, capacity 8151K, committed 8192K, reserved 1048576K
Event: 35.505 GC heap after
Heap after GC invocations=16 (full 2):
 PSYoungGen      total 165376K, used 15402K [0x00000000e0000000, 0x00000000ecd00000, 0x0000000100000000)
  eden space 142336K, 0% used [0x00000000e0000000,0x00000000e0000000,0x00000000e8b00000)
  from space 23040K, 66% used [0x00000000ea280000,0x00000000eb18aa58,0x00000000eb900000)
  to   space 24064K, 0% used [0x00000000e8b00000,0x00000000e8b00000,0x00000000ea280000)
 ParOldGen       total 102912K, used 43724K [0x00000000a0000000, 0x00000000a6480000, 0x00000000e0000000)
  object space 102912K, 42% used [0x00000000a0000000,0x00000000a2ab3190,0x00000000a6480000)
 Metaspace       used 57484K, capacity 58976K, committed 59136K, reserved 1099776K
  class space    used 7805K, capacity 8151K, committed 8192K, reserved 1048576K
}
Event: 35.505 GC heap before
{Heap before GC invocations=17 (full 3):
 PSYoungGen      total 165376K, used 15402K [0x00000000e0000000, 0x00000000ecd00000, 0x0000000100000000)
  eden space 142336K, 0% used [0x00000000e0000000,0x00000000e0000000,0x00000000e8b00000)
  from space 23040K, 66% used [0x00000000ea280000,0x00000000eb18aa58,0x00000000eb900000)
  to   space 24064K, 0% used [0x00000000e8b00000,0x00000000e8b00000,0x00000000ea280000)
 ParOldGen       total 102912K, used 43724K [0x00000000a0000000, 0x00000000a6480000, 0x00000000e0000000)
  object space 102912K, 42% used [0x00000000a0000000,0x00000000a2ab3190,0x00000000a6480000)
 Metaspace       used 57484K, capacity 58976K, committed 59136K, reserved 1099776K
  class space    used 7805K, capacity 8151K, committed 8192K, reserved 1048576K
Event: 36.030 GC heap after
Heap after GC invocations=17 (full 3):
 PSYoungGen      total 165376K, used 0K [0x00000000e0000000, 0x00000000ecd00000, 0x0000000100000000)
  eden space 142336K, 0% used [0x00000000e0000000,0x00000000e0000000,0x00000000e8b00000)
  from space 23040K, 0% used [0x00000000ea280000,0x00000000ea280000,0x00000000eb900000)
  to   space 24064K, 0% used [0x00000000e8b00000,0x00000000e8b00000,0x00000000ea280000)
 ParOldGen       total 158720K, used 48501K [0x00000000a0000000, 0x00000000a9b00000, 0x00000000e0000000)
  object space 158720K, 30% used [0x00000000a0000000,0x00000000a2f5d498,0x00000000a9b00000)
 Metaspace       used 57484K, capacity 58976K, committed 59136K, reserved 1099776K
  class space    used 7805K, capacity 8151K, committed 8192K, reserved 1048576K
}
Event: 39.431 GC heap before
{Heap before GC invocations=18 (full 3):
 PSYoungGen      total 165376K, used 142336K [0x00000000e0000000, 0x00000000ecd00000, 0x0000000100000000)
  eden space 142336K, 100% used [0x00000000e0000000,0x00000000e8b00000,0x00000000e8b00000)
  from space 23040K, 0% used [0x00000000ea280000,0x00000000ea280000,0x00000000eb900000)
  to   space 24064K, 0% used [0x00000000e8b00000,0x00000000e8b00000,0x00000000ea280000)
 ParOldGen       total 158720K, used 48501K [0x00000000a0000000, 0x00000000a9b00000, 0x00000000e0000000)
  object space 158720K, 30% used [0x00000000a0000000,0x00000000a2f5d498,0x00000000a9b00000)
 Metaspace       used 63873K, capacity 65406K, committed 65664K, reserved 1105920K
  class space    used 8432K, capacity 8800K, committed 8832K, reserved 1048576K
Event: 39.521 GC heap after
Heap after GC invocations=18 (full 3):
 PSYoungGen      total 166400K, used 22078K [0x00000000e0000000, 0x00000000eef80000, 0x0000000100000000)
  eden space 142336K, 0% used [0x00000000e0000000,0x00000000e0000000,0x00000000e8b00000)
  from space 24064K, 91% used [0x00000000e8b00000,0x00000000ea08f978,0x00000000ea280000)
  to   space 26624K, 0% used [0x00000000ed580000,0x00000000ed580000,0x00000000eef80000)
 ParOldGen       total 158720K, used 48501K [0x00000000a0000000, 0x00000000a9b00000, 0x00000000e0000000)
  object space 158720K, 30% used [0x00000000a0000000,0x00000000a2f5d498,0x00000000a9b00000)
 Metaspace       used 63873K, capacity 65406K, committed 65664K, reserved 1105920K
  class space    used 8432K, capacity 8800K, committed 8832K, reserved 1048576K
}

