# JRE version: Java(TM) SE Runtime Environment (8.0_131-b11) (build 1.8.0_131-b11)
# Java VM: Java HotSpot(TM) 64-Bit Server VM (25.131-b11 mixed mode windows-amd64 compressed oops)
Heap:
 PSYoungGen      total 140288K, used 15200K [0x00000000e0000000, 0x00000000ea480000, 0x0000000100000000)
  eden space 125440K, 12% used [0x00000000e0000000,0x00000000e0ed8060,0x00000000e7a80000)
  from space 14848K, 0% used [0x00000000e7a80000,0x00000000e7a80000,0x00000000e8900000)
  to   space 21504K, 0% used [0x00000000e8f80000,0x00000000e8f80000,0x00000000ea480000)
 ParOldGen       total 88064K, used 41330K [0x00000000a0000000, 0x00000000a5600000, 0x00000000e0000000)
  object space 88064K, 46% used [0x00000000a0000000,0x00000000a285cbb8,0x00000000a5600000)
 Metaspace       used 52083K, capacity 54260K, committed 54400K, reserved 1095680K
  class space    used 7259K, capacity 7739K, committed 7808K, reserved 1048576K
GC Heap History (10 events):
Event: 18.527 GC heap before
{Heap before GC invocations=12 (full 2):
 PSYoungGen      total 102400K, used 7176K [0x00000000e0000000, 0x00000000e7c00000, 0x0000000100000000)
  eden space 91136K, 0% used [0x00000000e0000000,0x00000000e0000000,0x00000000e5900000)
  from space 11264K, 63% used [0x00000000e6400000,0x00000000e6b02238,0x00000000e6f00000)
  to   space 11264K, 0% used [0x00000000e5900000,0x00000000e5900000,0x00000000e6400000)
 ParOldGen       total 71680K, used 12897K [0x00000000a0000000, 0x00000000a4600000, 0x00000000e0000000)
  object space 71680K, 17% used [0x00000000a0000000,0x00000000a0c98540,0x00000000a4600000)
 Metaspace       used 34494K, capacity 35300K, committed 35456K, reserved 1079296K
  class space    used 4735K, capacity 4958K, committed 4992K, reserved 1048576K
Event: 18.665 GC heap after
Heap after GC invocations=12 (full 2):
 PSYoungGen      total 102400K, used 0K [0x00000000e0000000, 0x00000000e7c00000, 0x0000000100000000)
  eden space 91136K, 0% used [0x00000000e0000000,0x00000000e0000000,0x00000000e5900000)
  from space 11264K, 0% used [0x00000000e6400000,0x00000000e6400000,0x00000000e6f00000)
  to   space 11264K, 0% used [0x00000000e5900000,0x00000000e5900000,0x00000000e6400000)
 ParOldGen       total 88064K, used 15214K [0x00000000a0000000, 0x00000000a5600000, 0x00000000e0000000)
  object space 88064K, 17% used [0x00000000a0000000,0x00000000a0edb978,0x00000000a5600000)
 Metaspace       used 34494K, capacity 35300K, committed 35456K, reserved 1079296K
  class space    used 4735K, capacity 4958K, committed 4992K, reserved 1048576K
}
Event: 22.407 GC heap before
{Heap before GC invocations=13 (full 2):
 PSYoungGen      total 102400K, used 91136K [0x00000000e0000000, 0x00000000e7c00000, 0x0000000100000000)
  eden space 91136K, 100% used [0x00000000e0000000,0x00000000e5900000,0x00000000e5900000)
  from space 11264K, 0% used [0x00000000e6400000,0x00000000e6400000,0x00000000e6f00000)
  to   space 11264K, 0% used [0x00000000e5900000,0x00000000e5900000,0x00000000e6400000)
 ParOldGen       total 88064K, used 15214K [0x00000000a0000000, 0x00000000a5600000, 0x00000000e0000000)
  object space 88064K, 17% used [0x00000000a0000000,0x00000000a0edb978,0x00000000a5600000)
 Metaspace       used 43448K, capacity 44522K, committed 44672K, reserved 1087488K
  class space    used 5919K, capacity 6208K, committed 6272K, reserved 1048576K
Event: 22.421 GC heap after
Heap after GC invocations=13 (full 2):
 PSYoungGen      total 102400K, used 10185K [0x00000000e0000000, 0x00000000e9580000, 0x0000000100000000)
  eden space 91136K, 0% used [0x00000000e0000000,0x00000000e0000000,0x00000000e5900000)
  from space 11264K, 90% used [0x00000000e5900000,0x00000000e62f24e0,0x00000000e6400000)
  to   space 12288K, 0% used [0x00000000e8980000,0x00000000e8980000,0x00000000e9580000)
 ParOldGen       total 88064K, used 15286K [0x00000000a0000000, 0x00000000a5600000, 0x00000000e0000000)
  object space 88064K, 17% used [0x00000000a0000000,0x00000000a0eed988,0x00000000a5600000)
 Metaspace       used 43448K, capacity 44522K, committed 44672K, reserved 1087488K
  class space    used 5919K, capacity 6208K, committed 6272K, reserved 1048576K
}
Event: 27.500 GC heap before
{Heap before GC invocations=14 (full 2):
 PSYoungGen      total 102400K, used 101321K [0x00000000e0000000, 0x00000000e9580000, 0x0000000100000000)
  eden space 91136K, 100% used [0x00000000e0000000,0x00000000e5900000,0x00000000e5900000)
  from space 11264K, 90% used [0x00000000e5900000,0x00000000e62f24e0,0x00000000e6400000)
  to   space 12288K, 0% used [0x00000000e8980000,0x00000000e8980000,0x00000000e9580000)
 ParOldGen       total 88064K, used 15286K [0x00000000a0000000, 0x00000000a5600000, 0x00000000e0000000)
  object space 88064K, 17% used [0x00000000a0000000,0x00000000a0eed988,0x00000000a5600000)
 Metaspace       used 48490K, capacity 49988K, committed 50304K, reserved 1093632K
  class space    used 6615K, capacity 6947K, committed 7040K, reserved 1048576K
Event: 27.516 GC heap after
Heap after GC invocations=14 (full 2):
 PSYoungGen      total 137728K, used 12276K [0x00000000e0000000, 0x00000000e9780000, 0x0000000100000000)
  eden space 125440K, 0% used [0x00000000e0000000,0x00000000e0000000,0x00000000e7a80000)
  from space 12288K, 99% used [0x00000000e8980000,0x00000000e957d120,0x00000000e9580000)
  to   space 14848K, 0% used [0x00000000e7a80000,0x00000000e7a80000,0x00000000e8900000)
 ParOldGen       total 88064K, used 19130K [0x00000000a0000000, 0x00000000a5600000, 0x00000000e0000000)
  object space 88064K, 21% used [0x00000000a0000000,0x00000000a12aeb98,0x00000000a5600000)
 Metaspace       used 48490K, capacity 49988K, committed 50304K, reserved 1093632K
  class space    used 6615K, capacity 6947K, committed 7040K, reserved 1048576K
}
Event: 31.693 GC heap before
{Heap before GC invocations=15 (full 2):
 PSYoungGen      total 137728K, used 125700K [0x00000000e0000000, 0x00000000e9780000, 0x0000000100000000)
  eden space 125440K, 90% used [0x00000000e0000000,0x00000000e6ec41b8,0x00000000e7a80000)
  from space 12288K, 99% used [0x00000000e8980000,0x00000000e957d120,0x00000000e9580000)
  to   space 14848K, 0% used [0x00000000e7a80000,0x00000000e7a80000,0x00000000e8900000)
 ParOldGen       total 88064K, used 19130K [0x00000000a0000000, 0x00000000a5600000, 0x00000000e0000000)
  object space 88064K, 21% used [0x00000000a0000000,0x00000000a12aeb98,0x00000000a5600000)
 Metaspace       used 51931K, capacity 53884K, committed 54144K, reserved 1095680K
  class space    used 7239K, capacity 7715K, committed 7808K, reserved 1048576K
Event: 31.757 GC heap after
Heap after GC invocations=15 (full 2):
 PSYoungGen      total 140288K, used 14828K [0x00000000e0000000, 0x00000000ea480000, 0x0000000100000000)
  eden space 125440K, 0% used [0x00000000e0000000,0x00000000e0000000,0x00000000e7a80000)
  from space 14848K, 99% used [0x00000000e7a80000,0x00000000e88fb380,0x00000000e8900000)
  to   space 21504K, 0% used [0x00000000e8f80000,0x00000000e8f80000,0x00000000ea480000)
 ParOldGen       total 88064K, used 30993K [0x00000000a0000000, 0x00000000a5600000, 0x00000000e0000000)
  object space 88064K, 35% used [0x00000000a0000000,0x00000000a1e44790,0x00000000a5600000)
 Metaspace       used 51931K, capacity 53884K, committed 54144K, reserved 1095680K
  class space    used 7239K, capacity 7715K, committed 7808K, reserved 1048576K
}
Event: 31.757 GC heap before
{Heap before GC invocations=16 (full 3):
 PSYoungGen      total 140288K, used 14828K [0x00000000e0000000, 0x00000000ea480000, 0x0000000100000000)
  eden space 125440K, 0% used [0x00000000e0000000,0x00000000e0000000,0x00000000e7a80000)
  from space 14848K, 99% used [0x00000000e7a80000,0x00000000e88fb380,0x00000000e8900000)
  to   space 21504K, 0% used [0x00000000e8f80000,0x00000000e8f80000,0x00000000ea480000)
 ParOldGen       total 88064K, used 30993K [0x00000000a0000000, 0x00000000a5600000, 0x00000000e0000000)
  object space 88064K, 35% used [0x00000000a0000000,0x00000000a1e44790,0x00000000a5600000)
 Metaspace       used 51931K, capacity 53884K, committed 54144K, reserved 1095680K
  class space    used 7239K, capacity 7715K, committed 7808K, reserved 1048576K
Event: 32.191 GC heap after
Heap after GC invocations=16 (full 3):
 PSYoungGen      total 140288K, used 0K [0x00000000e0000000, 0x00000000ea480000, 0x0000000100000000)
  eden space 125440K, 0% used [0x00000000e0000000,0x00000000e0000000,0x00000000e7a80000)
  from space 14848K, 0% used [0x00000000e7a80000,0x00000000e7a80000,0x00000000e8900000)
  to   space 21504K, 0% used [0x00000000e8f80000,0x00000000e8f80000,0x00000000ea480000)
 ParOldGen       total 88064K, used 41330K [0x00000000a0000000, 0x00000000a5600000, 0x00000000e0000000)
  object space 88064K, 46% used [0x00000000a0000000,0x00000000a285cbb8,0x00000000a5600000)
 Metaspace       used 51931K, capacity 53884K, committed 54144K, reserved 1095680K
  class space    used 7239K, capacity 7715K, committed 7808K, reserved 1048576K
}

