# JRE version: Java(TM) SE Runtime Environment (8.0_131-b11) (build 1.8.0_131-b11)
# Java VM: Java HotSpot(TM) 64-Bit Server VM (25.131-b11 mixed mode windows-amd64 compressed oops)
Heap:
 PSYoungGen      total 293376K, used 116424K [0x00000000e0000000, 0x0000000100000000, 0x0000000100000000)
  eden space 175104K, 66% used [0x00000000e0000000,0x00000000e71b2070,0x00000000eab00000)
  from space 118272K, 0% used [0x00000000f8c80000,0x00000000f8c80000,0x0000000100000000)
  to   space 174592K, 0% used [0x00000000eab00000,0x00000000eab00000,0x00000000f5580000)
 ParOldGen       total 274944K, used 201190K [0x00000000a0000000, 0x00000000b0c80000, 0x00000000e0000000)
  object space 274944K, 73% used [0x00000000a0000000,0x00000000ac479ab8,0x00000000b0c80000)
 Metaspace       used 62141K, capacity 63676K, committed 64216K, reserved 1103872K
  class space    used 8429K, capacity 8793K, committed 8920K, reserved 1048576K
GC Heap History (10 events):
Event: 29.879 GC heap before
{Heap before GC invocations=32 (full 6):
 PSYoungGen      total 293376K, used 175104K [0x00000000e0000000, 0x0000000100000000, 0x0000000100000000)
  eden space 175104K, 100% used [0x00000000e0000000,0x00000000eab00000,0x00000000eab00000)
  from space 118272K, 0% used [0x00000000f8c80000,0x00000000f8c80000,0x0000000100000000)
  to   space 174592K, 0% used [0x00000000eab00000,0x00000000eab00000,0x00000000f5580000)
 ParOldGen       total 274944K, used 236736K [0x00000000a0000000, 0x00000000b0c80000, 0x00000000e0000000)
  object space 274944K, 86% used [0x00000000a0000000,0x00000000ae7300e8,0x00000000b0c80000)
 Metaspace       used 60421K, capacity 62044K, committed 62552K, reserved 1103872K
  class space    used 8331K, capacity 8697K, committed 8792K, reserved 1048576K
Event: 30.575 GC heap after
Heap after GC invocations=32 (full 6):
 PSYoungGen      total 293376K, used 0K [0x00000000e0000000, 0x0000000100000000, 0x0000000100000000)
  eden space 175104K, 0% used [0x00000000e0000000,0x00000000e0000000,0x00000000eab00000)
  from space 118272K, 0% used [0x00000000f8c80000,0x00000000f8c80000,0x0000000100000000)
  to   space 174592K, 0% used [0x00000000eab00000,0x00000000eab00000,0x00000000f5580000)
 ParOldGen       total 274944K, used 239129K [0x00000000a0000000, 0x00000000b0c80000, 0x00000000e0000000)
  object space 274944K, 86% used [0x00000000a0000000,0x00000000ae986658,0x00000000b0c80000)
 Metaspace       used 60421K, capacity 62044K, committed 62552K, reserved 1103872K
  class space    used 8331K, capacity 8697K, committed 8792K, reserved 1048576K
}
Event: 30.997 GC heap before
{Heap before GC invocations=33 (full 7):
 PSYoungGen      total 293376K, used 175104K [0x00000000e0000000, 0x0000000100000000, 0x0000000100000000)
  eden space 175104K, 100% used [0x00000000e0000000,0x00000000eab00000,0x00000000eab00000)
  from space 118272K, 0% used [0x00000000f8c80000,0x00000000f8c80000,0x0000000100000000)
  to   space 174592K, 0% used [0x00000000eab00000,0x00000000eab00000,0x00000000f5580000)
 ParOldGen       total 274944K, used 239129K [0x00000000a0000000, 0x00000000b0c80000, 0x00000000e0000000)
  object space 274944K, 86% used [0x00000000a0000000,0x00000000ae986658,0x00000000b0c80000)
 Metaspace       used 60428K, capacity 62044K, committed 62552K, reserved 1103872K
  class space    used 8331K, capacity 8697K, committed 8792K, reserved 1048576K
Event: 31.909 GC heap after
Heap after GC invocations=33 (full 7):
 PSYoungGen      total 293376K, used 0K [0x00000000e0000000, 0x0000000100000000, 0x0000000100000000)
  eden space 175104K, 0% used [0x00000000e0000000,0x00000000e0000000,0x00000000eab00000)
  from space 118272K, 0% used [0x00000000f8c80000,0x00000000f8c80000,0x0000000100000000)
  to   space 174592K, 0% used [0x00000000eab00000,0x00000000eab00000,0x00000000f5580000)
 ParOldGen       total 274944K, used 241225K [0x00000000a0000000, 0x00000000b0c80000, 0x00000000e0000000)
  object space 274944K, 87% used [0x00000000a0000000,0x00000000aeb92428,0x00000000b0c80000)
 Metaspace       used 60428K, capacity 62044K, committed 62552K, reserved 1103872K
  class space    used 8331K, capacity 8697K, committed 8792K, reserved 1048576K
}
Event: 32.623 GC heap before
{Heap before GC invocations=34 (full 8):
 PSYoungGen      total 293376K, used 175104K [0x00000000e0000000, 0x0000000100000000, 0x0000000100000000)
  eden space 175104K, 100% used [0x00000000e0000000,0x00000000eab00000,0x00000000eab00000)
  from space 118272K, 0% used [0x00000000f8c80000,0x00000000f8c80000,0x0000000100000000)
  to   space 174592K, 0% used [0x00000000eab00000,0x00000000eab00000,0x00000000f5580000)
 ParOldGen       total 274944K, used 241225K [0x00000000a0000000, 0x00000000b0c80000, 0x00000000e0000000)
  object space 274944K, 87% used [0x00000000a0000000,0x00000000aeb92428,0x00000000b0c80000)
 Metaspace       used 61339K, capacity 62940K, committed 63320K, reserved 1103872K
  class space    used 8394K, capacity 8761K, committed 8792K, reserved 1048576K
Event: 33.485 GC heap after
Heap after GC invocations=34 (full 8):
 PSYoungGen      total 293376K, used 0K [0x00000000e0000000, 0x0000000100000000, 0x0000000100000000)
  eden space 175104K, 0% used [0x00000000e0000000,0x00000000e0000000,0x00000000eab00000)
  from space 118272K, 0% used [0x00000000f8c80000,0x00000000f8c80000,0x0000000100000000)
  to   space 174592K, 0% used [0x00000000eab00000,0x00000000eab00000,0x00000000f5580000)
 ParOldGen       total 274944K, used 235122K [0x00000000a0000000, 0x00000000b0c80000, 0x00000000e0000000)
  object space 274944K, 85% used [0x00000000a0000000,0x00000000ae59c958,0x00000000b0c80000)
 Metaspace       used 61339K, capacity 62940K, committed 63320K, reserved 1103872K
  class space    used 8394K, capacity 8761K, committed 8792K, reserved 1048576K
}
Event: 33.860 GC heap before
{Heap before GC invocations=35 (full 9):
 PSYoungGen      total 293376K, used 175104K [0x00000000e0000000, 0x0000000100000000, 0x0000000100000000)
  eden space 175104K, 100% used [0x00000000e0000000,0x00000000eab00000,0x00000000eab00000)
  from space 118272K, 0% used [0x00000000f8c80000,0x00000000f8c80000,0x0000000100000000)
  to   space 174592K, 0% used [0x00000000eab00000,0x00000000eab00000,0x00000000f5580000)
 ParOldGen       total 274944K, used 235122K [0x00000000a0000000, 0x00000000b0c80000, 0x00000000e0000000)
  object space 274944K, 85% used [0x00000000a0000000,0x00000000ae59c958,0x00000000b0c80000)
 Metaspace       used 61351K, capacity 62940K, committed 63320K, reserved 1103872K
  class space    used 8395K, capacity 8761K, committed 8792K, reserved 1048576K
Event: 34.670 GC heap after
Heap after GC invocations=35 (full 9):
 PSYoungGen      total 293376K, used 0K [0x00000000e0000000, 0x0000000100000000, 0x0000000100000000)
  eden space 175104K, 0% used [0x00000000e0000000,0x00000000e0000000,0x00000000eab00000)
  from space 118272K, 0% used [0x00000000f8c80000,0x00000000f8c80000,0x0000000100000000)
  to   space 174592K, 0% used [0x00000000eab00000,0x00000000eab00000,0x00000000f5580000)
 ParOldGen       total 274944K, used 221007K [0x00000000a0000000, 0x00000000b0c80000, 0x00000000e0000000)
  object space 274944K, 80% used [0x00000000a0000000,0x00000000ad7d3e28,0x00000000b0c80000)
 Metaspace       used 61351K, capacity 62940K, committed 63320K, reserved 1103872K
  class space    used 8395K, capacity 8761K, committed 8792K, reserved 1048576K
}
Event: 36.073 GC heap before
{Heap before GC invocations=36 (full 10):
 PSYoungGen      total 293376K, used 175104K [0x00000000e0000000, 0x0000000100000000, 0x0000000100000000)
  eden space 175104K, 100% used [0x00000000e0000000,0x00000000eab00000,0x00000000eab00000)
  from space 118272K, 0% used [0x00000000f8c80000,0x00000000f8c80000,0x0000000100000000)
  to   space 174592K, 0% used [0x00000000eab00000,0x00000000eab00000,0x00000000f5580000)
 ParOldGen       total 274944K, used 221007K [0x00000000a0000000, 0x00000000b0c80000, 0x00000000e0000000)
  object space 274944K, 80% used [0x00000000a0000000,0x00000000ad7d3e28,0x00000000b0c80000)
 Metaspace       used 62054K, capacity 63612K, committed 63960K, reserved 1103872K
  class space    used 8428K, capacity 8793K, committed 8920K, reserved 1048576K
Event: 37.014 GC heap after
Heap after GC invocations=36 (full 10):
 PSYoungGen      total 293376K, used 0K [0x00000000e0000000, 0x0000000100000000, 0x0000000100000000)
  eden space 175104K, 0% used [0x00000000e0000000,0x00000000e0000000,0x00000000eab00000)
  from space 118272K, 0% used [0x00000000f8c80000,0x00000000f8c80000,0x0000000100000000)
  to   space 174592K, 0% used [0x00000000eab00000,0x00000000eab00000,0x00000000f5580000)
 ParOldGen       total 274944K, used 201190K [0x00000000a0000000, 0x00000000b0c80000, 0x00000000e0000000)
  object space 274944K, 73% used [0x00000000a0000000,0x00000000ac479ab8,0x00000000b0c80000)
 Metaspace       used 62054K, capacity 63612K, committed 63960K, reserved 1103872K
  class space    used 8428K, capacity 8793K, committed 8920K, reserved 1048576K
}

