# JRE version: Java(TM) SE Runtime Environment (8.0_131-b11) (build 1.8.0_131-b11)
# Java VM: Java HotSpot(TM) 64-Bit Server VM (25.131-b11 mixed mode windows-amd64 compressed oops)
Heap:
 PSYoungGen      total 351232K, used 196277K [0x00000000e0000000, 0x00000000ff000000, 0x0000000100000000)
  eden space 187392K, 74% used [0x00000000e0000000,0x00000000e88c5770,0x00000000eb700000)
  from space 163840K, 34% used [0x00000000f4f80000,0x00000000f8668020,0x00000000fef80000)
  to   space 156160K, 0% used [0x00000000eb700000,0x00000000eb700000,0x00000000f4f80000)
 ParOldGen       total 774656K, used 533569K [0x00000000a0000000, 0x00000000cf480000, 0x00000000e0000000)
  object space 774656K, 68% used [0x00000000a0000000,0x00000000c09107c0,0x00000000cf480000)
 Metaspace       used 69134K, capacity 71250K, committed 71296K, reserved 1112064K
  class space    used 9100K, capacity 9570K, committed 9600K, reserved 1048576K
GC Heap History (10 events):
Event: 200.706 GC heap before
{Heap before GC invocations=104 (full 9):
 PSYoungGen      total 349696K, used 228704K [0x00000000e0000000, 0x0000000100000000, 0x0000000100000000)
  eden space 175104K, 100% used [0x00000000e0000000,0x00000000eab00000,0x00000000eab00000)
  from space 174592K, 30% used [0x00000000f5580000,0x00000000f89d8000,0x0000000100000000)
  to   space 174592K, 0% used [0x00000000eab00000,0x00000000eab00000,0x00000000f5580000)
 ParOldGen       total 706560K, used 556966K [0x00000000a0000000, 0x00000000cb200000, 0x00000000e0000000)
  object space 706560K, 78% used [0x00000000a0000000,0x00000000c1fe98a8,0x00000000cb200000)
 Metaspace       used 69053K, capacity 71186K, committed 71296K, reserved 1112064K
  class space    used 9089K, capacity 9570K, committed 9600K, reserved 1048576K
Event: 200.850 GC heap after
Heap after GC invocations=104 (full 9):
 PSYoungGen      total 349696K, used 59129K [0x00000000e0000000, 0x0000000100000000, 0x0000000100000000)
  eden space 175104K, 0% used [0x00000000e0000000,0x00000000e0000000,0x00000000eab00000)
  from space 174592K, 33% used [0x00000000eab00000,0x00000000ee4be510,0x00000000f5580000)
  to   space 174592K, 0% used [0x00000000f5580000,0x00000000f5580000,0x0000000100000000)
 ParOldGen       total 706560K, used 609934K [0x00000000a0000000, 0x00000000cb200000, 0x00000000e0000000)
  object space 706560K, 86% used [0x00000000a0000000,0x00000000c53a38a8,0x00000000cb200000)
 Metaspace       used 69053K, capacity 71186K, committed 71296K, reserved 1112064K
  class space    used 9089K, capacity 9570K, committed 9600K, reserved 1048576K
}
Event: 200.991 GC heap before
{Heap before GC invocations=105 (full 9):
 PSYoungGen      total 349696K, used 234233K [0x00000000e0000000, 0x0000000100000000, 0x0000000100000000)
  eden space 175104K, 100% used [0x00000000e0000000,0x00000000eab00000,0x00000000eab00000)
  from space 174592K, 33% used [0x00000000eab00000,0x00000000ee4be510,0x00000000f5580000)
  to   space 174592K, 0% used [0x00000000f5580000,0x00000000f5580000,0x0000000100000000)
 ParOldGen       total 706560K, used 609934K [0x00000000a0000000, 0x00000000cb200000, 0x00000000e0000000)
  object space 706560K, 86% used [0x00000000a0000000,0x00000000c53a38a8,0x00000000cb200000)
 Metaspace       used 69053K, capacity 71186K, committed 71296K, reserved 1112064K
  class space    used 9089K, capacity 9570K, committed 9600K, reserved 1048576K
Event: 201.140 GC heap after
Heap after GC invocations=105 (full 9):
 PSYoungGen      total 346624K, used 58688K [0x00000000e0000000, 0x00000000ffd00000, 0x0000000100000000)
  eden space 175104K, 0% used [0x00000000e0000000,0x00000000e0000000,0x00000000eab00000)
  from space 171520K, 34% used [0x00000000f5580000,0x00000000f8ed0000,0x00000000ffd00000)
  to   space 173056K, 0% used [0x00000000eab00000,0x00000000eab00000,0x00000000f5400000)
 ParOldGen       total 706560K, used 669276K [0x00000000a0000000, 0x00000000cb200000, 0x00000000e0000000)
  object space 706560K, 94% used [0x00000000a0000000,0x00000000c8d97280,0x00000000cb200000)
 Metaspace       used 69053K, capacity 71186K, committed 71296K, reserved 1112064K
  class space    used 9089K, capacity 9570K, committed 9600K, reserved 1048576K
}
Event: 201.140 GC heap before
{Heap before GC invocations=106 (full 10):
 PSYoungGen      total 346624K, used 58688K [0x00000000e0000000, 0x00000000ffd00000, 0x0000000100000000)
  eden space 175104K, 0% used [0x00000000e0000000,0x00000000e0000000,0x00000000eab00000)
  from space 171520K, 34% used [0x00000000f5580000,0x00000000f8ed0000,0x00000000ffd00000)
  to   space 173056K, 0% used [0x00000000eab00000,0x00000000eab00000,0x00000000f5400000)
 ParOldGen       total 706560K, used 669276K [0x00000000a0000000, 0x00000000cb200000, 0x00000000e0000000)
  object space 706560K, 94% used [0x00000000a0000000,0x00000000c8d97280,0x00000000cb200000)
 Metaspace       used 69053K, capacity 71186K, committed 71296K, reserved 1112064K
  class space    used 9089K, capacity 9570K, committed 9600K, reserved 1048576K
Event: 203.444 GC heap after
Heap after GC invocations=106 (full 10):
 PSYoungGen      total 346624K, used 0K [0x00000000e0000000, 0x00000000ffd00000, 0x0000000100000000)
  eden space 175104K, 0% used [0x00000000e0000000,0x00000000e0000000,0x00000000eab00000)
  from space 171520K, 0% used [0x00000000f5580000,0x00000000f5580000,0x00000000ffd00000)
  to   space 173056K, 0% used [0x00000000eab00000,0x00000000eab00000,0x00000000f5400000)
 ParOldGen       total 774656K, used 473945K [0x00000000a0000000, 0x00000000cf480000, 0x00000000e0000000)
  object space 774656K, 61% used [0x00000000a0000000,0x00000000bced64a8,0x00000000cf480000)
 Metaspace       used 69053K, capacity 71186K, committed 71296K, reserved 1112064K
  class space    used 9089K, capacity 9570K, committed 9600K, reserved 1048576K
}
Event: 203.627 GC heap before
{Heap before GC invocations=107 (full 10):
 PSYoungGen      total 346624K, used 175104K [0x00000000e0000000, 0x00000000ffd00000, 0x0000000100000000)
  eden space 175104K, 100% used [0x00000000e0000000,0x00000000eab00000,0x00000000eab00000)
  from space 171520K, 0% used [0x00000000f5580000,0x00000000f5580000,0x00000000ffd00000)
  to   space 173056K, 0% used [0x00000000eab00000,0x00000000eab00000,0x00000000f5400000)
 ParOldGen       total 774656K, used 473945K [0x00000000a0000000, 0x00000000cf480000, 0x00000000e0000000)
  object space 774656K, 61% used [0x00000000a0000000,0x00000000bced64a8,0x00000000cf480000)
 Metaspace       used 69053K, capacity 71186K, committed 71296K, reserved 1112064K
  class space    used 9089K, capacity 9570K, committed 9600K, reserved 1048576K
Event: 203.722 GC heap after
Heap after GC invocations=107 (full 10):
 PSYoungGen      total 235008K, used 59572K [0x00000000e0000000, 0x00000000fef80000, 0x0000000100000000)
  eden space 175104K, 0% used [0x00000000e0000000,0x00000000e0000000,0x00000000eab00000)
  from space 59904K, 99% used [0x00000000eab00000,0x00000000ee52d100,0x00000000ee580000)
  to   space 163840K, 0% used [0x00000000f4f80000,0x00000000f4f80000,0x00000000fef80000)
 ParOldGen       total 774656K, used 473945K [0x00000000a0000000, 0x00000000cf480000, 0x00000000e0000000)
  object space 774656K, 61% used [0x00000000a0000000,0x00000000bced64a8,0x00000000cf480000)
 Metaspace       used 69053K, capacity 71186K, committed 71296K, reserved 1112064K
  class space    used 9089K, capacity 9570K, committed 9600K, reserved 1048576K
}
Event: 203.890 GC heap before
{Heap before GC invocations=108 (full 10):
 PSYoungGen      total 235008K, used 234676K [0x00000000e0000000, 0x00000000fef80000, 0x0000000100000000)
  eden space 175104K, 100% used [0x00000000e0000000,0x00000000eab00000,0x00000000eab00000)
  from space 59904K, 99% used [0x00000000eab00000,0x00000000ee52d100,0x00000000ee580000)
  to   space 163840K, 0% used [0x00000000f4f80000,0x00000000f4f80000,0x00000000fef80000)
 ParOldGen       total 774656K, used 473945K [0x00000000a0000000, 0x00000000cf480000, 0x00000000e0000000)
  object space 774656K, 61% used [0x00000000a0000000,0x00000000bced64a8,0x00000000cf480000)
 Metaspace       used 69054K, capacity 71186K, committed 71296K, reserved 1112064K
  class space    used 9089K, capacity 9570K, committed 9600K, reserved 1048576K
Event: 204.025 GC heap after
Heap after GC invocations=108 (full 10):
 PSYoungGen      total 351232K, used 56224K [0x00000000e0000000, 0x00000000ff000000, 0x0000000100000000)
  eden space 187392K, 0% used [0x00000000e0000000,0x00000000e0000000,0x00000000eb700000)
  from space 163840K, 34% used [0x00000000f4f80000,0x00000000f8668020,0x00000000fef80000)
  to   space 156160K, 0% used [0x00000000eb700000,0x00000000eb700000,0x00000000f4f80000)
 ParOldGen       total 774656K, used 533569K [0x00000000a0000000, 0x00000000cf480000, 0x00000000e0000000)
  object space 774656K, 68% used [0x00000000a0000000,0x00000000c09107c0,0x00000000cf480000)
 Metaspace       used 69054K, capacity 71186K, committed 71296K, reserved 1112064K
  class space    used 9089K, capacity 9570K, committed 9600K, reserved 1048576K
}

