# JRE version: Java(TM) SE Runtime Environment (8.0_131-b11) (build 1.8.0_131-b11)
# Java VM: Java HotSpot(TM) 64-Bit Server VM (25.131-b11 mixed mode windows-amd64 compressed oops)
Heap:
 PSYoungGen      total 349696K, used 101697K [0x00000000e0000000, 0x0000000100000000, 0x0000000100000000)
  eden space 175104K, 58% used [0x00000000e0000000,0x00000000e6350610,0x00000000eab00000)
  from space 174592K, 0% used [0x00000000eab00000,0x00000000eab00000,0x00000000f5580000)
  to   space 174592K, 0% used [0x00000000f5580000,0x00000000f5580000,0x0000000100000000)
 ParOldGen       total 360960K, used 37068K [0x00000000a0000000, 0x00000000b6080000, 0x00000000e0000000)
  object space 360960K, 10% used [0x00000000a0000000,0x00000000a24330d8,0x00000000b6080000)
 Metaspace       used 71137K, capacity 72882K, committed 73048K, reserved 1112064K
  class space    used 9407K, capacity 9796K, committed 9856K, reserved 1048576K
GC Heap History (10 events):
Event: 69.843 GC heap before
{Heap before GC invocations=33 (full 6):
 PSYoungGen      total 332800K, used 246090K [0x00000000e0000000, 0x0000000100000000, 0x0000000100000000)
  eden space 175104K, 99% used [0x00000000e0000000,0x00000000eaaff448,0x00000000eab00000)
  from space 157696K, 45% used [0x00000000f6600000,0x00000000fab534a0,0x0000000100000000)
  to   space 174592K, 0% used [0x00000000eab00000,0x00000000eab00000,0x00000000f5580000)
 ParOldGen       total 461312K, used 370092K [0x00000000a0000000, 0x00000000bc280000, 0x00000000e0000000)
  object space 461312K, 80% used [0x00000000a0000000,0x00000000b696b1d0,0x00000000bc280000)
 Metaspace       used 69099K, capacity 70768K, committed 71128K, reserved 1110016K
  class space    used 9209K, capacity 9601K, committed 9728K, reserved 1048576K
Event: 69.907 GC heap after
Heap after GC invocations=33 (full 6):
 PSYoungGen      total 349696K, used 23440K [0x00000000e0000000, 0x0000000100000000, 0x0000000100000000)
  eden space 175104K, 0% used [0x00000000e0000000,0x00000000e0000000,0x00000000eab00000)
  from space 174592K, 13% used [0x00000000eab00000,0x00000000ec1e4210,0x00000000f5580000)
  to   space 174592K, 0% used [0x00000000f5580000,0x00000000f5580000,0x0000000100000000)
 ParOldGen       total 461312K, used 430013K [0x00000000a0000000, 0x00000000bc280000, 0x00000000e0000000)
  object space 461312K, 93% used [0x00000000a0000000,0x00000000ba3ef5e8,0x00000000bc280000)
 Metaspace       used 69099K, capacity 70768K, committed 71128K, reserved 1110016K
  class space    used 9209K, capacity 9601K, committed 9728K, reserved 1048576K
}
Event: 69.907 GC heap before
{Heap before GC invocations=34 (full 7):
 PSYoungGen      total 349696K, used 23440K [0x00000000e0000000, 0x0000000100000000, 0x0000000100000000)
  eden space 175104K, 0% used [0x00000000e0000000,0x00000000e0000000,0x00000000eab00000)
  from space 174592K, 13% used [0x00000000eab00000,0x00000000ec1e4210,0x00000000f5580000)
  to   space 174592K, 0% used [0x00000000f5580000,0x00000000f5580000,0x0000000100000000)
 ParOldGen       total 461312K, used 430013K [0x00000000a0000000, 0x00000000bc280000, 0x00000000e0000000)
  object space 461312K, 93% used [0x00000000a0000000,0x00000000ba3ef5e8,0x00000000bc280000)
 Metaspace       used 69099K, capacity 70768K, committed 71128K, reserved 1110016K
  class space    used 9209K, capacity 9601K, committed 9728K, reserved 1048576K
Event: 70.029 GC heap after
Heap after GC invocations=34 (full 7):
 PSYoungGen      total 349696K, used 0K [0x00000000e0000000, 0x0000000100000000, 0x0000000100000000)
  eden space 175104K, 0% used [0x00000000e0000000,0x00000000e0000000,0x00000000eab00000)
  from space 174592K, 0% used [0x00000000eab00000,0x00000000eab00000,0x00000000f5580000)
  to   space 174592K, 0% used [0x00000000f5580000,0x00000000f5580000,0x0000000100000000)
 ParOldGen       total 360960K, used 75110K [0x00000000a0000000, 0x00000000b6080000, 0x00000000e0000000)
  object space 360960K, 20% used [0x00000000a0000000,0x00000000a4959a68,0x00000000b6080000)
 Metaspace       used 69099K, capacity 70768K, committed 71128K, reserved 1110016K
  class space    used 9209K, capacity 9601K, committed 9728K, reserved 1048576K
}
Event: 70.054 GC heap before
{Heap before GC invocations=35 (full 7):
 PSYoungGen      total 349696K, used 174861K [0x00000000e0000000, 0x0000000100000000, 0x0000000100000000)
  eden space 175104K, 99% used [0x00000000e0000000,0x00000000eaac37f0,0x00000000eab00000)
  from space 174592K, 0% used [0x00000000eab00000,0x00000000eab00000,0x00000000f5580000)
  to   space 174592K, 0% used [0x00000000f5580000,0x00000000f5580000,0x0000000100000000)
 ParOldGen       total 360960K, used 75110K [0x00000000a0000000, 0x00000000b6080000, 0x00000000e0000000)
  object space 360960K, 20% used [0x00000000a0000000,0x00000000a4959a68,0x00000000b6080000)
 Metaspace       used 69104K, capacity 70768K, committed 71128K, reserved 1110016K
  class space    used 9209K, capacity 9601K, committed 9728K, reserved 1048576K
Event: 70.057 GC heap after
Heap after GC invocations=35 (full 7):
 PSYoungGen      total 349696K, used 96K [0x00000000e0000000, 0x0000000100000000, 0x0000000100000000)
  eden space 175104K, 0% used [0x00000000e0000000,0x00000000e0000000,0x00000000eab00000)
  from space 174592K, 0% used [0x00000000f5580000,0x00000000f5598000,0x0000000100000000)
  to   space 174592K, 0% used [0x00000000eab00000,0x00000000eab00000,0x00000000f5580000)
 ParOldGen       total 360960K, used 75110K [0x00000000a0000000, 0x00000000b6080000, 0x00000000e0000000)
  object space 360960K, 20% used [0x00000000a0000000,0x00000000a4959a68,0x00000000b6080000)
 Metaspace       used 69104K, capacity 70768K, committed 71128K, reserved 1110016K
  class space    used 9209K, capacity 9601K, committed 9728K, reserved 1048576K
}
Event: 71.097 GC heap before
{Heap before GC invocations=36 (full 7):
 PSYoungGen      total 349696K, used 83867K [0x00000000e0000000, 0x0000000100000000, 0x0000000100000000)
  eden space 175104K, 47% used [0x00000000e0000000,0x00000000e51ceea0,0x00000000eab00000)
  from space 174592K, 0% used [0x00000000f5580000,0x00000000f5598000,0x0000000100000000)
  to   space 174592K, 0% used [0x00000000eab00000,0x00000000eab00000,0x00000000f5580000)
 ParOldGen       total 360960K, used 75110K [0x00000000a0000000, 0x00000000b6080000, 0x00000000e0000000)
  object space 360960K, 20% used [0x00000000a0000000,0x00000000a4959a68,0x00000000b6080000)
 Metaspace       used 70704K, capacity 72326K, committed 72536K, reserved 1112064K
  class space    used 9390K, capacity 9774K, committed 9856K, reserved 1048576K
Event: 71.100 GC heap after
Heap after GC invocations=36 (full 7):
 PSYoungGen      total 349696K, used 1596K [0x00000000e0000000, 0x0000000100000000, 0x0000000100000000)
  eden space 175104K, 0% used [0x00000000e0000000,0x00000000e0000000,0x00000000eab00000)
  from space 174592K, 0% used [0x00000000eab00000,0x00000000eac8f010,0x00000000f5580000)
  to   space 174592K, 0% used [0x00000000f5580000,0x00000000f5580000,0x0000000100000000)
 ParOldGen       total 360960K, used 75142K [0x00000000a0000000, 0x00000000b6080000, 0x00000000e0000000)
  object space 360960K, 20% used [0x00000000a0000000,0x00000000a4961a68,0x00000000b6080000)
 Metaspace       used 70704K, capacity 72326K, committed 72536K, reserved 1112064K
  class space    used 9390K, capacity 9774K, committed 9856K, reserved 1048576K
}
Event: 71.100 GC heap before
{Heap before GC invocations=37 (full 8):
 PSYoungGen      total 349696K, used 1596K [0x00000000e0000000, 0x0000000100000000, 0x0000000100000000)
  eden space 175104K, 0% used [0x00000000e0000000,0x00000000e0000000,0x00000000eab00000)
  from space 174592K, 0% used [0x00000000eab00000,0x00000000eac8f010,0x00000000f5580000)
  to   space 174592K, 0% used [0x00000000f5580000,0x00000000f5580000,0x0000000100000000)
 ParOldGen       total 360960K, used 75142K [0x00000000a0000000, 0x00000000b6080000, 0x00000000e0000000)
  object space 360960K, 20% used [0x00000000a0000000,0x00000000a4961a68,0x00000000b6080000)
 Metaspace       used 70704K, capacity 72326K, committed 72536K, reserved 1112064K
  class space    used 9390K, capacity 9774K, committed 9856K, reserved 1048576K
Event: 71.367 GC heap after
Heap after GC invocations=37 (full 8):
 PSYoungGen      total 349696K, used 0K [0x00000000e0000000, 0x0000000100000000, 0x0000000100000000)
  eden space 175104K, 0% used [0x00000000e0000000,0x00000000e0000000,0x00000000eab00000)
  from space 174592K, 0% used [0x00000000eab00000,0x00000000eab00000,0x00000000f5580000)
  to   space 174592K, 0% used [0x00000000f5580000,0x00000000f5580000,0x0000000100000000)
 ParOldGen       total 360960K, used 37068K [0x00000000a0000000, 0x00000000b6080000, 0x00000000e0000000)
  object space 360960K, 10% used [0x00000000a0000000,0x00000000a24330d8,0x00000000b6080000)
 Metaspace       used 70704K, capacity 72326K, committed 72536K, reserved 1112064K
  class space    used 9390K, capacity 9774K, committed 9856K, reserved 1048576K
}

