# JRE version: Java(TM) SE Runtime Environment (8.0_131-b11) (build 1.8.0_131-b11)
# Java VM: Java HotSpot(TM) 64-Bit Server VM (25.131-b11 mixed mode windows-amd64 compressed oops)
Heap:
 PSYoungGen      total 387072K, used 340076K [0x00000000e0000000, 0x0000000100000000, 0x0000000100000000)
  eden space 249856K, 81% used [0x00000000e0000000,0x00000000ec61c0e8,0x00000000ef400000)
  from space 137216K, 99% used [0x00000000ef400000,0x00000000f79ff158,0x00000000f7a00000)
  to   space 137216K, 0% used [0x00000000f7a00000,0x00000000f7a00000,0x0000000100000000)
 ParOldGen       total 399872K, used 284683K [0x00000000a0000000, 0x00000000b8680000, 0x00000000e0000000)
  object space 399872K, 71% used [0x00000000a0000000,0x00000000b1602d28,0x00000000b8680000)
 Metaspace       used 69070K, capacity 71642K, committed 72064K, reserved 1112064K
  class space    used 9449K, capacity 10052K, committed 10112K, reserved 1048576K
GC Heap History (10 events):
Event: 75.592 GC heap before
{Heap before GC invocations=31 (full 5):
 PSYoungGen      total 439296K, used 362954K [0x00000000e0000000, 0x0000000100000000, 0x0000000100000000)
  eden space 354304K, 100% used [0x00000000e0000000,0x00000000f5a00000,0x00000000f5a00000)
  from space 84992K, 10% used [0x00000000f5a00000,0x00000000f6272850,0x00000000fad00000)
  to   space 84992K, 0% used [0x00000000fad00000,0x00000000fad00000,0x0000000100000000)
 ParOldGen       total 399872K, used 239968K [0x00000000a0000000, 0x00000000b8680000, 0x00000000e0000000)
  object space 399872K, 60% used [0x00000000a0000000,0x00000000aea58010,0x00000000b8680000)
 Metaspace       used 67408K, capacity 70010K, committed 70400K, reserved 1110016K
  class space    used 9350K, capacity 9956K, committed 9984K, reserved 1048576K
Event: 75.747 GC heap after
Heap after GC invocations=31 (full 5):
 PSYoungGen      total 332800K, used 84992K [0x00000000e0000000, 0x0000000100000000, 0x0000000100000000)
  eden space 247808K, 0% used [0x00000000e0000000,0x00000000e0000000,0x00000000ef200000)
  from space 84992K, 100% used [0x00000000fad00000,0x0000000100000000,0x0000000100000000)
  to   space 138240K, 0% used [0x00000000ef200000,0x00000000ef200000,0x00000000f7900000)
 ParOldGen       total 399872K, used 253076K [0x00000000a0000000, 0x00000000b8680000, 0x00000000e0000000)
  object space 399872K, 63% used [0x00000000a0000000,0x00000000af725368,0x00000000b8680000)
 Metaspace       used 67408K, capacity 70010K, committed 70400K, reserved 1110016K
  class space    used 9350K, capacity 9956K, committed 9984K, reserved 1048576K
}
Event: 76.315 GC heap before
{Heap before GC invocations=32 (full 5):
 PSYoungGen      total 332800K, used 332800K [0x00000000e0000000, 0x0000000100000000, 0x0000000100000000)
  eden space 247808K, 100% used [0x00000000e0000000,0x00000000ef200000,0x00000000ef200000)
  from space 84992K, 100% used [0x00000000fad00000,0x0000000100000000,0x0000000100000000)
  to   space 138240K, 0% used [0x00000000ef200000,0x00000000ef200000,0x00000000f7900000)
 ParOldGen       total 399872K, used 253076K [0x00000000a0000000, 0x00000000b8680000, 0x00000000e0000000)
  object space 399872K, 63% used [0x00000000a0000000,0x00000000af725368,0x00000000b8680000)
 Metaspace       used 67432K, capacity 70010K, committed 70400K, reserved 1110016K
  class space    used 9353K, capacity 9956K, committed 9984K, reserved 1048576K
Event: 76.525 GC heap after
Heap after GC invocations=32 (full 5):
 PSYoungGen      total 386048K, used 64960K [0x00000000e0000000, 0x0000000100000000, 0x0000000100000000)
  eden space 247808K, 0% used [0x00000000e0000000,0x00000000e0000000,0x00000000ef200000)
  from space 138240K, 46% used [0x00000000ef200000,0x00000000f3170000,0x00000000f7900000)
  to   space 136192K, 0% used [0x00000000f7b00000,0x00000000f7b00000,0x0000000100000000)
 ParOldGen       total 399872K, used 338411K [0x00000000a0000000, 0x00000000b8680000, 0x00000000e0000000)
  object space 399872K, 84% used [0x00000000a0000000,0x00000000b4a7ad70,0x00000000b8680000)
 Metaspace       used 67432K, capacity 70010K, committed 70400K, reserved 1110016K
  class space    used 9353K, capacity 9956K, committed 9984K, reserved 1048576K
}
Event: 76.525 GC heap before
{Heap before GC invocations=33 (full 6):
 PSYoungGen      total 386048K, used 64960K [0x00000000e0000000, 0x0000000100000000, 0x0000000100000000)
  eden space 247808K, 0% used [0x00000000e0000000,0x00000000e0000000,0x00000000ef200000)
  from space 138240K, 46% used [0x00000000ef200000,0x00000000f3170000,0x00000000f7900000)
  to   space 136192K, 0% used [0x00000000f7b00000,0x00000000f7b00000,0x0000000100000000)
 ParOldGen       total 399872K, used 338411K [0x00000000a0000000, 0x00000000b8680000, 0x00000000e0000000)
  object space 399872K, 84% used [0x00000000a0000000,0x00000000b4a7ad70,0x00000000b8680000)
 Metaspace       used 67432K, capacity 70010K, committed 70400K, reserved 1110016K
  class space    used 9353K, capacity 9956K, committed 9984K, reserved 1048576K
Event: 77.560 GC heap after
Heap after GC invocations=33 (full 6):
 PSYoungGen      total 386048K, used 0K [0x00000000e0000000, 0x0000000100000000, 0x0000000100000000)
  eden space 247808K, 0% used [0x00000000e0000000,0x00000000e0000000,0x00000000ef200000)
  from space 138240K, 0% used [0x00000000ef200000,0x00000000ef200000,0x00000000f7900000)
  to   space 136192K, 0% used [0x00000000f7b00000,0x00000000f7b00000,0x0000000100000000)
 ParOldGen       total 399872K, used 255612K [0x00000000a0000000, 0x00000000b8680000, 0x00000000e0000000)
  object space 399872K, 63% used [0x00000000a0000000,0x00000000af99f140,0x00000000b8680000)
 Metaspace       used 67432K, capacity 70010K, committed 70400K, reserved 1110016K
  class space    used 9353K, capacity 9956K, committed 9984K, reserved 1048576K
}
Event: 78.551 GC heap before
{Heap before GC invocations=34 (full 6):
 PSYoungGen      total 386048K, used 247808K [0x00000000e0000000, 0x0000000100000000, 0x0000000100000000)
  eden space 247808K, 100% used [0x00000000e0000000,0x00000000ef200000,0x00000000ef200000)
  from space 138240K, 0% used [0x00000000ef200000,0x00000000ef200000,0x00000000f7900000)
  to   space 136192K, 0% used [0x00000000f7b00000,0x00000000f7b00000,0x0000000100000000)
 ParOldGen       total 399872K, used 255612K [0x00000000a0000000, 0x00000000b8680000, 0x00000000e0000000)
  object space 399872K, 63% used [0x00000000a0000000,0x00000000af99f140,0x00000000b8680000)
 Metaspace       used 68347K, capacity 70970K, committed 71296K, reserved 1110016K
  class space    used 9416K, capacity 10020K, committed 10112K, reserved 1048576K
Event: 78.641 GC heap after
Heap after GC invocations=34 (full 6):
 PSYoungGen      total 386048K, used 73880K [0x00000000e0000000, 0x0000000100000000, 0x0000000100000000)
  eden space 249856K, 0% used [0x00000000e0000000,0x00000000e0000000,0x00000000ef400000)
  from space 136192K, 54% used [0x00000000f7b00000,0x00000000fc3261f0,0x0000000100000000)
  to   space 137216K, 0% used [0x00000000ef400000,0x00000000ef400000,0x00000000f7a00000)
 ParOldGen       total 399872K, used 255620K [0x00000000a0000000, 0x00000000b8680000, 0x00000000e0000000)
  object space 399872K, 63% used [0x00000000a0000000,0x00000000af9a1140,0x00000000b8680000)
 Metaspace       used 68347K, capacity 70970K, committed 71296K, reserved 1110016K
  class space    used 9416K, capacity 10020K, committed 10112K, reserved 1048576K
}
Event: 79.227 GC heap before
{Heap before GC invocations=35 (full 6):
 PSYoungGen      total 386048K, used 323736K [0x00000000e0000000, 0x0000000100000000, 0x0000000100000000)
  eden space 249856K, 100% used [0x00000000e0000000,0x00000000ef400000,0x00000000ef400000)
  from space 136192K, 54% used [0x00000000f7b00000,0x00000000fc3261f0,0x0000000100000000)
  to   space 137216K, 0% used [0x00000000ef400000,0x00000000ef400000,0x00000000f7a00000)
 ParOldGen       total 399872K, used 255620K [0x00000000a0000000, 0x00000000b8680000, 0x00000000e0000000)
  object space 399872K, 63% used [0x00000000a0000000,0x00000000af9a1140,0x00000000b8680000)
 Metaspace       used 68367K, capacity 70970K, committed 71296K, reserved 1110016K
  class space    used 9416K, capacity 10020K, committed 10112K, reserved 1048576K
Event: 79.457 GC heap after
Heap after GC invocations=35 (full 6):
 PSYoungGen      total 387072K, used 137212K [0x00000000e0000000, 0x0000000100000000, 0x0000000100000000)
  eden space 249856K, 0% used [0x00000000e0000000,0x00000000e0000000,0x00000000ef400000)
  from space 137216K, 99% used [0x00000000ef400000,0x00000000f79ff158,0x00000000f7a00000)
  to   space 137216K, 0% used [0x00000000f7a00000,0x00000000f7a00000,0x0000000100000000)
 ParOldGen       total 399872K, used 284683K [0x00000000a0000000, 0x00000000b8680000, 0x00000000e0000000)
  object space 399872K, 71% used [0x00000000a0000000,0x00000000b1602d28,0x00000000b8680000)
 Metaspace       used 68367K, capacity 70970K, committed 71296K, reserved 1110016K
  class space    used 9416K, capacity 10020K, committed 10112K, reserved 1048576K
}

