# JRE version: Java(TM) SE Runtime Environment (8.0_131-b11) (build 1.8.0_131-b11)
# Java VM: Java HotSpot(TM) 64-Bit Server VM (25.131-b11 mixed mode windows-amd64 compressed oops)
Heap:
 PSYoungGen      total 355328K, used 173610K [0x00000000e0000000, 0x00000000ff600000, 0x0000000100000000)
  eden space 210944K, 45% used [0x00000000e0000000,0x00000000e5e1ab50,0x00000000ece00000)
  from space 144384K, 53% used [0x00000000f6900000,0x00000000fb470010,0x00000000ff600000)
  to   space 151552K, 0% used [0x00000000ece00000,0x00000000ece00000,0x00000000f6200000)
 ParOldGen       total 495616K, used 334672K [0x00000000a0000000, 0x00000000be400000, 0x00000000e0000000)
  object space 495616K, 67% used [0x00000000a0000000,0x00000000b46d40d0,0x00000000be400000)
 Metaspace       used 71525K, capacity 74110K, committed 74280K, reserved 1114112K
  class space    used 9687K, capacity 10272K, committed 10280K, reserved 1048576K
GC Heap History (10 events):
Event: 130.532 GC heap before
{Heap before GC invocations=34 (full 5):
 PSYoungGen      total 371200K, used 364942K [0x00000000e0000000, 0x0000000100000000, 0x0000000100000000)
  eden space 269312K, 100% used [0x00000000e0000000,0x00000000f0700000,0x00000000f0700000)
  from space 101888K, 93% used [0x00000000f9c80000,0x00000000ff9e3900,0x0000000100000000)
  to   space 127488K, 0% used [0x00000000f0700000,0x00000000f0700000,0x00000000f8380000)
 ParOldGen       total 396800K, used 229250K [0x00000000a0000000, 0x00000000b8380000, 0x00000000e0000000)
  object space 396800K, 57% used [0x00000000a0000000,0x00000000adfe09b8,0x00000000b8380000)
 Metaspace       used 69938K, capacity 72542K, committed 72744K, reserved 1112064K
  class space    used 9590K, capacity 10176K, committed 10280K, reserved 1048576K
Event: 130.784 GC heap after
Heap after GC invocations=34 (full 5):
 PSYoungGen      total 396800K, used 127488K [0x00000000e0000000, 0x0000000100000000, 0x0000000100000000)
  eden space 269312K, 0% used [0x00000000e0000000,0x00000000e0000000,0x00000000f0700000)
  from space 127488K, 100% used [0x00000000f0700000,0x00000000f8380000,0x00000000f8380000)
  to   space 127488K, 0% used [0x00000000f8380000,0x00000000f8380000,0x0000000100000000)
 ParOldGen       total 396800K, used 266586K [0x00000000a0000000, 0x00000000b8380000, 0x00000000e0000000)
  object space 396800K, 67% used [0x00000000a0000000,0x00000000b04569b8,0x00000000b8380000)
 Metaspace       used 69938K, capacity 72542K, committed 72744K, reserved 1112064K
  class space    used 9590K, capacity 10176K, committed 10280K, reserved 1048576K
}
Event: 131.884 GC heap before
{Heap before GC invocations=35 (full 5):
 PSYoungGen      total 396800K, used 396800K [0x00000000e0000000, 0x0000000100000000, 0x0000000100000000)
  eden space 269312K, 100% used [0x00000000e0000000,0x00000000f0700000,0x00000000f0700000)
  from space 127488K, 100% used [0x00000000f0700000,0x00000000f8380000,0x00000000f8380000)
  to   space 127488K, 0% used [0x00000000f8380000,0x00000000f8380000,0x0000000100000000)
 ParOldGen       total 396800K, used 266586K [0x00000000a0000000, 0x00000000b8380000, 0x00000000e0000000)
  object space 396800K, 67% used [0x00000000a0000000,0x00000000b04569b8,0x00000000b8380000)
 Metaspace       used 69947K, capacity 72542K, committed 72744K, reserved 1112064K
  class space    used 9590K, capacity 10176K, committed 10280K, reserved 1048576K
Event: 132.165 GC heap after
Heap after GC invocations=35 (full 5):
 PSYoungGen      total 334336K, used 72192K [0x00000000e0000000, 0x0000000100000000, 0x0000000100000000)
  eden space 206848K, 0% used [0x00000000e0000000,0x00000000e0000000,0x00000000eca00000)
  from space 127488K, 56% used [0x00000000f8380000,0x00000000fca00000,0x0000000100000000)
  to   space 158720K, 0% used [0x00000000eca00000,0x00000000eca00000,0x00000000f6500000)
 ParOldGen       total 396800K, used 394218K [0x00000000a0000000, 0x00000000b8380000, 0x00000000e0000000)
  object space 396800K, 99% used [0x00000000a0000000,0x00000000b80fa9d8,0x00000000b8380000)
 Metaspace       used 69947K, capacity 72542K, committed 72744K, reserved 1112064K
  class space    used 9590K, capacity 10176K, committed 10280K, reserved 1048576K
}
Event: 132.165 GC heap before
{Heap before GC invocations=36 (full 6):
 PSYoungGen      total 334336K, used 72192K [0x00000000e0000000, 0x0000000100000000, 0x0000000100000000)
  eden space 206848K, 0% used [0x00000000e0000000,0x00000000e0000000,0x00000000eca00000)
  from space 127488K, 56% used [0x00000000f8380000,0x00000000fca00000,0x0000000100000000)
  to   space 158720K, 0% used [0x00000000eca00000,0x00000000eca00000,0x00000000f6500000)
 ParOldGen       total 396800K, used 394218K [0x00000000a0000000, 0x00000000b8380000, 0x00000000e0000000)
  object space 396800K, 99% used [0x00000000a0000000,0x00000000b80fa9d8,0x00000000b8380000)
 Metaspace       used 69947K, capacity 72542K, committed 72744K, reserved 1112064K
  class space    used 9590K, capacity 10176K, committed 10280K, reserved 1048576K
Event: 133.481 GC heap after
Heap after GC invocations=36 (full 6):
 PSYoungGen      total 334336K, used 0K [0x00000000e0000000, 0x0000000100000000, 0x0000000100000000)
  eden space 206848K, 0% used [0x00000000e0000000,0x00000000e0000000,0x00000000eca00000)
  from space 127488K, 0% used [0x00000000f8380000,0x00000000f8380000,0x0000000100000000)
  to   space 158720K, 0% used [0x00000000eca00000,0x00000000eca00000,0x00000000f6500000)
 ParOldGen       total 495616K, used 260101K [0x00000000a0000000, 0x00000000be400000, 0x00000000e0000000)
  object space 495616K, 52% used [0x00000000a0000000,0x00000000afe01540,0x00000000be400000)
 Metaspace       used 69947K, capacity 72542K, committed 72744K, reserved 1112064K
  class space    used 9590K, capacity 10176K, committed 10280K, reserved 1048576K
}
Event: 134.591 GC heap before
{Heap before GC invocations=37 (full 6):
 PSYoungGen      total 334336K, used 206848K [0x00000000e0000000, 0x0000000100000000, 0x0000000100000000)
  eden space 206848K, 100% used [0x00000000e0000000,0x00000000eca00000,0x00000000eca00000)
  from space 127488K, 0% used [0x00000000f8380000,0x00000000f8380000,0x0000000100000000)
  to   space 158720K, 0% used [0x00000000eca00000,0x00000000eca00000,0x00000000f6500000)
 ParOldGen       total 495616K, used 260101K [0x00000000a0000000, 0x00000000be400000, 0x00000000e0000000)
  object space 495616K, 52% used [0x00000000a0000000,0x00000000afe01540,0x00000000be400000)
 Metaspace       used 70864K, capacity 73438K, committed 73512K, reserved 1112064K
  class space    used 9654K, capacity 10240K, committed 10280K, reserved 1048576K
Event: 134.695 GC heap after
Heap after GC invocations=37 (full 6):
 PSYoungGen      total 365568K, used 74988K [0x00000000e0000000, 0x0000000100000000, 0x0000000100000000)
  eden space 206848K, 0% used [0x00000000e0000000,0x00000000e0000000,0x00000000eca00000)
  from space 158720K, 47% used [0x00000000eca00000,0x00000000f133b3f8,0x00000000f6500000)
  to   space 154624K, 0% used [0x00000000f6900000,0x00000000f6900000,0x0000000100000000)
 ParOldGen       total 495616K, used 260109K [0x00000000a0000000, 0x00000000be400000, 0x00000000e0000000)
  object space 495616K, 52% used [0x00000000a0000000,0x00000000afe03540,0x00000000be400000)
 Metaspace       used 70864K, capacity 73438K, committed 73512K, reserved 1112064K
  class space    used 9654K, capacity 10240K, committed 10280K, reserved 1048576K
}
Event: 135.377 GC heap before
{Heap before GC invocations=38 (full 6):
 PSYoungGen      total 365568K, used 281836K [0x00000000e0000000, 0x0000000100000000, 0x0000000100000000)
  eden space 206848K, 100% used [0x00000000e0000000,0x00000000eca00000,0x00000000eca00000)
  from space 158720K, 47% used [0x00000000eca00000,0x00000000f133b3f8,0x00000000f6500000)
  to   space 154624K, 0% used [0x00000000f6900000,0x00000000f6900000,0x0000000100000000)
 ParOldGen       total 495616K, used 260109K [0x00000000a0000000, 0x00000000be400000, 0x00000000e0000000)
  object space 495616K, 52% used [0x00000000a0000000,0x00000000afe03540,0x00000000be400000)
 Metaspace       used 70869K, capacity 73438K, committed 73512K, reserved 1112064K
  class space    used 9654K, capacity 10240K, committed 10280K, reserved 1048576K
Event: 135.627 GC heap after
Heap after GC invocations=38 (full 6):
 PSYoungGen      total 355328K, used 77248K [0x00000000e0000000, 0x00000000ff600000, 0x0000000100000000)
  eden space 210944K, 0% used [0x00000000e0000000,0x00000000e0000000,0x00000000ece00000)
  from space 144384K, 53% used [0x00000000f6900000,0x00000000fb470010,0x00000000ff600000)
  to   space 151552K, 0% used [0x00000000ece00000,0x00000000ece00000,0x00000000f6200000)
 ParOldGen       total 495616K, used 334672K [0x00000000a0000000, 0x00000000be400000, 0x00000000e0000000)
  object space 495616K, 67% used [0x00000000a0000000,0x00000000b46d40d0,0x00000000be400000)
 Metaspace       used 70869K, capacity 73438K, committed 73512K, reserved 1112064K
  class space    used 9654K, capacity 10240K, committed 10280K, reserved 1048576K
}

