# JRE version: Java(TM) SE Runtime Environment (8.0_131-b11) (build 1.8.0_131-b11)
# Java VM: Java HotSpot(TM) 64-Bit Server VM (25.131-b11 mixed mode windows-amd64 compressed oops)
Heap:
 PSYoungGen      total 349696K, used 300042K [0x00000000e0000000, 0x0000000100000000, 0x0000000100000000)
  eden space 175104K, 96% used [0x00000000e0000000,0x00000000ea5109d0,0x00000000eab00000)
  from space 174592K, 75% used [0x00000000f5580000,0x00000000fd571ec8,0x0000000100000000)
  to   space 174592K, 0% used [0x00000000eab00000,0x00000000eab00000,0x00000000f5580000)
 ParOldGen       total 277504K, used 241593K [0x00000000a0000000, 0x00000000b0f00000, 0x00000000e0000000)
  object space 277504K, 87% used [0x00000000a0000000,0x00000000aebee740,0x00000000b0f00000)
 Metaspace       used 65276K, capacity 66886K, committed 67288K, reserved 1110016K
  class space    used 8750K, capacity 9114K, committed 9176K, reserved 1048576K
GC Heap History (10 events):
Event: 64.640 GC heap before
{Heap before GC invocations=59 (full 13):
 PSYoungGen      total 349696K, used 349696K [0x00000000e0000000, 0x0000000100000000, 0x0000000100000000)
  eden space 175104K, 100% used [0x00000000e0000000,0x00000000eab00000,0x00000000eab00000)
  from space 174592K, 100% used [0x00000000eab00000,0x00000000f5580000,0x00000000f5580000)
  to   space 174592K, 0% used [0x00000000f5580000,0x00000000f5580000,0x0000000100000000)
 ParOldGen       total 277504K, used 224790K [0x00000000a0000000, 0x00000000b0f00000, 0x00000000e0000000)
  object space 277504K, 81% used [0x00000000a0000000,0x00000000adb85998,0x00000000b0f00000)
 Metaspace       used 65259K, capacity 66840K, committed 67032K, reserved 1110016K
  class space    used 8749K, capacity 9117K, committed 9176K, reserved 1048576K
Event: 64.790 GC heap after
Heap after GC invocations=59 (full 13):
 PSYoungGen      total 349696K, used 171968K [0x00000000e0000000, 0x0000000100000000, 0x0000000100000000)
  eden space 175104K, 0% used [0x00000000e0000000,0x00000000e0000000,0x00000000eab00000)
  from space 174592K, 98% used [0x00000000f5580000,0x00000000ffd70000,0x0000000100000000)
  to   space 174592K, 0% used [0x00000000eab00000,0x00000000eab00000,0x00000000f5580000)
 ParOldGen       total 277504K, used 244109K [0x00000000a0000000, 0x00000000b0f00000, 0x00000000e0000000)
  object space 277504K, 87% used [0x00000000a0000000,0x00000000aee63698,0x00000000b0f00000)
 Metaspace       used 65259K, capacity 66840K, committed 67032K, reserved 1110016K
  class space    used 8749K, capacity 9117K, committed 9176K, reserved 1048576K
}
Event: 64.790 GC heap before
{Heap before GC invocations=60 (full 14):
 PSYoungGen      total 349696K, used 171968K [0x00000000e0000000, 0x0000000100000000, 0x0000000100000000)
  eden space 175104K, 0% used [0x00000000e0000000,0x00000000e0000000,0x00000000eab00000)
  from space 174592K, 98% used [0x00000000f5580000,0x00000000ffd70000,0x0000000100000000)
  to   space 174592K, 0% used [0x00000000eab00000,0x00000000eab00000,0x00000000f5580000)
 ParOldGen       total 277504K, used 244109K [0x00000000a0000000, 0x00000000b0f00000, 0x00000000e0000000)
  object space 277504K, 87% used [0x00000000a0000000,0x00000000aee63698,0x00000000b0f00000)
 Metaspace       used 65259K, capacity 66840K, committed 67032K, reserved 1110016K
  class space    used 8749K, capacity 9117K, committed 9176K, reserved 1048576K
Event: 65.735 GC heap after
Heap after GC invocations=60 (full 14):
 PSYoungGen      total 349696K, used 0K [0x00000000e0000000, 0x0000000100000000, 0x0000000100000000)
  eden space 175104K, 0% used [0x00000000e0000000,0x00000000e0000000,0x00000000eab00000)
  from space 174592K, 0% used [0x00000000f5580000,0x00000000f5580000,0x0000000100000000)
  to   space 174592K, 0% used [0x00000000eab00000,0x00000000eab00000,0x00000000f5580000)
 ParOldGen       total 277504K, used 242109K [0x00000000a0000000, 0x00000000b0f00000, 0x00000000e0000000)
  object space 277504K, 87% used [0x00000000a0000000,0x00000000aec6f448,0x00000000b0f00000)
 Metaspace       used 65251K, capacity 66822K, committed 67032K, reserved 1110016K
  class space    used 8747K, capacity 9114K, committed 9176K, reserved 1048576K
}
Event: 65.961 GC heap before
{Heap before GC invocations=61 (full 15):
 PSYoungGen      total 349696K, used 175104K [0x00000000e0000000, 0x0000000100000000, 0x0000000100000000)
  eden space 175104K, 100% used [0x00000000e0000000,0x00000000eab00000,0x00000000eab00000)
  from space 174592K, 0% used [0x00000000f5580000,0x00000000f5580000,0x0000000100000000)
  to   space 174592K, 0% used [0x00000000eab00000,0x00000000eab00000,0x00000000f5580000)
 ParOldGen       total 277504K, used 242109K [0x00000000a0000000, 0x00000000b0f00000, 0x00000000e0000000)
  object space 277504K, 87% used [0x00000000a0000000,0x00000000aec6f448,0x00000000b0f00000)
 Metaspace       used 65265K, capacity 66822K, committed 67032K, reserved 1110016K
  class space    used 8750K, capacity 9114K, committed 9176K, reserved 1048576K
Event: 66.823 GC heap after
Heap after GC invocations=61 (full 15):
 PSYoungGen      total 349696K, used 0K [0x00000000e0000000, 0x0000000100000000, 0x0000000100000000)
  eden space 175104K, 0% used [0x00000000e0000000,0x00000000e0000000,0x00000000eab00000)
  from space 174592K, 0% used [0x00000000f5580000,0x00000000f5580000,0x0000000100000000)
  to   space 174592K, 0% used [0x00000000eab00000,0x00000000eab00000,0x00000000f5580000)
 ParOldGen       total 277504K, used 241585K [0x00000000a0000000, 0x00000000b0f00000, 0x00000000e0000000)
  object space 277504K, 87% used [0x00000000a0000000,0x00000000aebec740,0x00000000b0f00000)
 Metaspace       used 65265K, capacity 66822K, committed 67032K, reserved 1110016K
  class space    used 8750K, capacity 9114K, committed 9176K, reserved 1048576K
}
Event: 67.135 GC heap before
{Heap before GC invocations=62 (full 15):
 PSYoungGen      total 349696K, used 175104K [0x00000000e0000000, 0x0000000100000000, 0x0000000100000000)
  eden space 175104K, 100% used [0x00000000e0000000,0x00000000eab00000,0x00000000eab00000)
  from space 174592K, 0% used [0x00000000f5580000,0x00000000f5580000,0x0000000100000000)
  to   space 174592K, 0% used [0x00000000eab00000,0x00000000eab00000,0x00000000f5580000)
 ParOldGen       total 277504K, used 241585K [0x00000000a0000000, 0x00000000b0f00000, 0x00000000e0000000)
  object space 277504K, 87% used [0x00000000a0000000,0x00000000aebec740,0x00000000b0f00000)
 Metaspace       used 65268K, capacity 66822K, committed 67032K, reserved 1110016K
  class space    used 8750K, capacity 9114K, committed 9176K, reserved 1048576K
Event: 67.197 GC heap after
Heap after GC invocations=62 (full 15):
 PSYoungGen      total 349696K, used 65340K [0x00000000e0000000, 0x0000000100000000, 0x0000000100000000)
  eden space 175104K, 0% used [0x00000000e0000000,0x00000000e0000000,0x00000000eab00000)
  from space 174592K, 37% used [0x00000000eab00000,0x00000000eeacf130,0x00000000f5580000)
  to   space 174592K, 0% used [0x00000000f5580000,0x00000000f5580000,0x0000000100000000)
 ParOldGen       total 277504K, used 241585K [0x00000000a0000000, 0x00000000b0f00000, 0x00000000e0000000)
  object space 277504K, 87% used [0x00000000a0000000,0x00000000aebec740,0x00000000b0f00000)
 Metaspace       used 65268K, capacity 66822K, committed 67032K, reserved 1110016K
  class space    used 8750K, capacity 9114K, committed 9176K, reserved 1048576K
}
Event: 67.442 GC heap before
{Heap before GC invocations=63 (full 15):
 PSYoungGen      total 349696K, used 240444K [0x00000000e0000000, 0x0000000100000000, 0x0000000100000000)
  eden space 175104K, 100% used [0x00000000e0000000,0x00000000eab00000,0x00000000eab00000)
  from space 174592K, 37% used [0x00000000eab00000,0x00000000eeacf130,0x00000000f5580000)
  to   space 174592K, 0% used [0x00000000f5580000,0x00000000f5580000,0x0000000100000000)
 ParOldGen       total 277504K, used 241585K [0x00000000a0000000, 0x00000000b0f00000, 0x00000000e0000000)
  object space 277504K, 87% used [0x00000000a0000000,0x00000000aebec740,0x00000000b0f00000)
 Metaspace       used 65270K, capacity 66822K, committed 67032K, reserved 1110016K
  class space    used 8750K, capacity 9114K, committed 9176K, reserved 1048576K
Event: 67.597 GC heap after
Heap after GC invocations=63 (full 15):
 PSYoungGen      total 349696K, used 131015K [0x00000000e0000000, 0x0000000100000000, 0x0000000100000000)
  eden space 175104K, 0% used [0x00000000e0000000,0x00000000e0000000,0x00000000eab00000)
  from space 174592K, 75% used [0x00000000f5580000,0x00000000fd571ec8,0x0000000100000000)
  to   space 174592K, 0% used [0x00000000eab00000,0x00000000eab00000,0x00000000f5580000)
 ParOldGen       total 277504K, used 241593K [0x00000000a0000000, 0x00000000b0f00000, 0x00000000e0000000)
  object space 277504K, 87% used [0x00000000a0000000,0x00000000aebee740,0x00000000b0f00000)
 Metaspace       used 65270K, capacity 66822K, committed 67032K, reserved 1110016K
  class space    used 8750K, capacity 9114K, committed 9176K, reserved 1048576K
}

