# JRE version: Java(TM) SE Runtime Environment (8.0_131-b11) (build 1.8.0_131-b11)
# Java VM: Java HotSpot(TM) 64-Bit Server VM (25.131-b11 mixed mode windows-amd64 compressed oops)
Heap:
 PSYoungGen      total 349696K, used 51367K [0x00000000e0000000, 0x0000000100000000, 0x0000000100000000)
  eden space 175104K, 22% used [0x00000000e0000000,0x00000000e2696230,0x00000000eab00000)
  from space 174592K, 6% used [0x00000000f5580000,0x00000000f6113d08,0x0000000100000000)
  to   space 174592K, 0% used [0x00000000eab00000,0x00000000eab00000,0x00000000f5580000)
 ParOldGen       total 915968K, used 441965K [0x00000000a0000000, 0x00000000d7e80000, 0x00000000e0000000)
  object space 915968K, 48% used [0x00000000a0000000,0x00000000baf9b538,0x00000000d7e80000)
 Metaspace       used 90460K, capacity 94720K, committed 94976K, reserved 1132544K
  class space    used 11491K, capacity 12184K, committed 12288K, reserved 1048576K
GC Heap History (10 events):
Event: 7459.650 GC heap before
{Heap before GC invocations=329 (full 26):
 PSYoungGen      total 349696K, used 58196K [0x00000000e0000000, 0x0000000100000000, 0x0000000100000000)
  eden space 175104K, 0% used [0x00000000e0000000,0x00000000e0000000,0x00000000eab00000)
  from space 174592K, 33% used [0x00000000eab00000,0x00000000ee3d5100,0x00000000f5580000)
  to   space 174592K, 0% used [0x00000000f5580000,0x00000000f5580000,0x0000000100000000)
 ParOldGen       total 850432K, used 797253K [0x00000000a0000000, 0x00000000d3e80000, 0x00000000e0000000)
  object space 850432K, 93% used [0x00000000a0000000,0x00000000d0a917e8,0x00000000d3e80000)
 Metaspace       used 90163K, capacity 94272K, committed 94336K, reserved 1132544K
  class space    used 11448K, capacity 12148K, committed 12160K, reserved 1048576K
Event: 7461.809 GC heap after
Heap after GC invocations=329 (full 26):
 PSYoungGen      total 349696K, used 0K [0x00000000e0000000, 0x0000000100000000, 0x0000000100000000)
  eden space 175104K, 0% used [0x00000000e0000000,0x00000000e0000000,0x00000000eab00000)
  from space 174592K, 0% used [0x00000000eab00000,0x00000000eab00000,0x00000000f5580000)
  to   space 174592K, 0% used [0x00000000f5580000,0x00000000f5580000,0x0000000100000000)
 ParOldGen       total 915968K, used 509960K [0x00000000a0000000, 0x00000000d7e80000, 0x00000000e0000000)
  object space 915968K, 55% used [0x00000000a0000000,0x00000000bf202300,0x00000000d7e80000)
 Metaspace       used 90163K, capacity 94272K, committed 94336K, reserved 1132544K
  class space    used 11448K, capacity 12148K, committed 12160K, reserved 1048576K
}
Event: 7462.035 GC heap before
{Heap before GC invocations=330 (full 26):
 PSYoungGen      total 349696K, used 175104K [0x00000000e0000000, 0x0000000100000000, 0x0000000100000000)
  eden space 175104K, 100% used [0x00000000e0000000,0x00000000eab00000,0x00000000eab00000)
  from space 174592K, 0% used [0x00000000eab00000,0x00000000eab00000,0x00000000f5580000)
  to   space 174592K, 0% used [0x00000000f5580000,0x00000000f5580000,0x0000000100000000)
 ParOldGen       total 915968K, used 509960K [0x00000000a0000000, 0x00000000d7e80000, 0x00000000e0000000)
  object space 915968K, 55% used [0x00000000a0000000,0x00000000bf202300,0x00000000d7e80000)
 Metaspace       used 90164K, capacity 94272K, committed 94336K, reserved 1132544K
  class space    used 11448K, capacity 12148K, committed 12160K, reserved 1048576K
Event: 7462.095 GC heap after
Heap after GC invocations=330 (full 26):
 PSYoungGen      total 349696K, used 48608K [0x00000000e0000000, 0x0000000100000000, 0x0000000100000000)
  eden space 175104K, 0% used [0x00000000e0000000,0x00000000e0000000,0x00000000eab00000)
  from space 174592K, 27% used [0x00000000f5580000,0x00000000f84f8000,0x0000000100000000)
  to   space 174592K, 0% used [0x00000000eab00000,0x00000000eab00000,0x00000000f5580000)
 ParOldGen       total 915968K, used 509960K [0x00000000a0000000, 0x00000000d7e80000, 0x00000000e0000000)
  object space 915968K, 55% used [0x00000000a0000000,0x00000000bf202300,0x00000000d7e80000)
 Metaspace       used 90164K, capacity 94272K, committed 94336K, reserved 1132544K
  class space    used 11448K, capacity 12148K, committed 12160K, reserved 1048576K
}
Event: 7473.140 GC heap before
{Heap before GC invocations=331 (full 26):
 PSYoungGen      total 349696K, used 133181K [0x00000000e0000000, 0x0000000100000000, 0x0000000100000000)
  eden space 175104K, 48% used [0x00000000e0000000,0x00000000e5297720,0x00000000eab00000)
  from space 174592K, 27% used [0x00000000f5580000,0x00000000f84f8000,0x0000000100000000)
  to   space 174592K, 0% used [0x00000000eab00000,0x00000000eab00000,0x00000000f5580000)
 ParOldGen       total 915968K, used 509960K [0x00000000a0000000, 0x00000000d7e80000, 0x00000000e0000000)
  object space 915968K, 55% used [0x00000000a0000000,0x00000000bf202300,0x00000000d7e80000)
 Metaspace       used 90244K, capacity 94354K, committed 94592K, reserved 1132544K
  class space    used 11463K, capacity 12151K, committed 12160K, reserved 1048576K
Event: 7473.210 GC heap after
Heap after GC invocations=331 (full 26):
 PSYoungGen      total 349696K, used 11904K [0x00000000e0000000, 0x0000000100000000, 0x0000000100000000)
  eden space 175104K, 0% used [0x00000000e0000000,0x00000000e0000000,0x00000000eab00000)
  from space 174592K, 6% used [0x00000000eab00000,0x00000000eb6a0010,0x00000000f5580000)
  to   space 174592K, 0% used [0x00000000f5580000,0x00000000f5580000,0x0000000100000000)
 ParOldGen       total 915968K, used 558524K [0x00000000a0000000, 0x00000000d7e80000, 0x00000000e0000000)
  object space 915968K, 60% used [0x00000000a0000000,0x00000000c216f218,0x00000000d7e80000)
 Metaspace       used 90244K, capacity 94354K, committed 94592K, reserved 1132544K
  class space    used 11463K, capacity 12151K, committed 12160K, reserved 1048576K
}
Event: 7473.210 GC heap before
{Heap before GC invocations=332 (full 27):
 PSYoungGen      total 349696K, used 11904K [0x00000000e0000000, 0x0000000100000000, 0x0000000100000000)
  eden space 175104K, 0% used [0x00000000e0000000,0x00000000e0000000,0x00000000eab00000)
  from space 174592K, 6% used [0x00000000eab00000,0x00000000eb6a0010,0x00000000f5580000)
  to   space 174592K, 0% used [0x00000000f5580000,0x00000000f5580000,0x0000000100000000)
 ParOldGen       total 915968K, used 558524K [0x00000000a0000000, 0x00000000d7e80000, 0x00000000e0000000)
  object space 915968K, 60% used [0x00000000a0000000,0x00000000c216f218,0x00000000d7e80000)
 Metaspace       used 90244K, capacity 94354K, committed 94592K, reserved 1132544K
  class space    used 11463K, capacity 12151K, committed 12160K, reserved 1048576K
Event: 7474.945 GC heap after
Heap after GC invocations=332 (full 27):
 PSYoungGen      total 349696K, used 0K [0x00000000e0000000, 0x0000000100000000, 0x0000000100000000)
  eden space 175104K, 0% used [0x00000000e0000000,0x00000000e0000000,0x00000000eab00000)
  from space 174592K, 0% used [0x00000000eab00000,0x00000000eab00000,0x00000000f5580000)
  to   space 174592K, 0% used [0x00000000f5580000,0x00000000f5580000,0x0000000100000000)
 ParOldGen       total 915968K, used 441965K [0x00000000a0000000, 0x00000000d7e80000, 0x00000000e0000000)
  object space 915968K, 48% used [0x00000000a0000000,0x00000000baf9b538,0x00000000d7e80000)
 Metaspace       used 90244K, capacity 94354K, committed 94592K, reserved 1132544K
  class space    used 11463K, capacity 12151K, committed 12160K, reserved 1048576K
}
Event: 7541.561 GC heap before
{Heap before GC invocations=333 (full 27):
 PSYoungGen      total 349696K, used 175104K [0x00000000e0000000, 0x0000000100000000, 0x0000000100000000)
  eden space 175104K, 100% used [0x00000000e0000000,0x00000000eab00000,0x00000000eab00000)
  from space 174592K, 0% used [0x00000000eab00000,0x00000000eab00000,0x00000000f5580000)
  to   space 174592K, 0% used [0x00000000f5580000,0x00000000f5580000,0x0000000100000000)
 ParOldGen       total 915968K, used 441965K [0x00000000a0000000, 0x00000000d7e80000, 0x00000000e0000000)
  object space 915968K, 48% used [0x00000000a0000000,0x00000000baf9b538,0x00000000d7e80000)
 Metaspace       used 90450K, capacity 94720K, committed 94976K, reserved 1132544K
  class space    used 11490K, capacity 12184K, committed 12288K, reserved 1048576K
Event: 7541.581 GC heap after
Heap after GC invocations=333 (full 27):
 PSYoungGen      total 349696K, used 11855K [0x00000000e0000000, 0x0000000100000000, 0x0000000100000000)
  eden space 175104K, 0% used [0x00000000e0000000,0x00000000e0000000,0x00000000eab00000)
  from space 174592K, 6% used [0x00000000f5580000,0x00000000f6113d08,0x0000000100000000)
  to   space 174592K, 0% used [0x00000000eab00000,0x00000000eab00000,0x00000000f5580000)
 ParOldGen       total 915968K, used 441965K [0x00000000a0000000, 0x00000000d7e80000, 0x00000000e0000000)
  object space 915968K, 48% used [0x00000000a0000000,0x00000000baf9b538,0x00000000d7e80000)
 Metaspace       used 90450K, capacity 94720K, committed 94976K, reserved 1132544K
  class space    used 11490K, capacity 12184K, committed 12288K, reserved 1048576K
}

