# JRE version: Java(TM) SE Runtime Environment (8.0_131-b11) (build 1.8.0_131-b11)
# Java VM: Java HotSpot(TM) 64-Bit Server VM (25.131-b11 mixed mode windows-amd64 compressed oops)
Heap:
 PSYoungGen      total 360960K, used 274132K [0x00000000e0000000, 0x0000000100000000, 0x0000000100000000)
  eden space 197632K, 56% used [0x00000000e0000000,0x00000000e6c3b3e8,0x00000000ec100000)
  from space 163328K, 99% used [0x00000000ec100000,0x00000000f6079ef0,0x00000000f6080000)
  to   space 163328K, 0% used [0x00000000f6080000,0x00000000f6080000,0x0000000100000000)
 ParOldGen       total 376832K, used 247043K [0x00000000a0000000, 0x00000000b7000000, 0x00000000e0000000)
  object space 376832K, 65% used [0x00000000a0000000,0x00000000af140d70,0x00000000b7000000)
 Metaspace       used 63744K, capacity 65310K, committed 65664K, reserved 1105920K
  class space    used 8625K, capacity 8994K, committed 9088K, reserved 1048576K
GC Heap History (10 events):
Event: 34.126 GC heap before
{Heap before GC invocations=29 (full 5):
 PSYoungGen      total 400384K, used 400384K [0x00000000e0000000, 0x0000000100000000, 0x0000000100000000)
  eden space 321536K, 100% used [0x00000000e0000000,0x00000000f3a00000,0x00000000f3a00000)
  from space 78848K, 100% used [0x00000000f3a00000,0x00000000f8700000,0x00000000f8700000)
  to   space 111104K, 0% used [0x00000000f9380000,0x00000000f9380000,0x0000000100000000)
 ParOldGen       total 376832K, used 204505K [0x00000000a0000000, 0x00000000b7000000, 0x00000000e0000000)
  object space 376832K, 54% used [0x00000000a0000000,0x00000000ac7b6530,0x00000000b7000000)
 Metaspace       used 62017K, capacity 63550K, committed 64000K, reserved 1103872K
  class space    used 8516K, capacity 8898K, committed 8960K, reserved 1048576K
Event: 34.362 GC heap after
Heap after GC invocations=29 (full 5):
 PSYoungGen      total 392704K, used 82624K [0x00000000e0000000, 0x0000000100000000, 0x0000000100000000)
  eden space 281600K, 0% used [0x00000000e0000000,0x00000000e0000000,0x00000000f1300000)
  from space 111104K, 74% used [0x00000000f9380000,0x00000000fe430000,0x0000000100000000)
  to   space 121344K, 0% used [0x00000000f1300000,0x00000000f1300000,0x00000000f8980000)
 ParOldGen       total 376832K, used 283308K [0x00000000a0000000, 0x00000000b7000000, 0x00000000e0000000)
  object space 376832K, 75% used [0x00000000a0000000,0x00000000b14ab2b0,0x00000000b7000000)
 Metaspace       used 62017K, capacity 63550K, committed 64000K, reserved 1103872K
  class space    used 8516K, capacity 8898K, committed 8960K, reserved 1048576K
}
Event: 34.970 GC heap before
{Heap before GC invocations=30 (full 5):
 PSYoungGen      total 392704K, used 364224K [0x00000000e0000000, 0x0000000100000000, 0x0000000100000000)
  eden space 281600K, 100% used [0x00000000e0000000,0x00000000f1300000,0x00000000f1300000)
  from space 111104K, 74% used [0x00000000f9380000,0x00000000fe430000,0x0000000100000000)
  to   space 121344K, 0% used [0x00000000f1300000,0x00000000f1300000,0x00000000f8980000)
 ParOldGen       total 376832K, used 283308K [0x00000000a0000000, 0x00000000b7000000, 0x00000000e0000000)
  object space 376832K, 75% used [0x00000000a0000000,0x00000000b14ab2b0,0x00000000b7000000)
 Metaspace       used 62022K, capacity 63550K, committed 64000K, reserved 1103872K
  class space    used 8516K, capacity 8898K, committed 8960K, reserved 1048576K
Event: 35.167 GC heap after
Heap after GC invocations=30 (full 5):
 PSYoungGen      total 402944K, used 121344K [0x00000000e0000000, 0x0000000100000000, 0x0000000100000000)
  eden space 281600K, 0% used [0x00000000e0000000,0x00000000e0000000,0x00000000f1300000)
  from space 121344K, 100% used [0x00000000f1300000,0x00000000f8980000,0x00000000f8980000)
  to   space 121344K, 0% used [0x00000000f8980000,0x00000000f8980000,0x0000000100000000)
 ParOldGen       total 376832K, used 318972K [0x00000000a0000000, 0x00000000b7000000, 0x00000000e0000000)
  object space 376832K, 84% used [0x00000000a0000000,0x00000000b377f2b0,0x00000000b7000000)
 Metaspace       used 62022K, capacity 63550K, committed 64000K, reserved 1103872K
  class space    used 8516K, capacity 8898K, committed 8960K, reserved 1048576K
}
Event: 35.167 GC heap before
{Heap before GC invocations=31 (full 6):
 PSYoungGen      total 402944K, used 121344K [0x00000000e0000000, 0x0000000100000000, 0x0000000100000000)
  eden space 281600K, 0% used [0x00000000e0000000,0x00000000e0000000,0x00000000f1300000)
  from space 121344K, 100% used [0x00000000f1300000,0x00000000f8980000,0x00000000f8980000)
  to   space 121344K, 0% used [0x00000000f8980000,0x00000000f8980000,0x0000000100000000)
 ParOldGen       total 376832K, used 318972K [0x00000000a0000000, 0x00000000b7000000, 0x00000000e0000000)
  object space 376832K, 84% used [0x00000000a0000000,0x00000000b377f2b0,0x00000000b7000000)
 Metaspace       used 62022K, capacity 63550K, committed 64000K, reserved 1103872K
  class space    used 8516K, capacity 8898K, committed 8960K, reserved 1048576K
Event: 36.134 GC heap after
Heap after GC invocations=31 (full 6):
 PSYoungGen      total 402944K, used 0K [0x00000000e0000000, 0x0000000100000000, 0x0000000100000000)
  eden space 281600K, 0% used [0x00000000e0000000,0x00000000e0000000,0x00000000f1300000)
  from space 121344K, 0% used [0x00000000f1300000,0x00000000f1300000,0x00000000f8980000)
  to   space 121344K, 0% used [0x00000000f8980000,0x00000000f8980000,0x0000000100000000)
 ParOldGen       total 376832K, used 241279K [0x00000000a0000000, 0x00000000b7000000, 0x00000000e0000000)
  object space 376832K, 64% used [0x00000000a0000000,0x00000000aeb9fc80,0x00000000b7000000)
 Metaspace       used 62022K, capacity 63550K, committed 64000K, reserved 1103872K
  class space    used 8516K, capacity 8898K, committed 8960K, reserved 1048576K
}
Event: 37.136 GC heap before
{Heap before GC invocations=32 (full 6):
 PSYoungGen      total 402944K, used 281600K [0x00000000e0000000, 0x0000000100000000, 0x0000000100000000)
  eden space 281600K, 100% used [0x00000000e0000000,0x00000000f1300000,0x00000000f1300000)
  from space 121344K, 0% used [0x00000000f1300000,0x00000000f1300000,0x00000000f8980000)
  to   space 121344K, 0% used [0x00000000f8980000,0x00000000f8980000,0x0000000100000000)
 ParOldGen       total 376832K, used 241279K [0x00000000a0000000, 0x00000000b7000000, 0x00000000e0000000)
  object space 376832K, 64% used [0x00000000a0000000,0x00000000aeb9fc80,0x00000000b7000000)
 Metaspace       used 62925K, capacity 64446K, committed 64896K, reserved 1105920K
  class space    used 8578K, capacity 8962K, committed 9088K, reserved 1048576K
Event: 37.253 GC heap after
Heap after GC invocations=32 (full 6):
 PSYoungGen      total 318976K, used 98882K [0x00000000e0000000, 0x0000000100000000, 0x0000000100000000)
  eden space 197632K, 0% used [0x00000000e0000000,0x00000000e0000000,0x00000000ec100000)
  from space 121344K, 81% used [0x00000000f8980000,0x00000000fea10b00,0x0000000100000000)
  to   space 163328K, 0% used [0x00000000ec100000,0x00000000ec100000,0x00000000f6080000)
 ParOldGen       total 376832K, used 241279K [0x00000000a0000000, 0x00000000b7000000, 0x00000000e0000000)
  object space 376832K, 64% used [0x00000000a0000000,0x00000000aeb9fc80,0x00000000b7000000)
 Metaspace       used 62925K, capacity 64446K, committed 64896K, reserved 1105920K
  class space    used 8578K, capacity 8962K, committed 9088K, reserved 1048576K
}
Event: 37.649 GC heap before
{Heap before GC invocations=33 (full 6):
 PSYoungGen      total 318976K, used 296514K [0x00000000e0000000, 0x0000000100000000, 0x0000000100000000)
  eden space 197632K, 100% used [0x00000000e0000000,0x00000000ec100000,0x00000000ec100000)
  from space 121344K, 81% used [0x00000000f8980000,0x00000000fea10b00,0x0000000100000000)
  to   space 163328K, 0% used [0x00000000ec100000,0x00000000ec100000,0x00000000f6080000)
 ParOldGen       total 376832K, used 241279K [0x00000000a0000000, 0x00000000b7000000, 0x00000000e0000000)
  object space 376832K, 64% used [0x00000000a0000000,0x00000000aeb9fc80,0x00000000b7000000)
 Metaspace       used 62931K, capacity 64446K, committed 64896K, reserved 1105920K
  class space    used 8578K, capacity 8962K, committed 9088K, reserved 1048576K
Event: 37.823 GC heap after
Heap after GC invocations=33 (full 6):
 PSYoungGen      total 360960K, used 163303K [0x00000000e0000000, 0x0000000100000000, 0x0000000100000000)
  eden space 197632K, 0% used [0x00000000e0000000,0x00000000e0000000,0x00000000ec100000)
  from space 163328K, 99% used [0x00000000ec100000,0x00000000f6079ef0,0x00000000f6080000)
  to   space 163328K, 0% used [0x00000000f6080000,0x00000000f6080000,0x0000000100000000)
 ParOldGen       total 376832K, used 247043K [0x00000000a0000000, 0x00000000b7000000, 0x00000000e0000000)
  object space 376832K, 65% used [0x00000000a0000000,0x00000000af140d70,0x00000000b7000000)
 Metaspace       used 62931K, capacity 64446K, committed 64896K, reserved 1105920K
  class space    used 8578K, capacity 8962K, committed 9088K, reserved 1048576K
}

