# JRE version: Java(TM) SE Runtime Environment (8.0_131-b11) (build 1.8.0_131-b11)
# Java VM: Java HotSpot(TM) 64-Bit Server VM (25.131-b11 mixed mode windows-amd64 compressed oops)
Heap:
 PSYoungGen      total 308736K, used 308704K [0x00000000e0000000, 0x00000000fb100000, 0x0000000100000000)
  eden space 199168K, 100% used [0x00000000e0000000,0x00000000ec280000,0x00000000ec280000)
  from space 109568K, 99% used [0x00000000ec280000,0x00000000f2d78018,0x00000000f2d80000)
  to   space 89600K, 0% used [0x00000000f2d80000,0x00000000f2d80000,0x00000000f8500000)
 ParOldGen       total 365056K, used 261748K [0x00000000a0000000, 0x00000000b6480000, 0x00000000e0000000)
  object space 365056K, 71% used [0x00000000a0000000,0x00000000aff9d338,0x00000000b6480000)
 Metaspace       used 62115K, capacity 63694K, committed 63960K, reserved 1103872K
  class space    used 8509K, capacity 8862K, committed 8920K, reserved 1048576K
GC Heap History (10 events):
Event: 37.132 GC heap before
{Heap before GC invocations=33 (full 5):
 PSYoungGen      total 308736K, used 308736K [0x00000000e0000000, 0x00000000fb100000, 0x0000000100000000)
  eden space 199168K, 100% used [0x00000000e0000000,0x00000000ec280000,0x00000000ec280000)
  from space 109568K, 100% used [0x00000000ec280000,0x00000000f2d80000,0x00000000f2d80000)
  to   space 89600K, 0% used [0x00000000f2d80000,0x00000000f2d80000,0x00000000f8500000)
 ParOldGen       total 365056K, used 190832K [0x00000000a0000000, 0x00000000b6480000, 0x00000000e0000000)
  object space 365056K, 52% used [0x00000000a0000000,0x00000000aba5c3d0,0x00000000b6480000)
 Metaspace       used 61161K, capacity 62670K, committed 62936K, reserved 1103872K
  class space    used 8443K, capacity 8798K, committed 8920K, reserved 1048576K
Event: 37.316 GC heap after
Heap after GC invocations=33 (full 5):
 PSYoungGen      total 288768K, used 89600K [0x00000000e0000000, 0x00000000fb100000, 0x0000000100000000)
  eden space 199168K, 0% used [0x00000000e0000000,0x00000000e0000000,0x00000000ec280000)
  from space 89600K, 100% used [0x00000000f2d80000,0x00000000f8500000,0x00000000f8500000)
  to   space 109568K, 0% used [0x00000000ec280000,0x00000000ec280000,0x00000000f2d80000)
 ParOldGen       total 365056K, used 263480K [0x00000000a0000000, 0x00000000b6480000, 0x00000000e0000000)
  object space 365056K, 72% used [0x00000000a0000000,0x00000000b014e3f0,0x00000000b6480000)
 Metaspace       used 61161K, capacity 62670K, committed 62936K, reserved 1103872K
  class space    used 8443K, capacity 8798K, committed 8920K, reserved 1048576K
}
Event: 37.774 GC heap before
{Heap before GC invocations=34 (full 5):
 PSYoungGen      total 288768K, used 288768K [0x00000000e0000000, 0x00000000fb100000, 0x0000000100000000)
  eden space 199168K, 100% used [0x00000000e0000000,0x00000000ec280000,0x00000000ec280000)
  from space 89600K, 100% used [0x00000000f2d80000,0x00000000f8500000,0x00000000f8500000)
  to   space 109568K, 0% used [0x00000000ec280000,0x00000000ec280000,0x00000000f2d80000)
 ParOldGen       total 365056K, used 263480K [0x00000000a0000000, 0x00000000b6480000, 0x00000000e0000000)
  object space 365056K, 72% used [0x00000000a0000000,0x00000000b014e3f0,0x00000000b6480000)
 Metaspace       used 61183K, capacity 62734K, committed 62936K, reserved 1103872K
  class space    used 8445K, capacity 8798K, committed 8920K, reserved 1048576K
Event: 37.924 GC heap after
Heap after GC invocations=34 (full 5):
 PSYoungGen      total 308736K, used 102176K [0x00000000e0000000, 0x00000000fb100000, 0x0000000100000000)
  eden space 199168K, 0% used [0x00000000e0000000,0x00000000e0000000,0x00000000ec280000)
  from space 109568K, 93% used [0x00000000ec280000,0x00000000f2648000,0x00000000f2d80000)
  to   space 89600K, 0% used [0x00000000f2d80000,0x00000000f2d80000,0x00000000f8500000)
 ParOldGen       total 365056K, used 304896K [0x00000000a0000000, 0x00000000b6480000, 0x00000000e0000000)
  object space 365056K, 83% used [0x00000000a0000000,0x00000000b29c03f0,0x00000000b6480000)
 Metaspace       used 61183K, capacity 62734K, committed 62936K, reserved 1103872K
  class space    used 8445K, capacity 8798K, committed 8920K, reserved 1048576K
}
Event: 37.924 GC heap before
{Heap before GC invocations=35 (full 6):
 PSYoungGen      total 308736K, used 102176K [0x00000000e0000000, 0x00000000fb100000, 0x0000000100000000)
  eden space 199168K, 0% used [0x00000000e0000000,0x00000000e0000000,0x00000000ec280000)
  from space 109568K, 93% used [0x00000000ec280000,0x00000000f2648000,0x00000000f2d80000)
  to   space 89600K, 0% used [0x00000000f2d80000,0x00000000f2d80000,0x00000000f8500000)
 ParOldGen       total 365056K, used 304896K [0x00000000a0000000, 0x00000000b6480000, 0x00000000e0000000)
  object space 365056K, 83% used [0x00000000a0000000,0x00000000b29c03f0,0x00000000b6480000)
 Metaspace       used 61183K, capacity 62734K, committed 62936K, reserved 1103872K
  class space    used 8445K, capacity 8798K, committed 8920K, reserved 1048576K
Event: 38.858 GC heap after
Heap after GC invocations=35 (full 6):
 PSYoungGen      total 308736K, used 0K [0x00000000e0000000, 0x00000000fb100000, 0x0000000100000000)
  eden space 199168K, 0% used [0x00000000e0000000,0x00000000e0000000,0x00000000ec280000)
  from space 109568K, 0% used [0x00000000ec280000,0x00000000ec280000,0x00000000f2d80000)
  to   space 89600K, 0% used [0x00000000f2d80000,0x00000000f2d80000,0x00000000f8500000)
 ParOldGen       total 365056K, used 239476K [0x00000000a0000000, 0x00000000b6480000, 0x00000000e0000000)
  object space 365056K, 65% used [0x00000000a0000000,0x00000000ae9dd048,0x00000000b6480000)
 Metaspace       used 61183K, capacity 62734K, committed 62936K, reserved 1103872K
  class space    used 8445K, capacity 8798K, committed 8920K, reserved 1048576K
}
Event: 39.528 GC heap before
{Heap before GC invocations=36 (full 6):
 PSYoungGen      total 308736K, used 199168K [0x00000000e0000000, 0x00000000fb100000, 0x0000000100000000)
  eden space 199168K, 100% used [0x00000000e0000000,0x00000000ec280000,0x00000000ec280000)
  from space 109568K, 0% used [0x00000000ec280000,0x00000000ec280000,0x00000000f2d80000)
  to   space 89600K, 0% used [0x00000000f2d80000,0x00000000f2d80000,0x00000000f8500000)
 ParOldGen       total 365056K, used 239476K [0x00000000a0000000, 0x00000000b6480000, 0x00000000e0000000)
  object space 365056K, 65% used [0x00000000a0000000,0x00000000ae9dd048,0x00000000b6480000)
 Metaspace       used 62053K, capacity 63630K, committed 63960K, reserved 1103872K
  class space    used 8508K, capacity 8862K, committed 8920K, reserved 1048576K
Event: 39.591 GC heap after
Heap after GC invocations=36 (full 6):
 PSYoungGen      total 288768K, used 58662K [0x00000000e0000000, 0x00000000fb100000, 0x0000000100000000)
  eden space 199168K, 0% used [0x00000000e0000000,0x00000000e0000000,0x00000000ec280000)
  from space 89600K, 65% used [0x00000000f2d80000,0x00000000f66c99c0,0x00000000f8500000)
  to   space 109568K, 0% used [0x00000000ec280000,0x00000000ec280000,0x00000000f2d80000)
 ParOldGen       total 365056K, used 239484K [0x00000000a0000000, 0x00000000b6480000, 0x00000000e0000000)
  object space 365056K, 65% used [0x00000000a0000000,0x00000000ae9df048,0x00000000b6480000)
 Metaspace       used 62053K, capacity 63630K, committed 63960K, reserved 1103872K
  class space    used 8508K, capacity 8862K, committed 8920K, reserved 1048576K
}
Event: 40.109 GC heap before
{Heap before GC invocations=37 (full 6):
 PSYoungGen      total 288768K, used 257830K [0x00000000e0000000, 0x00000000fb100000, 0x0000000100000000)
  eden space 199168K, 100% used [0x00000000e0000000,0x00000000ec280000,0x00000000ec280000)
  from space 89600K, 65% used [0x00000000f2d80000,0x00000000f66c99c0,0x00000000f8500000)
  to   space 109568K, 0% used [0x00000000ec280000,0x00000000ec280000,0x00000000f2d80000)
 ParOldGen       total 365056K, used 239484K [0x00000000a0000000, 0x00000000b6480000, 0x00000000e0000000)
  object space 365056K, 65% used [0x00000000a0000000,0x00000000ae9df048,0x00000000b6480000)
 Metaspace       used 62110K, capacity 63694K, committed 63960K, reserved 1103872K
  class space    used 8509K, capacity 8862K, committed 8920K, reserved 1048576K
Event: 40.247 GC heap after
Heap after GC invocations=37 (full 6):
 PSYoungGen      total 308736K, used 109536K [0x00000000e0000000, 0x00000000fb100000, 0x0000000100000000)
  eden space 199168K, 0% used [0x00000000e0000000,0x00000000e0000000,0x00000000ec280000)
  from space 109568K, 99% used [0x00000000ec280000,0x00000000f2d78018,0x00000000f2d80000)
  to   space 89600K, 0% used [0x00000000f2d80000,0x00000000f2d80000,0x00000000f8500000)
 ParOldGen       total 365056K, used 261740K [0x00000000a0000000, 0x00000000b6480000, 0x00000000e0000000)
  object space 365056K, 71% used [0x00000000a0000000,0x00000000aff9b338,0x00000000b6480000)
 Metaspace       used 62110K, capacity 63694K, committed 63960K, reserved 1103872K
  class space    used 8509K, capacity 8862K, committed 8920K, reserved 1048576K
}

